

Microchip MPLAB XC8 Assembler V2.41 build 20230208172133 
                                                                                               Mon Jan 29 11:15:11 2024

Microchip MPLAB XC8 C Compiler v2.41 (Free license) build 20230208172133 Og1 
     1                           	processor	18F4620
     2                           	fnconf	rparam,??,?,0
     3                           	pagewidth 120
     4                           	opt	flic
     5                           	psect	idataCOMRAM,global,class=CODE,delta=1,noexec
     6                           	psect	cinit,global,reloc=2,class=CODE,delta=1
     7                           	psect	dataCOMRAM,global,class=COMRAM,space=1,delta=1,lowdata,noexec
     8                           	psect	cstackCOMRAM,global,class=COMRAM,space=1,delta=1,lowdata,noexec
     9                           	psect	text0,global,reloc=2,class=CODE,delta=1
    10                           	psect	intsave_regs,global,class=BIGRAM,space=1,delta=1,noexec
    11                           	psect	rparam,global,class=COMRAM,space=1,delta=1,noexec
    12                           	psect	idloc,global,abs,ovrld,class=IDLOC,space=5,delta=1,noexec
    13                           	psect	config,global,abs,ovrld,class=CONFIG,space=4,delta=1,noexec
    14   000000                     
    15                           ; Version 2.40
    16                           ; Generated 17/11/2021 GMT
    17                           ; 
    18                           ; Copyright © 2021, Microchip Technology Inc. and its subsidiaries ("Microchip")
    19                           ; All rights reserved.
    20                           ; 
    21                           ; This software is developed by Microchip Technology Inc. and its subsidiaries ("Microch
      +                          ip").
    22                           ; 
    23                           ; Redistribution and use in source and binary forms, with or without modification, are
    24                           ; permitted provided that the following conditions are met:
    25                           ; 
    26                           ;     1. Redistributions of source code must retain the above copyright notice, this lis
      +                          t of
    27                           ;        conditions and the following disclaimer.
    28                           ; 
    29                           ;     2. Redistributions in binary form must reproduce the above copyright notice, this 
      +                          list
    30                           ;        of conditions and the following disclaimer in the documentation and/or other
    31                           ;        materials provided with the distribution. Publication is not required when
    32                           ;        this file is used in an embedded application.
    33                           ; 
    34                           ;     3. Microchip's name may not be used to endorse or promote products derived from th
      +                          is
    35                           ;        software without specific prior written permission.
    36                           ; 
    37                           ; THIS SOFTWARE IS PROVIDED BY MICROCHIP "AS IS" AND ANY EXPRESS OR IMPLIED WARRANTIES,
    38                           ; INCLUDING, BUT NOT LIMITED TO, THE IMPLIED WARRANTIES OF MERCHANTABILITY AND FITNESS F
      +                          OR
    39                           ; PURPOSE ARE DISCLAIMED.  IN NO EVENT SHALL MICROCHIP BE LIABLE FOR ANY DIRECT, INDIREC
      +                          T,
    40                           ; INCIDENTAL, SPECIAL, EXEMPLARY, OR CONSEQUENTIAL DAMAGES (INCLUDING BUT NOT LIMITED TO
    41                           ; PROCUREMENT OF SUBSTITUTE GOODS OR SERVICES; LOSS OF USE, DATA OR PROFITS; OR BUSINESS
    42                           ; INTERRUPTION) HOWSOEVER CAUSED AND ON ANY THEORY OF LIABILITY, WHETHER IN CONTRACT, ST
      +                          RICT
    43                           ; LIABILITY, OR TORT (INCLUDING NEGLIGENCE OR OTHERWISE) ARISING IN ANY WAY OUT OF THE U
      +                          SE OF
    44                           ; THIS SOFTWARE, EVEN IF ADVISED OF THE POSSIBILITY OF SUCH DAMAGE.
    45                           ; 
    46                           ; 
    47                           ; Code-generator required, PIC18F4620 Definitions
    48                           ; 
    49                           ; SFR Addresses
    50   000000                     
    51                           	psect	idataCOMRAM
    52   00FF92                     __pidataCOMRAM:
    53                           	callstack 0
    54                           
    55                           ;initializer for _lat_register
    56   00FF92  89                 	db	137
    57   00FF93  0F                 	db	15
    58   00FF94  8A                 	db	138
    59   00FF95  0F                 	db	15
    60   00FF96  8B                 	db	139
    61   00FF97  0F                 	db	15
    62   00FF98  8C                 	db	140
    63   00FF99  0F                 	db	15
    64   00FF9A  8D                 	db	141
    65   00FF9B  0F                 	db	15
    66                           
    67                           ;initializer for _port_register
    68   00FF9C  80                 	db	128
    69   00FF9D  0F                 	db	15
    70   00FF9E  81                 	db	129
    71   00FF9F  0F                 	db	15
    72   00FFA0  82                 	db	130
    73   00FFA1  0F                 	db	15
    74   00FFA2  83                 	db	131
    75   00FFA3  0F                 	db	15
    76   00FFA4  84                 	db	132
    77   00FFA5  0F                 	db	15
    78                           
    79                           ;initializer for _tris_register
    80   00FFA6  92                 	db	146
    81   00FFA7  0F                 	db	15
    82   00FFA8  93                 	db	147
    83   00FFA9  0F                 	db	15
    84   00FFAA  94                 	db	148
    85   00FFAB  0F                 	db	15
    86   00FFAC  95                 	db	149
    87   00FFAD  0F                 	db	15
    88   00FFAE  96                 	db	150
    89   00FFAF  0F                 	db	15
    90   000000                     _LATA	set	3977
    91   000000                     _PORTE	set	3972
    92   000000                     _PORTD	set	3971
    93   000000                     _PORTC	set	3970
    94   000000                     _PORTB	set	3969
    95   000000                     _PORTA	set	3968
    96   000000                     _TRISA	set	3986
    97   000000                     _TRISE	set	3990
    98   000000                     _TRISD	set	3989
    99   000000                     _TRISC	set	3988
   100   000000                     _TRISB	set	3987
   101   000000                     _LATE	set	3981
   102   000000                     _LATD	set	3980
   103   000000                     _LATC	set	3979
   104   000000                     _LATB	set	3978
   105                           
   106                           ; #config settings
   107                           
   108                           	psect	cinit
   109   00FFB0                     __pcinit:
   110                           	callstack 0
   111   00FFB0                     start_initialization:
   112                           	callstack 0
   113   00FFB0                     __initialization:
   114                           	callstack 0
   115                           
   116                           ; Initialize objects allocated to COMRAM (30 bytes)
   117                           ; load TBLPTR registers with __pidataCOMRAM
   118   00FFB0  0E92               	movlw	low __pidataCOMRAM
   119   00FFB2  6EF6               	movwf	tblptrl,c
   120   00FFB4  0EFF               	movlw	high __pidataCOMRAM
   121   00FFB6  6EF7               	movwf	tblptrh,c
   122   00FFB8  0E00               	movlw	low (__pidataCOMRAM shr (0+16))
   123   00FFBA  6EF8               	movwf	tblptru,c
   124   00FFBC  EE00  F001         	lfsr	0,__pdataCOMRAM
   125   00FFC0  EE10 F01E          	lfsr	1,30
   126   00FFC4                     copy_data0:
   127   00FFC4  0009               	tblrd		*+
   128   00FFC6  CFF5 FFEE          	movff	tablat,postinc0
   129   00FFCA  50E5               	movf	postdec1,w,c
   130   00FFCC  50E1               	movf	fsr1l,w,c
   131   00FFCE  E1FA               	bnz	copy_data0
   132   00FFD0                     end_of_initialization:
   133                           	callstack 0
   134   00FFD0                     __end_of__initialization:
   135                           	callstack 0
   136   00FFD0  0100               	movlb	0
   137   00FFD2  EFEB  F07F         	goto	_main	;jump to C main() function
   138                           
   139                           	psect	dataCOMRAM
   140   000001                     __pdataCOMRAM:
   141                           	callstack 0
   142   000001                     _lat_register:
   143                           	callstack 0
   144   000001                     	ds	10
   145   00000B                     _port_register:
   146                           	callstack 0
   147   00000B                     	ds	10
   148   000015                     _tris_register:
   149                           	callstack 0
   150   000015                     	ds	10
   151                           
   152                           	psect	cstackCOMRAM
   153   00001F                     __pcstackCOMRAM:
   154                           	callstack 0
   155   00001F                     ??_main:
   156   00001F                     
   157                           ; 2 bytes @ 0x0
   158   00001F                     	ds	2
   159                           
   160 ;;
   161 ;;Main: autosize = 0, tempsize = 2, incstack = 0, save=0
   162 ;;
   163 ;; *************** function _main *****************
   164 ;; Defined at:
   165 ;;		line 34 in file "Apllication.c"
   166 ;; Parameters:    Size  Location     Type
   167 ;;		None
   168 ;; Auto vars:     Size  Location     Type
   169 ;;		None
   170 ;; Return value:  Size  Location     Type
   171 ;;                  2  135[None  ] int 
   172 ;; Registers used:
   173 ;;		wreg, status,2
   174 ;; Tracked objects:
   175 ;;		On entry : 0/0
   176 ;;		On exit  : 0/0
   177 ;;		Unchanged: 0/0
   178 ;; Data sizes:     COMRAM   BANK0   BANK1   BANK2   BANK3   BANK4   BANK5   BANK6   BANK7   BANK8   BANK9  BANK10  BANK1
      +1  BANK12  BANK13  BANK14  BANK15
   179 ;;      Params:         0       0       0       0       0       0       0       0       0       0       0       0       
      +0       0       0       0       0
   180 ;;      Locals:         0       0       0       0       0       0       0       0       0       0       0       0       
      +0       0       0       0       0
   181 ;;      Temps:          2       0       0       0       0       0       0       0       0       0       0       0       
      +0       0       0       0       0
   182 ;;      Totals:         2       0       0       0       0       0       0       0       0       0       0       0       
      +0       0       0       0       0
   183 ;;Total ram usage:        2 bytes
   184 ;; This function calls:
   185 ;;		Nothing
   186 ;; This function is called by:
   187 ;;		Startup code after reset
   188 ;; This function uses a non-reentrant model
   189 ;;
   190                           
   191                           	psect	text0
   192   00FFD6                     __ptext0:
   193                           	callstack 0
   194   00FFD6                     _main:
   195                           	callstack 31
   196   00FFD6                     
   197                           ;Apllication.c: 59:     ((*((volatile unsigned int *)(0XF94)))) = 0X00;
   198   00FFD6  0E00               	movlw	0
   199   00FFD8  6E95               	movwf	149,c	;volatile
   200   00FFDA  0E00               	movlw	0
   201   00FFDC  6E94               	movwf	148,c	;volatile
   202   00FFDE                     
   203                           ;Apllication.c: 61:     ((volatile SELF_LATC * )0XF8B)->SELF_LATC0 = 0;
   204   00FFDE  908B               	bcf	139,0,c	;volatile
   205   00FFE0                     
   206                           ;Apllication.c: 62:     ((volatile SELF_LATC * )0XF8B)->SELF_LATC1 = 1;
   207   00FFE0  828B               	bsf	139,1,c	;volatile
   208   00FFE2                     
   209                           ;Apllication.c: 63:     _delay((unsigned long)((1000)*(8000000UL/4000.0)));
   210   00FFE2  0E0B               	movlw	11
   211   00FFE4  6E20               	movwf	(??_main+1)^0,c
   212   00FFE6  0E26               	movlw	38
   213   00FFE8  6E1F               	movwf	??_main^0,c
   214   00FFEA  0E5E               	movlw	94
   215   00FFEC                     u227:
   216   00FFEC  2EE8               	decfsz	wreg,f,c
   217   00FFEE  D7FE               	bra	u227
   218   00FFF0  2E1F               	decfsz	??_main^0,f,c
   219   00FFF2  D7FC               	bra	u227
   220   00FFF4  2E20               	decfsz	(??_main+1)^0,f,c
   221   00FFF6  D7FA               	bra	u227
   222   00FFF8                     
   223                           ;Apllication.c: 64:     ((volatile SELF_LATC * )0XF8B)->LATC_REGISTER = 0XF0;
   224   00FFF8  0EF0               	movlw	240
   225   00FFFA  6E8B               	movwf	139,c	;volatile
   226   00FFFC  EF00  F000         	goto	start
   227   010000                     __end_of_main:
   228                           	callstack 0
   229   000000                     
   230                           	psect	rparam
   231   000000                     
   232                           	psect	idloc
   233                           
   234                           ;Config register IDLOC0 @ 0x200000
   235                           ;	unspecified, using default values
   236   200000                     	org	2097152
   237   200000  FF                 	db	255
   238                           
   239                           ;Config register IDLOC1 @ 0x200001
   240                           ;	unspecified, using default values
   241   200001                     	org	2097153
   242   200001  FF                 	db	255
   243                           
   244                           ;Config register IDLOC2 @ 0x200002
   245                           ;	unspecified, using default values
   246   200002                     	org	2097154
   247   200002  FF                 	db	255
   248                           
   249                           ;Config register IDLOC3 @ 0x200003
   250                           ;	unspecified, using default values
   251   200003                     	org	2097155
   252   200003  FF                 	db	255
   253                           
   254                           ;Config register IDLOC4 @ 0x200004
   255                           ;	unspecified, using default values
   256   200004                     	org	2097156
   257   200004  FF                 	db	255
   258                           
   259                           ;Config register IDLOC5 @ 0x200005
   260                           ;	unspecified, using default values
   261   200005                     	org	2097157
   262   200005  FF                 	db	255
   263                           
   264                           ;Config register IDLOC6 @ 0x200006
   265                           ;	unspecified, using default values
   266   200006                     	org	2097158
   267   200006  FF                 	db	255
   268                           
   269                           ;Config register IDLOC7 @ 0x200007
   270                           ;	unspecified, using default values
   271   200007                     	org	2097159
   272   200007  FF                 	db	255
   273                           
   274                           	psect	config
   275                           
   276                           ; Padding undefined space
   277   300000                     	org	3145728
   278   300000  FF                 	db	255
   279                           
   280                           ;Config register CONFIG1H @ 0x300001
   281                           ;	unspecified, using default values
   282                           ;	Oscillator Selection bits
   283                           ;	OSC = 0x7, unprogrammed default
   284                           ;	Fail-Safe Clock Monitor Enable bit
   285                           ;	FCMEN = 0x0, unprogrammed default
   286                           ;	Internal/External Oscillator Switchover bit
   287                           ;	IESO = 0x0, unprogrammed default
   288   300001                     	org	3145729
   289   300001  07                 	db	7
   290                           
   291                           ;Config register CONFIG2L @ 0x300002
   292                           ;	unspecified, using default values
   293                           ;	Power-up Timer Enable bit
   294                           ;	PWRT = 0x1, unprogrammed default
   295                           ;	Brown-out Reset Enable bits
   296                           ;	BOREN = 0x3, unprogrammed default
   297                           ;	Brown Out Reset Voltage bits
   298                           ;	BORV = 0x3, unprogrammed default
   299   300002                     	org	3145730
   300   300002  1F                 	db	31
   301                           
   302                           ;Config register CONFIG2H @ 0x300003
   303                           ;	unspecified, using default values
   304                           ;	Watchdog Timer Enable bit
   305                           ;	WDT = 0x1, unprogrammed default
   306                           ;	Watchdog Timer Postscale Select bits
   307                           ;	WDTPS = 0xF, unprogrammed default
   308   300003                     	org	3145731
   309   300003  1F                 	db	31
   310                           
   311                           ; Padding undefined space
   312   300004                     	org	3145732
   313   300004  FF                 	db	255
   314                           
   315                           ;Config register CONFIG3H @ 0x300005
   316                           ;	unspecified, using default values
   317                           ;	CCP2 MUX bit
   318                           ;	CCP2MX = 0x1, unprogrammed default
   319                           ;	PORTB A/D Enable bit
   320                           ;	PBADEN = 0x1, unprogrammed default
   321                           ;	Low-Power Timer1 Oscillator Enable bit
   322                           ;	LPT1OSC = 0x0, unprogrammed default
   323                           ;	MCLR Pin Enable bit
   324                           ;	MCLRE = 0x1, unprogrammed default
   325   300005                     	org	3145733
   326   300005  83                 	db	131
   327                           
   328                           ;Config register CONFIG4L @ 0x300006
   329                           ;	unspecified, using default values
   330                           ;	Stack Full/Underflow Reset Enable bit
   331                           ;	STVREN = 0x1, unprogrammed default
   332                           ;	Single-Supply ICSP Enable bit
   333                           ;	LVP = 0x1, unprogrammed default
   334                           ;	Extended Instruction Set Enable bit
   335                           ;	XINST = 0x0, unprogrammed default
   336                           ;	Background Debugger Enable bit
   337                           ;	DEBUG = 0x1, unprogrammed default
   338   300006                     	org	3145734
   339   300006  85                 	db	133
   340                           
   341                           ; Padding undefined space
   342   300007                     	org	3145735
   343   300007  FF                 	db	255
   344                           
   345                           ;Config register CONFIG5L @ 0x300008
   346                           ;	unspecified, using default values
   347                           ;	Code Protection bit
   348                           ;	CP0 = 0x1, unprogrammed default
   349                           ;	Code Protection bit
   350                           ;	CP1 = 0x1, unprogrammed default
   351                           ;	Code Protection bit
   352                           ;	CP2 = 0x1, unprogrammed default
   353                           ;	Code Protection bit
   354                           ;	CP3 = 0x1, unprogrammed default
   355   300008                     	org	3145736
   356   300008  0F                 	db	15
   357                           
   358                           ;Config register CONFIG5H @ 0x300009
   359                           ;	unspecified, using default values
   360                           ;	Boot Block Code Protection bit
   361                           ;	CPB = 0x1, unprogrammed default
   362                           ;	Data EEPROM Code Protection bit
   363                           ;	CPD = 0x1, unprogrammed default
   364   300009                     	org	3145737
   365   300009  C0                 	db	192
   366                           
   367                           ;Config register CONFIG6L @ 0x30000A
   368                           ;	unspecified, using default values
   369                           ;	Write Protection bit
   370                           ;	WRT0 = 0x1, unprogrammed default
   371                           ;	Write Protection bit
   372                           ;	WRT1 = 0x1, unprogrammed default
   373                           ;	Write Protection bit
   374                           ;	WRT2 = 0x1, unprogrammed default
   375                           ;	Write Protection bit
   376                           ;	WRT3 = 0x1, unprogrammed default
   377   30000A                     	org	3145738
   378   30000A  0F                 	db	15
   379                           
   380                           ;Config register CONFIG6H @ 0x30000B
   381                           ;	unspecified, using default values
   382                           ;	Configuration Register Write Protection bit
   383                           ;	WRTC = 0x1, unprogrammed default
   384                           ;	Boot Block Write Protection bit
   385                           ;	WRTB = 0x1, unprogrammed default
   386                           ;	Data EEPROM Write Protection bit
   387                           ;	WRTD = 0x1, unprogrammed default
   388   30000B                     	org	3145739
   389   30000B  E0                 	db	224
   390                           
   391                           ;Config register CONFIG7L @ 0x30000C
   392                           ;	unspecified, using default values
   393                           ;	Table Read Protection bit
   394                           ;	EBTR0 = 0x1, unprogrammed default
   395                           ;	Table Read Protection bit
   396                           ;	EBTR1 = 0x1, unprogrammed default
   397                           ;	Table Read Protection bit
   398                           ;	EBTR2 = 0x1, unprogrammed default
   399                           ;	Table Read Protection bit
   400                           ;	EBTR3 = 0x1, unprogrammed default
   401   30000C                     	org	3145740
   402   30000C  0F                 	db	15
   403                           
   404                           ;Config register CONFIG7H @ 0x30000D
   405                           ;	unspecified, using default values
   406                           ;	Boot Block Table Read Protection bit
   407                           ;	EBTRB = 0x1, unprogrammed default
   408   30000D                     	org	3145741
   409   30000D  40                 	db	64
   410                           tosu	equ	0xFFF
   411                           tosh	equ	0xFFE
   412                           tosl	equ	0xFFD
   413                           stkptr	equ	0xFFC
   414                           pclatu	equ	0xFFB
   415                           pclath	equ	0xFFA
   416                           pcl	equ	0xFF9
   417                           tblptru	equ	0xFF8
   418                           tblptrh	equ	0xFF7
   419                           tblptrl	equ	0xFF6
   420                           tablat	equ	0xFF5
   421                           prodh	equ	0xFF4
   422                           prodl	equ	0xFF3
   423                           indf0	equ	0xFEF
   424                           postinc0	equ	0xFEE
   425                           postdec0	equ	0xFED
   426                           preinc0	equ	0xFEC
   427                           plusw0	equ	0xFEB
   428                           fsr0h	equ	0xFEA
   429                           fsr0l	equ	0xFE9
   430                           wreg	equ	0xFE8
   431                           indf1	equ	0xFE7
   432                           postinc1	equ	0xFE6
   433                           postdec1	equ	0xFE5
   434                           preinc1	equ	0xFE4
   435                           plusw1	equ	0xFE3
   436                           fsr1h	equ	0xFE2
   437                           fsr1l	equ	0xFE1
   438                           bsr	equ	0xFE0
   439                           indf2	equ	0xFDF
   440                           postinc2	equ	0xFDE
   441                           postdec2	equ	0xFDD
   442                           preinc2	equ	0xFDC
   443                           plusw2	equ	0xFDB
   444                           fsr2h	equ	0xFDA
   445                           fsr2l	equ	0xFD9
   446                           status	equ	0xFD8

Data Sizes:
    Strings     0
    Constant    0
    Data        30
    BSS         0
    Persistent  0
    Stack       0

Auto Spaces:
    Space          Size  Autos    Used
    COMRAM          127      2      32
    BANK0           128      0       0
    BANK1           256      0       0
    BANK2           256      0       0
    BANK3           256      0       0
    BANK4           256      0       0
    BANK5           256      0       0
    BANK6           256      0       0
    BANK7           256      0       0
    BANK8           256      0       0
    BANK9           256      0       0
    BANK10          256      0       0
    BANK11          256      0       0
    BANK12          256      0       0
    BANK13          256      0       0
    BANK14          256      0       0
    BANK15          128      0       0

Pointer List with Targets:

    lat_register	PTR volatile unsigned char [5] size(2) Largest target is 1
		 -> LATE(BITBIGSFRlh[1]), LATD(BITBIGSFRlh[1]), LATC(BITBIGSFRlh[1]), LATB(BITBIGSFRlh[1]), 
		 -> LATA(BITBIGSFRll[1]), 

    port_register	PTR volatile unsigned char [5] size(2) Largest target is 1
		 -> PORTE(BITBIGSFRll[1]), PORTD(BITBIGSFRll[1]), PORTC(BITBIGSFRll[1]), PORTB(BITBIGSFRll[1]), 
		 -> PORTA(BITBIGSFRll[1]), 

    tris_register	PTR volatile unsigned char [5] size(2) Largest target is 1
		 -> TRISE(BITBIGSFRh[1]), TRISD(BITBIGSFRh[1]), TRISC(BITBIGSFRh[1]), TRISB(BITBIGSFRh[1]), 
		 -> TRISA(BITBIGSFRll[1]), 


Critical Paths under _main in COMRAM

    None.

Critical Paths under _main in BANK0

    None.

Critical Paths under _main in BANK1

    None.

Critical Paths under _main in BANK2

    None.

Critical Paths under _main in BANK3

    None.

Critical Paths under _main in BANK4

    None.

Critical Paths under _main in BANK5

    None.

Critical Paths under _main in BANK6

    None.

Critical Paths under _main in BANK7

    None.

Critical Paths under _main in BANK8

    None.

Critical Paths under _main in BANK9

    None.

Critical Paths under _main in BANK10

    None.

Critical Paths under _main in BANK11

    None.

Critical Paths under _main in BANK12

    None.

Critical Paths under _main in BANK13

    None.

Critical Paths under _main in BANK14

    None.

Critical Paths under _main in BANK15

    None.

Call Graph Tables:

 ---------------------------------------------------------------------------------
 (Depth) Function   	        Calls       Base Space   Used Autos Params    Refs
 ---------------------------------------------------------------------------------
 (0) _main                                                 2     2      0       0
                                              0 COMRAM     2     2      0
 ---------------------------------------------------------------------------------
 Estimated maximum stack depth 0
 ---------------------------------------------------------------------------------

 Call Graph Graphs:

 _main (ROOT)

 Address spaces:
Name               Size   Autos  Total    Cost      Usage
BIGRAM             F7F      0       0      40        0.0%
EEDATA             400      0       0       0        0.0%
BITBANK14          100      0       0      32        0.0%
BANK14             100      0       0      33        0.0%
BITBANK13          100      0       0      30        0.0%
BANK13             100      0       0      31        0.0%
BITBANK12          100      0       0      28        0.0%
BANK12             100      0       0      29        0.0%
BITBANK11          100      0       0      26        0.0%
BANK11             100      0       0      27        0.0%
BITBANK10          100      0       0      24        0.0%
BANK10             100      0       0      25        0.0%
BITBANK9           100      0       0      22        0.0%
BANK9              100      0       0      23        0.0%
BITBANK8           100      0       0      20        0.0%
BANK8              100      0       0      21        0.0%
BITBANK7           100      0       0      18        0.0%
BANK7              100      0       0      19        0.0%
BITBANK6           100      0       0      16        0.0%
BANK6              100      0       0      17        0.0%
BITBANK5           100      0       0      14        0.0%
BANK5              100      0       0      15        0.0%
BITBANK4           100      0       0      12        0.0%
BANK4              100      0       0      13        0.0%
BITBANK3           100      0       0      10        0.0%
BANK3              100      0       0      11        0.0%
BITBANK2           100      0       0       8        0.0%
BANK2              100      0       0       9        0.0%
BITBANK1           100      0       0       6        0.0%
BANK1              100      0       0       7        0.0%
BITBANK15           80      0       0      34        0.0%
BANK15              80      0       0      35        0.0%
BITBANK0            80      0       0       4        0.0%
BANK0               80      0       0       5        0.0%
BITCOMRAM           7F      0       0       0        0.0%
COMRAM              7F      2      20       1       25.2%
BITBIGSFRh          69      0       0      36        0.0%
BITBIGSFRlh          4      0       0      37        0.0%
BITBIGSFRll          4      0       0      38        0.0%
BIGSFR               0      0       0     200        0.0%
BITSFR               0      0       0     200        0.0%
SFR                  0      0       0     200        0.0%
STACK                0      0       0       2        0.0%
NULL                 0      0       0       0        0.0%
ABS                  0      0      20      39        0.0%
DATA                 0      0      20       3        0.0%
CODE                 0      0       0       0        0.0%


Microchip Technology PIC18 Macro Assembler V2.41 build 20230208172133 
Symbol Table                                                                                   Mon Jan 29 11:15:11 2024

                    l136 FFFC                      l910 FFD6                      l912 FFDE  
                    l914 FFE0                      l916 FFE2                      l918 FFF8  
                    u227 FFEC                      wreg 0FE8                     _LATA 0F89  
                   _LATB 0F8A                     _LATC 0F8B                     _LATD 0F8C  
                   _LATE 0F8D                     _main FFD6                     fsr1l 0FE1  
                   start 0000             ___param_bank 0000                    ?_main 001F  
                  _PORTA 0F80                    _PORTB 0F81                    _PORTC 0F82  
                  _PORTD 0F83                    _PORTE 0F84                    _TRISA 0F92  
                  _TRISB 0F93                    _TRISC 0F94                    _TRISD 0F95  
                  _TRISE 0F96                    tablat 0FF5          __initialization FFB0  
           __end_of_main 0000                   ??_main 001F            __activetblptr 0000  
          _tris_register 0015                   isa$std 0001             __pdataCOMRAM 0001  
                 tblptrh 0FF7                   tblptrl 0FF6                   tblptru 0FF8  
             __accesstop 0080  __end_of__initialization FFD0            ___rparam_used 0001  
         __pcstackCOMRAM 001F                  __Hparam 0000                  __Lparam 0000  
                __pcinit FFB0                  __ramtop 1000                  __ptext0 FFD6  
   end_of_initialization FFD0                  postdec1 0FE5                  postinc0 0FEE  
          __pidataCOMRAM FF92      start_initialization FFB0             _lat_register 0001  
              copy_data0 FFC4                 __Hrparam 0000                 __Lrparam 0000  
               isa$xinst 0000            _port_register 000B  
