

Microchip MPLAB XC8 Assembler V2.41 build 20230208172133 
                                                                                               Wed Jan 31 02:50:23 2024

Microchip MPLAB XC8 C Compiler v2.41 (Free license) build 20230208172133 Og9 
     1                           	processor	18F4620
     2                           	fnconf	rparam,??,?,0
     3                           	pagewidth 120
     4                           	opt	flic
     5                           	psect	idataCOMRAM,global,class=CODE,delta=1,noexec
     6                           	psect	cinit,global,reloc=2,class=CODE,delta=1
     7                           	psect	bssCOMRAM,global,class=COMRAM,space=1,delta=1,lowdata,noexec
     8                           	psect	dataCOMRAM,global,class=COMRAM,space=1,delta=1,lowdata,noexec
     9                           	psect	cstackCOMRAM,global,class=COMRAM,space=1,delta=1,lowdata,noexec
    10                           	psect	text0,global,reloc=2,class=CODE,delta=1
    11                           	psect	text1,global,reloc=2,class=CODE,delta=1
    12                           	psect	text2,global,reloc=2,class=CODE,delta=1
    13                           	psect	text3,global,reloc=2,class=CODE,delta=1
    14                           	psect	text4,global,reloc=2,class=CODE,delta=1
    15                           	psect	text5,global,reloc=2,class=CODE,delta=1
    16                           	psect	text6,global,reloc=2,class=CODE,delta=1
    17                           	psect	text7,global,reloc=2,class=CODE,delta=1
    18                           	psect	intsave_regs,global,class=BIGRAM,space=1,delta=1,noexec
    19                           	psect	rparam,global,class=COMRAM,space=1,delta=1,noexec
    20                           	psect	idloc,global,abs,ovrld,class=IDLOC,space=5,delta=1,noexec
    21                           	psect	config,global,abs,ovrld,class=CONFIG,space=4,delta=1,noexec
    22   000000                     
    23                           ; Version 2.40
    24                           ; Generated 17/11/2021 GMT
    25                           ; 
    26                           ; Copyright © 2021, Microchip Technology Inc. and its subsidiaries ("Microchip")
    27                           ; All rights reserved.
    28                           ; 
    29                           ; This software is developed by Microchip Technology Inc. and its subsidiaries ("Microch
      +                          ip").
    30                           ; 
    31                           ; Redistribution and use in source and binary forms, with or without modification, are
    32                           ; permitted provided that the following conditions are met:
    33                           ; 
    34                           ;     1. Redistributions of source code must retain the above copyright notice, this lis
      +                          t of
    35                           ;        conditions and the following disclaimer.
    36                           ; 
    37                           ;     2. Redistributions in binary form must reproduce the above copyright notice, this 
      +                          list
    38                           ;        of conditions and the following disclaimer in the documentation and/or other
    39                           ;        materials provided with the distribution. Publication is not required when
    40                           ;        this file is used in an embedded application.
    41                           ; 
    42                           ;     3. Microchip's name may not be used to endorse or promote products derived from th
      +                          is
    43                           ;        software without specific prior written permission.
    44                           ; 
    45                           ; THIS SOFTWARE IS PROVIDED BY MICROCHIP "AS IS" AND ANY EXPRESS OR IMPLIED WARRANTIES,
    46                           ; INCLUDING, BUT NOT LIMITED TO, THE IMPLIED WARRANTIES OF MERCHANTABILITY AND FITNESS F
      +                          OR
    47                           ; PURPOSE ARE DISCLAIMED.  IN NO EVENT SHALL MICROCHIP BE LIABLE FOR ANY DIRECT, INDIREC
      +                          T,
    48                           ; INCIDENTAL, SPECIAL, EXEMPLARY, OR CONSEQUENTIAL DAMAGES (INCLUDING BUT NOT LIMITED TO
    49                           ; PROCUREMENT OF SUBSTITUTE GOODS OR SERVICES; LOSS OF USE, DATA OR PROFITS; OR BUSINESS
    50                           ; INTERRUPTION) HOWSOEVER CAUSED AND ON ANY THEORY OF LIABILITY, WHETHER IN CONTRACT, ST
      +                          RICT
    51                           ; LIABILITY, OR TORT (INCLUDING NEGLIGENCE OR OTHERWISE) ARISING IN ANY WAY OUT OF THE U
      +                          SE OF
    52                           ; THIS SOFTWARE, EVEN IF ADVISED OF THE POSSIBILITY OF SUCH DAMAGE.
    53                           ; 
    54                           ; 
    55                           ; Code-generator required, PIC18F4620 Definitions
    56                           ; 
    57                           ; SFR Addresses
    58   000000                     
    59                           	psect	idataCOMRAM
    60   00FC9C                     __pidataCOMRAM:
    61                           	callstack 0
    62                           
    63                           ;initializer for _Port_Register
    64   00FC9C  80                 	db	128
    65   00FC9D  0F                 	db	15
    66   00FC9E  81                 	db	129
    67   00FC9F  0F                 	db	15
    68   00FCA0  82                 	db	130
    69   00FCA1  0F                 	db	15
    70   00FCA2  83                 	db	131
    71   00FCA3  0F                 	db	15
    72   00FCA4  84                 	db	132
    73   00FCA5  0F                 	db	15
    74                           
    75                           ;initializer for _Lat_Register
    76   00FCA6  89                 	db	137
    77   00FCA7  0F                 	db	15
    78   00FCA8  8A                 	db	138
    79   00FCA9  0F                 	db	15
    80   00FCAA  8B                 	db	139
    81   00FCAB  0F                 	db	15
    82   00FCAC  8C                 	db	140
    83   00FCAD  0F                 	db	15
    84   00FCAE  8D                 	db	141
    85   00FCAF  0F                 	db	15
    86                           
    87                           ;initializer for _Tris_Register
    88   00FCB0  92                 	db	146
    89   00FCB1  0F                 	db	15
    90   00FCB2  93                 	db	147
    91   00FCB3  0F                 	db	15
    92   00FCB4  94                 	db	148
    93   00FCB5  0F                 	db	15
    94   00FCB6  95                 	db	149
    95   00FCB7  0F                 	db	15
    96   00FCB8  96                 	db	150
    97   00FCB9  0F                 	db	15
    98                           
    99                           ;initializer for _last_valid_status
   100   00FCBA  0001               	dw	1
   101                           
   102                           ;initializer for _valid_status
   103   00FCBC  0001               	dw	1
   104                           
   105                           ;initializer for _btn1_status
   106   00FCBE  01                 	db	1
   107                           
   108                           ;initializer for _btn1
   109   00FCBF  CB                 	db	203
   110   00FCC0  01                 	db	1
   111   00FCC1  00                 	db	0
   112                           
   113                           ;initializer for _btn0
   114   00FCC2  83                 	db	131
   115   00FCC3  01                 	db	1
   116   00FCC4  01                 	db	1
   117                           
   118                           ;initializer for _btn0_status
   119   00FCC5  01                 	db	1
   120                           
   121                           ;initializer for _pin_RC1
   122   00FCC6  0A                 	db	10
   123                           
   124                           ;initializer for _pin_RC0
   125   00FCC7  02                 	db	2
   126   000000                     _PORTE	set	3972
   127   000000                     _PORTD	set	3971
   128   000000                     _PORTC	set	3970
   129   000000                     _PORTB	set	3969
   130   000000                     _PORTA	set	3968
   131   000000                     _LATA	set	3977
   132   000000                     _TRISA	set	3986
   133   000000                     _TRISE	set	3990
   134   000000                     _TRISD	set	3989
   135   000000                     _TRISC	set	3988
   136   000000                     _TRISB	set	3987
   137   000000                     _LATE	set	3981
   138   000000                     _LATD	set	3980
   139   000000                     _LATC	set	3979
   140   000000                     _LATB	set	3978
   141                           
   142                           ; #config settings
   143                           
   144                           	psect	cinit
   145   00FCFC                     __pcinit:
   146                           	callstack 0
   147   00FCFC                     start_initialization:
   148                           	callstack 0
   149   00FCFC                     __initialization:
   150                           	callstack 0
   151                           
   152                           ; Initialize objects allocated to COMRAM (44 bytes)
   153                           ; load TBLPTR registers with __pidataCOMRAM
   154   00FCFC  0E9C               	movlw	low __pidataCOMRAM
   155   00FCFE  6EF6               	movwf	tblptrl,c
   156   00FD00  0EFC               	movlw	high __pidataCOMRAM
   157   00FD02  6EF7               	movwf	tblptrh,c
   158   00FD04  0E00               	movlw	low (__pidataCOMRAM shr (0+16))
   159   00FD06  6EF8               	movwf	tblptru,c
   160   00FD08  EE00  F001         	lfsr	0,__pdataCOMRAM
   161   00FD0C  EE10 F02C          	lfsr	1,44
   162   00FD10                     copy_data0:
   163   00FD10  0009               	tblrd		*+
   164   00FD12  CFF5 FFEE          	movff	tablat,postinc0
   165   00FD16  50E5               	movf	postdec1,w,c
   166   00FD18  50E1               	movf	fsr1l,w,c
   167   00FD1A  E1FA               	bnz	copy_data0
   168                           
   169                           ; Clear objects allocated to COMRAM (5 bytes)
   170   00FD1C  6A3C               	clrf	(__pbssCOMRAM+4)& (0+255),c
   171   00FD1E  6A3B               	clrf	(__pbssCOMRAM+3)& (0+255),c
   172   00FD20  6A3A               	clrf	(__pbssCOMRAM+2)& (0+255),c
   173   00FD22  6A39               	clrf	(__pbssCOMRAM+1)& (0+255),c
   174   00FD24  6A38               	clrf	__pbssCOMRAM& (0+255),c
   175   00FD26                     end_of_initialization:
   176                           	callstack 0
   177   00FD26                     __end_of__initialization:
   178                           	callstack 0
   179   00FD26  0E00               	movlw	low (__Lmediumconst shr (0+16))
   180   00FD28  6EF8               	movwf	tblptru,c
   181   00FD2A  0100               	movlb	0
   182   00FD2C  EFC7  F07E         	goto	_main	;jump to C main() function
   183                           
   184                           	psect	bssCOMRAM
   185   000038                     __pbssCOMRAM:
   186                           	callstack 0
   187   000038                     _valid:
   188                           	callstack 0
   189   000038                     	ds	2
   190   00003A                     _Program_Selected:
   191                           	callstack 0
   192   00003A                     	ds	1
   193   00003B                     _btn_flag:
   194                           	callstack 0
   195   00003B                     	ds	1
   196   00003C                     _logic_status:
   197                           	callstack 0
   198   00003C                     	ds	1
   199                           
   200                           	psect	dataCOMRAM
   201   000001                     __pdataCOMRAM:
   202                           	callstack 0
   203   000001                     _Port_Register:
   204                           	callstack 0
   205   000001                     	ds	10
   206   00000B                     _Lat_Register:
   207                           	callstack 0
   208   00000B                     	ds	10
   209   000015                     _Tris_Register:
   210                           	callstack 0
   211   000015                     	ds	10
   212   00001F                     _last_valid_status:
   213                           	callstack 0
   214   00001F                     	ds	2
   215   000021                     _valid_status:
   216                           	callstack 0
   217   000021                     	ds	2
   218   000023                     _btn1_status:
   219                           	callstack 0
   220   000023                     	ds	1
   221   000024                     _btn1:
   222                           	callstack 0
   223   000024                     	ds	3
   224   000027                     _btn0:
   225                           	callstack 0
   226   000027                     	ds	3
   227   00002A                     _btn0_status:
   228                           	callstack 0
   229   00002A                     	ds	1
   230   00002B                     _pin_RC1:
   231                           	callstack 0
   232   00002B                     	ds	1
   233   00002C                     _pin_RC0:
   234                           	callstack 0
   235   00002C                     	ds	1
   236                           
   237                           	psect	cstackCOMRAM
   238   00002D                     __pcstackCOMRAM:
   239                           	callstack 0
   240   00002D                     gpio_pin_directoin_initialize@pin:
   241                           	callstack 0
   242   00002D                     gpio_pin_write_logic@pin:
   243                           	callstack 0
   244   00002D                     gpio_pin_read_logic@pin:
   245                           	callstack 0
   246                           
   247                           ; 1 bytes @ 0x0
   248   00002D                     	ds	1
   249   00002E                     ??_gpio_pin_directoin_initialize:
   250   00002E                     gpio_pin_write_logic@logic:
   251                           	callstack 0
   252   00002E                     gpio_pin_read_logic@logic:
   253                           	callstack 0
   254                           
   255                           ; 1 bytes @ 0x1
   256   00002E                     	ds	1
   257   00002F                     ??_gpio_pin_write_logic:
   258   00002F                     ??_gpio_pin_read_logic:
   259                           
   260                           ; 1 bytes @ 0x2
   261   00002F                     	ds	4
   262   000033                     gpio_pin_directoin_initialize@ret:
   263                           	callstack 0
   264   000033                     button_read_state@Button:
   265                           	callstack 0
   266                           
   267                           ; 1 bytes @ 0x6
   268   000033                     	ds	1
   269   000034                     gpio_pin_write_logic@ret:
   270                           	callstack 0
   271   000034                     button_initialize@Button:
   272                           	callstack 0
   273   000034                     button_read_state@btn_state:
   274                           	callstack 0
   275                           
   276                           ; 1 bytes @ 0x7
   277   000034                     	ds	1
   278   000035                     gpio_pin_initialize@pin:
   279                           	callstack 0
   280   000035                     button_initialize@ret:
   281                           	callstack 0
   282                           
   283                           ; 1 bytes @ 0x8
   284   000035                     	ds	1
   285   000036                     gpio_pin_initialize@ret:
   286                           	callstack 0
   287   000036                     button_read_state@ret:
   288                           	callstack 0
   289                           
   290                           ; 1 bytes @ 0x9
   291   000036                     	ds	1
   292   000037                     button_read_state@Pin_Logic_Status:
   293                           	callstack 0
   294                           
   295                           ; 1 bytes @ 0xA
   296   000037                     	ds	1
   297   000038                     
   298                           ; 1 bytes @ 0xB
   299 ;;
   300 ;;Main: autosize = 0, tempsize = 0, incstack = 0, save=0
   301 ;;
   302 ;; *************** function _main *****************
   303 ;; Defined at:
   304 ;;		line 52 in file "Application.c"
   305 ;; Parameters:    Size  Location     Type
   306 ;;		None
   307 ;; Auto vars:     Size  Location     Type
   308 ;;  ret             1    0        unsigned char 
   309 ;; Return value:  Size  Location     Type
   310 ;;                  2  143[None  ] int 
   311 ;; Registers used:
   312 ;;		wreg, fsr1l, fsr1h, fsr2l, fsr2h, status,2, status,0, prodl, prodh, cstack
   313 ;; Tracked objects:
   314 ;;		On entry : 0/0
   315 ;;		On exit  : 0/0
   316 ;;		Unchanged: 0/0
   317 ;; Data sizes:     COMRAM   BANK0   BANK1   BANK2   BANK3   BANK4   BANK5   BANK6   BANK7   BANK8   BANK9  BANK10  BANK1
      +1  BANK12  BANK13  BANK14  BANK15
   318 ;;      Params:         0       0       0       0       0       0       0       0       0       0       0       0       
      +0       0       0       0       0
   319 ;;      Locals:         0       0       0       0       0       0       0       0       0       0       0       0       
      +0       0       0       0       0
   320 ;;      Temps:          0       0       0       0       0       0       0       0       0       0       0       0       
      +0       0       0       0       0
   321 ;;      Totals:         0       0       0       0       0       0       0       0       0       0       0       0       
      +0       0       0       0       0
   322 ;;Total ram usage:        0 bytes
   323 ;; Hardware stack levels required when called: 3
   324 ;; This function calls:
   325 ;;		_application_initialization
   326 ;;		_button_initialize
   327 ;;		_button_read_state
   328 ;; This function is called by:
   329 ;;		Startup code after reset
   330 ;; This function uses a non-reentrant model
   331 ;;
   332                           
   333                           	psect	text0
   334   00FD8E                     __ptext0:
   335                           	callstack 0
   336   00FD8E                     _main:
   337                           	callstack 28
   338                           
   339                           ;Application.c: 53:     application_initialization();
   340                           
   341                           ;incstack = 0
   342   00FD8E  EC3D  F07E         	call	_application_initialization	;wreg free
   343   00FD92  0E27               	movlw	low _btn0
   344   00FD94  6E34               	movwf	button_initialize@Button^0,c
   345   00FD96  EC31  F07E         	call	_button_initialize	;wreg free
   346   00FD9A                     l1135:
   347   00FD9A  0E27               	movlw	low _btn0
   348   00FD9C  6E33               	movwf	button_read_state@Button^0,c
   349   00FD9E  0E2A               	movlw	low _btn0_status
   350   00FDA0  6E34               	movwf	button_read_state@btn_state^0,c
   351   00FDA2  ECFB  F07E         	call	_button_read_state	;wreg free
   352                           
   353                           ;Application.c: 58:         if (BUTTON_PRESSED == btn0_status) {
   354   00FDA6  502A               	movf	_btn0_status^0,w,c
   355   00FDA8  A4D8               	btfss	status,2,c
   356   00FDAA  D00C               	goto	l1145
   357                           
   358                           ;Application.c: 59:             valid++;
   359   00FDAC  4A38               	infsnz	_valid^0,f,c
   360   00FDAE  2A39               	incf	(_valid+1)^0,f,c
   361                           
   362                           ;Application.c: 60:             if (valid > 500) {
   363   00FDB0  0EF5               	movlw	245
   364   00FDB2  5C38               	subwf	_valid^0,w,c
   365   00FDB4  0E01               	movlw	1
   366   00FDB6  5839               	subwfb	(_valid+1)^0,w,c
   367   00FDB8  A0D8               	btfss	status,0,c
   368   00FDBA  D00C               	goto	l1147
   369                           
   370                           ;Application.c: 61:                 valid_status = BUTTON_PRESSED;
   371   00FDBC  0E00               	movlw	0
   372   00FDBE  6E22               	movwf	(_valid_status+1)^0,c
   373   00FDC0  0E00               	movlw	0
   374   00FDC2  D007               	goto	L1
   375   00FDC4                     l1145:
   376                           
   377                           ;Application.c: 65:             valid = 0;
   378   00FDC4  0E00               	movlw	0
   379   00FDC6  6E39               	movwf	(_valid+1)^0,c
   380   00FDC8  0E00               	movlw	0
   381   00FDCA  6E38               	movwf	_valid^0,c
   382                           
   383                           ;Application.c: 66:             valid_status = BUTTON_RELEASED;
   384   00FDCC  0E00               	movlw	0
   385   00FDCE  6E22               	movwf	(_valid_status+1)^0,c
   386   00FDD0  0E01               	movlw	1
   387   00FDD2                     L1:
   388   00FDD2  6E21               	movwf	_valid_status^0,c
   389   00FDD4                     l1147:
   390                           
   391                           ;Application.c: 69:         if (valid_status != last_valid_status) {
   392   00FDD4  501F               	movf	_last_valid_status^0,w,c
   393   00FDD6  1821               	xorwf	_valid_status^0,w,c
   394   00FDD8  E104               	bnz	u450
   395   00FDDA  5020               	movf	(_last_valid_status+1)^0,w,c
   396   00FDDC  1822               	xorwf	(_valid_status+1)^0,w,c
   397   00FDDE  B4D8               	btfsc	status,2,c
   398   00FDE0  D7DC               	goto	l1135
   399   00FDE2                     u450:
   400                           
   401                           ;Application.c: 70:             last_valid_status = valid_status;
   402   00FDE2  C021  F01F         	movff	_valid_status,_last_valid_status
   403   00FDE6  C022  F020         	movff	_valid_status+1,_last_valid_status+1
   404                           
   405                           ;Application.c: 71:             if (BUTTON_PRESSED == valid_status) {
   406   00FDEA  5021               	movf	_valid_status^0,w,c
   407   00FDEC  1022               	iorwf	(_valid_status+1)^0,w,c
   408   00FDEE  A4D8               	btfss	status,2,c
   409   00FDF0  D7D4               	goto	l1135
   410                           
   411                           ;Application.c: 79:                 Program_Selected++;
   412   00FDF2  2A3A               	incf	_Program_Selected^0,f,c
   413   00FDF4  D7D2               	goto	l1135
   414   00FDF6                     __end_of_main:
   415                           	callstack 0
   416                           
   417 ;; *************** function _button_read_state *****************
   418 ;; Defined at:
   419 ;;		line 24 in file "ECU_Layer/Push_Button/ECU_Push_Button.c"
   420 ;; Parameters:    Size  Location     Type
   421 ;;  Button          1    6[COMRAM] PTR const struct .
   422 ;;		 -> btn0(3), 
   423 ;;  btn_state       1    7[COMRAM] PTR enum E2865
   424 ;;		 -> btn0_status(1), 
   425 ;; Auto vars:     Size  Location     Type
   426 ;;  Pin_Logic_St    1   10[COMRAM] enum E2805
   427 ;;  ret             1    9[COMRAM] unsigned char 
   428 ;; Return value:  Size  Location     Type
   429 ;;                  1    wreg      unsigned char 
   430 ;; Registers used:
   431 ;;		wreg, fsr1l, fsr1h, fsr2l, fsr2h, status,2, status,0, prodl, prodh, cstack
   432 ;; Tracked objects:
   433 ;;		On entry : 0/0
   434 ;;		On exit  : 0/0
   435 ;;		Unchanged: 0/0
   436 ;; Data sizes:     COMRAM   BANK0   BANK1   BANK2   BANK3   BANK4   BANK5   BANK6   BANK7   BANK8   BANK9  BANK10  BANK1
      +1  BANK12  BANK13  BANK14  BANK15
   437 ;;      Params:         2       0       0       0       0       0       0       0       0       0       0       0       
      +0       0       0       0       0
   438 ;;      Locals:         2       0       0       0       0       0       0       0       0       0       0       0       
      +0       0       0       0       0
   439 ;;      Temps:          1       0       0       0       0       0       0       0       0       0       0       0       
      +0       0       0       0       0
   440 ;;      Totals:         5       0       0       0       0       0       0       0       0       0       0       0       
      +0       0       0       0       0
   441 ;;Total ram usage:        5 bytes
   442 ;; Hardware stack levels used: 1
   443 ;; Hardware stack levels required when called: 1
   444 ;; This function calls:
   445 ;;		_gpio_pin_read_logic
   446 ;; This function is called by:
   447 ;;		_main
   448 ;; This function uses a non-reentrant model
   449 ;;
   450                           
   451                           	psect	text1
   452   00FDF6                     __ptext1:
   453                           	callstack 0
   454   00FDF6                     _button_read_state:
   455                           	callstack 29
   456                           
   457                           ;ECU_Layer/Push_Button/ECU_Push_Button.c: 27:     Logic_t Pin_Logic_Status = GPIO_LOW;
   458                           
   459                           ;incstack = 0
   460   00FDF6  0E00               	movlw	0
   461   00FDF8  6E37               	movwf	button_read_state@Pin_Logic_Status^0,c
   462                           
   463                           ;ECU_Layer/Push_Button/ECU_Push_Button.c: 28:     if((((void*)0) == Button) || (((void*)
      +                          0) == btn_state)){
   464   00FDFA  5033               	movf	button_read_state@Button^0,w,c
   465   00FDFC  B4D8               	btfsc	status,2,c
   466   00FDFE  D003               	goto	u380
   467   00FE00  5034               	movf	button_read_state@btn_state^0,w,c
   468   00FE02  A4D8               	btfss	status,2,c
   469   00FE04  D002               	goto	l1107
   470   00FE06                     u380:
   471                           
   472                           ;ECU_Layer/Push_Button/ECU_Push_Button.c: 29:         ret = (Std_ReturnType)0X00;
   473   00FE06  0E00               	movlw	0
   474   00FE08  D029               	goto	L2
   475   00FE0A                     l1107:
   476                           
   477                           ;ECU_Layer/Push_Button/ECU_Push_Button.c: 32:         gpio_pin_read_logic(&(Button->butt
      +                          on_pin), &Pin_Logic_Status);
   478   00FE0A  C033  F02D         	movff	button_read_state@Button,gpio_pin_read_logic@pin
   479   00FE0E  0E37               	movlw	low button_read_state@Pin_Logic_Status
   480   00FE10  6E2E               	movwf	gpio_pin_read_logic@logic^0,c
   481   00FE12  EC98  F07E         	call	_gpio_pin_read_logic	;wreg free
   482                           
   483                           ;ECU_Layer/Push_Button/ECU_Push_Button.c: 33:         if(BUTTON_ACTIVE_HIGH == Button->b
      +                          utton_logic){
   484   00FE16  5033               	movf	button_read_state@Button^0,w,c
   485   00FE18  6ED9               	movwf	fsr2l,c
   486   00FE1A  6ADA               	clrf	fsr2h,c
   487   00FE1C  0E02               	movlw	2
   488   00FE1E  26D9               	addwf	fsr2l,f,c
   489   00FE20  04DE               	decf	postinc2,w,c
   490   00FE22  A4D8               	btfss	status,2,c
   491   00FE24  D00E               	goto	l1117
   492                           
   493                           ;ECU_Layer/Push_Button/ECU_Push_Button.c: 34:             if(GPIO_HIGH == Pin_Logic_Stat
      +                          us){
   494   00FE26  0437               	decf	button_read_state@Pin_Logic_Status^0,w,c
   495   00FE28  A4D8               	btfss	status,2,c
   496   00FE2A  D005               	goto	l1115
   497   00FE2C                     u400:
   498                           
   499                           ;ECU_Layer/Push_Button/ECU_Push_Button.c: 35:                 *btn_state = BUTTON_PRESSE
      +                          D;
   500   00FE2C  5034               	movf	button_read_state@btn_state^0,w,c
   501   00FE2E  6ED9               	movwf	fsr2l,c
   502   00FE30  6ADA               	clrf	fsr2h,c
   503   00FE32  6ADF               	clrf	indf2,c
   504                           
   505                           ;ECU_Layer/Push_Button/ECU_Push_Button.c: 36:             }
   506   00FE34  D012               	goto	l1125
   507   00FE36                     l1115:
   508                           
   509                           ;ECU_Layer/Push_Button/ECU_Push_Button.c: 38:                 *btn_state = BUTTON_RELEAS
      +                          ED;
   510   00FE36  5034               	movf	button_read_state@btn_state^0,w,c
   511   00FE38  6ED9               	movwf	fsr2l,c
   512   00FE3A  6ADA               	clrf	fsr2h,c
   513   00FE3C  0E01               	movlw	1
   514   00FE3E  6EDF               	movwf	indf2,c
   515   00FE40  D00C               	goto	l1125
   516   00FE42                     l1117:
   517   00FE42  5033               	movf	button_read_state@Button^0,w,c
   518   00FE44  6ED9               	movwf	fsr2l,c
   519   00FE46  6ADA               	clrf	fsr2h,c
   520   00FE48  0E02               	movlw	2
   521   00FE4A  26D9               	addwf	fsr2l,f,c
   522   00FE4C  50DF               	movf	indf2,w,c
   523   00FE4E  A4D8               	btfss	status,2,c
   524   00FE50  D004               	goto	l1125
   525                           
   526                           ;ECU_Layer/Push_Button/ECU_Push_Button.c: 42:             if(GPIO_HIGH == Pin_Logic_Stat
      +                          us){
   527   00FE52  0437               	decf	button_read_state@Pin_Logic_Status^0,w,c
   528   00FE54  B4D8               	btfsc	status,2,c
   529   00FE56  D7EF               	goto	l1115
   530   00FE58  D7E9               	goto	u400
   531   00FE5A                     l1125:
   532                           
   533                           ;ECU_Layer/Push_Button/ECU_Push_Button.c: 50:         ret = (Std_ReturnType)0X01;
   534   00FE5A  0E01               	movlw	1
   535   00FE5C                     L2:
   536   00FE5C  6E36               	movwf	button_read_state@ret^0,c
   537                           
   538                           ;ECU_Layer/Push_Button/ECU_Push_Button.c: 52:     return ret;
   539                           
   540                           ;ECU_Layer/Push_Button/ECU_Push_Button.c: 51:     }
   541   00FE5E  5036               	movf	button_read_state@ret^0,w,c
   542   00FE60  0012               	return		;funcret
   543   00FE62                     __end_of_button_read_state:
   544                           	callstack 0
   545                           
   546 ;; *************** function _gpio_pin_read_logic *****************
   547 ;; Defined at:
   548 ;;		line 91 in file "MCAL_Layer/GPIO/HAL_GPIO.c"
   549 ;; Parameters:    Size  Location     Type
   550 ;;  pin             1    0[COMRAM] PTR const struct .
   551 ;;		 -> btn0(3), 
   552 ;;  logic           1    1[COMRAM] PTR enum E2805
   553 ;;		 -> button_read_state@Pin_Logic_Status(1), 
   554 ;; Auto vars:     Size  Location     Type
   555 ;;  ret             1    0        unsigned char 
   556 ;; Return value:  Size  Location     Type
   557 ;;                  1    wreg      unsigned char 
   558 ;; Registers used:
   559 ;;		wreg, fsr1l, fsr1h, fsr2l, fsr2h, status,2, status,0, prodl, prodh
   560 ;; Tracked objects:
   561 ;;		On entry : 0/0
   562 ;;		On exit  : 0/0
   563 ;;		Unchanged: 0/0
   564 ;; Data sizes:     COMRAM   BANK0   BANK1   BANK2   BANK3   BANK4   BANK5   BANK6   BANK7   BANK8   BANK9  BANK10  BANK1
      +1  BANK12  BANK13  BANK14  BANK15
   565 ;;      Params:         2       0       0       0       0       0       0       0       0       0       0       0       
      +0       0       0       0       0
   566 ;;      Locals:         0       0       0       0       0       0       0       0       0       0       0       0       
      +0       0       0       0       0
   567 ;;      Temps:          4       0       0       0       0       0       0       0       0       0       0       0       
      +0       0       0       0       0
   568 ;;      Totals:         6       0       0       0       0       0       0       0       0       0       0       0       
      +0       0       0       0       0
   569 ;;Total ram usage:        6 bytes
   570 ;; Hardware stack levels used: 1
   571 ;; This function calls:
   572 ;;		Nothing
   573 ;; This function is called by:
   574 ;;		_button_read_state
   575 ;; This function uses a non-reentrant model
   576 ;;
   577                           
   578                           	psect	text2
   579   00FD30                     __ptext2:
   580                           	callstack 0
   581   00FD30                     _gpio_pin_read_logic:
   582                           	callstack 29
   583                           
   584                           ;MCAL_Layer/GPIO/HAL_GPIO.c: 94:     if(((void*)0) == pin || ((void*)0) == logic)
   585                           
   586                           ;incstack = 0
   587   00FD30  502D               	movf	gpio_pin_read_logic@pin^0,w,c
   588   00FD32  B4D8               	btfsc	status,2,c
   589   00FD34  0012               	return	
   590   00FD36  502E               	movf	gpio_pin_read_logic@logic^0,w,c
   591   00FD38  B4D8               	btfsc	status,2,c
   592   00FD3A  0012               	return	
   593                           
   594                           ;MCAL_Layer/GPIO/HAL_GPIO.c: 99:     {;MCAL_Layer/GPIO/HAL_GPIO.c: 100:         * logic 
      +                          = ((*Port_Register[pin->port]>>pin->pin) & 1);
   595                           
   596                           ;MCAL_Layer/GPIO/HAL_GPIO.c: 97:     }
   597   00FD3C  502E               	movf	gpio_pin_read_logic@logic^0,w,c
   598   00FD3E  6ED9               	movwf	fsr2l,c
   599   00FD40  6ADA               	clrf	fsr2h,c
   600   00FD42  502D               	movf	gpio_pin_read_logic@pin^0,w,c
   601   00FD44  6EE1               	movwf	fsr1l,c
   602   00FD46  6AE2               	clrf	fsr1h,c
   603   00FD48  30E7               	rrcf	231,w,c
   604   00FD4A  32E8               	rrcf	wreg,f,c
   605   00FD4C  32E8               	rrcf	wreg,f,c
   606   00FD4E  0B07               	andlw	7
   607   00FD50  6E2F               	movwf	??_gpio_pin_read_logic^0,c
   608   00FD52  502D               	movf	gpio_pin_read_logic@pin^0,w,c
   609   00FD54  6EE1               	movwf	fsr1l,c
   610   00FD56  6AE2               	clrf	fsr1h,c
   611   00FD58  50E7               	movf	231,w,c
   612   00FD5A  0B07               	andlw	7
   613   00FD5C  0D02               	mullw	2
   614   00FD5E  50F3               	movf	243,w,c
   615   00FD60  0F01               	addlw	low _Port_Register
   616   00FD62  6EE1               	movwf	fsr1l,c
   617   00FD64  6AE2               	clrf	fsr1h,c
   618   00FD66  CFE6 F030          	movff	postinc1,??_gpio_pin_read_logic+1
   619   00FD6A  CFE5 F031          	movff	postdec1,??_gpio_pin_read_logic+2
   620   00FD6E  C030  FFE1         	movff	??_gpio_pin_read_logic+1,fsr1l
   621   00FD72  C031  FFE2         	movff	??_gpio_pin_read_logic+2,fsr1h
   622   00FD76  50E7               	movf	indf1,w,c
   623   00FD78  6E32               	movwf	(??_gpio_pin_read_logic+3)^0,c
   624   00FD7A  2A2F               	incf	??_gpio_pin_read_logic^0,f,c
   625   00FD7C  D002               	goto	u354
   626   00FD7E                     u355:
   627   00FD7E  90D8               	bcf	status,0,c
   628   00FD80  3232               	rrcf	(??_gpio_pin_read_logic+3)^0,f,c
   629   00FD82                     u354:
   630   00FD82  2E2F               	decfsz	??_gpio_pin_read_logic^0,f,c
   631   00FD84  D7FC               	goto	u355
   632   00FD86  5032               	movf	(??_gpio_pin_read_logic+3)^0,w,c
   633   00FD88  0B01               	andlw	1
   634   00FD8A  6EDF               	movwf	indf2,c
   635   00FD8C  0012               	return		;funcret
   636   00FD8E                     __end_of_gpio_pin_read_logic:
   637                           	callstack 0
   638                           
   639 ;; *************** function _application_initialization *****************
   640 ;; Defined at:
   641 ;;		line 86 in file "Application.c"
   642 ;; Parameters:    Size  Location     Type
   643 ;;		None
   644 ;; Auto vars:     Size  Location     Type
   645 ;;  ret             1    0        unsigned char 
   646 ;; Return value:  Size  Location     Type
   647 ;;                  1    wreg      void 
   648 ;; Registers used:
   649 ;;		wreg, fsr2l, fsr2h, status,2, status,0, prodl, prodh, cstack
   650 ;; Tracked objects:
   651 ;;		On entry : 0/0
   652 ;;		On exit  : 0/0
   653 ;;		Unchanged: 0/0
   654 ;; Data sizes:     COMRAM   BANK0   BANK1   BANK2   BANK3   BANK4   BANK5   BANK6   BANK7   BANK8   BANK9  BANK10  BANK1
      +1  BANK12  BANK13  BANK14  BANK15
   655 ;;      Params:         0       0       0       0       0       0       0       0       0       0       0       0       
      +0       0       0       0       0
   656 ;;      Locals:         0       0       0       0       0       0       0       0       0       0       0       0       
      +0       0       0       0       0
   657 ;;      Temps:          0       0       0       0       0       0       0       0       0       0       0       0       
      +0       0       0       0       0
   658 ;;      Totals:         0       0       0       0       0       0       0       0       0       0       0       0       
      +0       0       0       0       0
   659 ;;Total ram usage:        0 bytes
   660 ;; Hardware stack levels used: 1
   661 ;; Hardware stack levels required when called: 2
   662 ;; This function calls:
   663 ;;		_button_initialize
   664 ;;		_gpio_pin_initialize
   665 ;; This function is called by:
   666 ;;		_main
   667 ;; This function uses a non-reentrant model
   668 ;;
   669                           
   670                           	psect	text3
   671   00FC7A                     __ptext3:
   672                           	callstack 0
   673   00FC7A                     _application_initialization:
   674                           	callstack 28
   675                           
   676                           ;incstack = 0
   677   00FC7A  0E27               	movlw	low _btn0
   678   00FC7C  6E34               	movwf	button_initialize@Button^0,c
   679   00FC7E  EC31  F07E         	call	_button_initialize	;wreg free
   680   00FC82  0E24               	movlw	low _btn1
   681   00FC84  6E34               	movwf	button_initialize@Button^0,c
   682   00FC86  EC31  F07E         	call	_button_initialize	;wreg free
   683   00FC8A  0E2C               	movlw	low _pin_RC0
   684   00FC8C  6E35               	movwf	gpio_pin_initialize@pin^0,c
   685   00FC8E  EC64  F07E         	call	_gpio_pin_initialize	;wreg free
   686   00FC92  0E2B               	movlw	low _pin_RC1
   687   00FC94  6E35               	movwf	gpio_pin_initialize@pin^0,c
   688   00FC96  EC64  F07E         	call	_gpio_pin_initialize	;wreg free
   689   00FC9A  0012               	return		;funcret
   690   00FC9C                     __end_of_application_initialization:
   691                           	callstack 0
   692                           
   693 ;; *************** function _gpio_pin_initialize *****************
   694 ;; Defined at:
   695 ;;		line 16 in file "MCAL_Layer/GPIO/HAL_GPIO.c"
   696 ;; Parameters:    Size  Location     Type
   697 ;;  pin             1    8[COMRAM] PTR const struct .
   698 ;;		 -> pin_RC1(1), pin_RC0(1), 
   699 ;; Auto vars:     Size  Location     Type
   700 ;;  ret             1    9[COMRAM] unsigned char 
   701 ;; Return value:  Size  Location     Type
   702 ;;                  1    wreg      unsigned char 
   703 ;; Registers used:
   704 ;;		wreg, fsr2l, fsr2h, status,2, status,0, prodl, prodh, cstack
   705 ;; Tracked objects:
   706 ;;		On entry : 0/0
   707 ;;		On exit  : 0/0
   708 ;;		Unchanged: 0/0
   709 ;; Data sizes:     COMRAM   BANK0   BANK1   BANK2   BANK3   BANK4   BANK5   BANK6   BANK7   BANK8   BANK9  BANK10  BANK1
      +1  BANK12  BANK13  BANK14  BANK15
   710 ;;      Params:         1       0       0       0       0       0       0       0       0       0       0       0       
      +0       0       0       0       0
   711 ;;      Locals:         1       0       0       0       0       0       0       0       0       0       0       0       
      +0       0       0       0       0
   712 ;;      Temps:          0       0       0       0       0       0       0       0       0       0       0       0       
      +0       0       0       0       0
   713 ;;      Totals:         2       0       0       0       0       0       0       0       0       0       0       0       
      +0       0       0       0       0
   714 ;;Total ram usage:        2 bytes
   715 ;; Hardware stack levels used: 1
   716 ;; Hardware stack levels required when called: 1
   717 ;; This function calls:
   718 ;;		_gpio_pin_directoin_initialize
   719 ;;		_gpio_pin_write_logic
   720 ;; This function is called by:
   721 ;;		_application_initialization
   722 ;; This function uses a non-reentrant model
   723 ;;
   724                           
   725                           	psect	text4
   726   00FCC8                     __ptext4:
   727                           	callstack 0
   728   00FCC8                     _gpio_pin_initialize:
   729                           	callstack 28
   730                           
   731                           ;MCAL_Layer/GPIO/HAL_GPIO.c: 20:     if(((void*)0) == pin)
   732                           
   733                           ;incstack = 0
   734   00FCC8  5035               	movf	gpio_pin_initialize@pin^0,w,c
   735   00FCCA  A4D8               	btfss	status,2,c
   736   00FCCC  D002               	goto	l1061
   737                           
   738                           ;MCAL_Layer/GPIO/HAL_GPIO.c: 21:     {;MCAL_Layer/GPIO/HAL_GPIO.c: 22:         ret = (St
      +                          d_ReturnType)0X00;
   739   00FCCE  0E00               	movlw	0
   740   00FCD0  D012               	goto	L3
   741   00FCD2                     l1061:
   742                           
   743                           ;MCAL_Layer/GPIO/HAL_GPIO.c: 25:     {;MCAL_Layer/GPIO/HAL_GPIO.c: 26:         ret = gpi
      +                          o_pin_directoin_initialize(pin);
   744   00FCD2  C035  F02D         	movff	gpio_pin_initialize@pin,gpio_pin_directoin_initialize@pin
   745   00FCD6  EC95  F07F         	call	_gpio_pin_directoin_initialize	;wreg free
   746   00FCDA  6E36               	movwf	gpio_pin_initialize@ret^0,c
   747                           
   748                           ;MCAL_Layer/GPIO/HAL_GPIO.c: 27:         ret = gpio_pin_write_logic(pin,pin->logic);
   749   00FCDC  C035  F02D         	movff	gpio_pin_initialize@pin,gpio_pin_write_logic@pin
   750   00FCE0  5035               	movf	gpio_pin_initialize@pin^0,w,c
   751   00FCE2  6ED9               	movwf	fsr2l,c
   752   00FCE4  6ADA               	clrf	fsr2h,c
   753   00FCE6  0E00               	movlw	0
   754   00FCE8  BCDF               	btfsc	indf2,6,c
   755   00FCEA  0E01               	movlw	1
   756   00FCEC  6E2E               	movwf	gpio_pin_write_logic@logic^0,c
   757   00FCEE  EC31  F07F         	call	_gpio_pin_write_logic	;wreg free
   758   00FCF2  6E36               	movwf	gpio_pin_initialize@ret^0,c
   759                           
   760                           ;MCAL_Layer/GPIO/HAL_GPIO.c: 28:         ret = (Std_ReturnType)0X01;
   761   00FCF4  0E01               	movlw	1
   762   00FCF6                     L3:
   763   00FCF6  6E36               	movwf	gpio_pin_initialize@ret^0,c
   764                           
   765                           ;MCAL_Layer/GPIO/HAL_GPIO.c: 30:     return ret;
   766   00FCF8  5036               	movf	gpio_pin_initialize@ret^0,w,c
   767   00FCFA  0012               	return		;funcret
   768   00FCFC                     __end_of_gpio_pin_initialize:
   769                           	callstack 0
   770                           
   771 ;; *************** function _gpio_pin_write_logic *****************
   772 ;; Defined at:
   773 ;;		line 70 in file "MCAL_Layer/GPIO/HAL_GPIO.c"
   774 ;; Parameters:    Size  Location     Type
   775 ;;  pin             1    0[COMRAM] PTR const struct .
   776 ;;		 -> pin_RC1(1), pin_RC0(1), 
   777 ;;  logic           1    1[COMRAM] enum E2805
   778 ;; Auto vars:     Size  Location     Type
   779 ;;  ret             1    7[COMRAM] unsigned char 
   780 ;; Return value:  Size  Location     Type
   781 ;;                  1    wreg      unsigned char 
   782 ;; Registers used:
   783 ;;		wreg, fsr2l, fsr2h, status,2, status,0, prodl, prodh
   784 ;; Tracked objects:
   785 ;;		On entry : 0/0
   786 ;;		On exit  : 0/0
   787 ;;		Unchanged: 0/0
   788 ;; Data sizes:     COMRAM   BANK0   BANK1   BANK2   BANK3   BANK4   BANK5   BANK6   BANK7   BANK8   BANK9  BANK10  BANK1
      +1  BANK12  BANK13  BANK14  BANK15
   789 ;;      Params:         2       0       0       0       0       0       0       0       0       0       0       0       
      +0       0       0       0       0
   790 ;;      Locals:         1       0       0       0       0       0       0       0       0       0       0       0       
      +0       0       0       0       0
   791 ;;      Temps:          5       0       0       0       0       0       0       0       0       0       0       0       
      +0       0       0       0       0
   792 ;;      Totals:         8       0       0       0       0       0       0       0       0       0       0       0       
      +0       0       0       0       0
   793 ;;Total ram usage:        8 bytes
   794 ;; Hardware stack levels used: 1
   795 ;; This function calls:
   796 ;;		Nothing
   797 ;; This function is called by:
   798 ;;		_gpio_pin_initialize
   799 ;; This function uses a non-reentrant model
   800 ;;
   801                           
   802                           	psect	text5
   803   00FE62                     __ptext5:
   804                           	callstack 0
   805   00FE62                     _gpio_pin_write_logic:
   806                           	callstack 28
   807                           
   808                           ;MCAL_Layer/GPIO/HAL_GPIO.c: 73:     if(((void*)0) == pin)
   809                           
   810                           ;incstack = 0
   811   00FE62  502D               	movf	gpio_pin_write_logic@pin^0,w,c
   812   00FE64  D051               	goto	l1047
   813   00FE66                     l1037:
   814                           
   815                           ;MCAL_Layer/GPIO/HAL_GPIO.c: 80:             (*Lat_Register[pin->port] &= ~((uint8)1<<pi
      +                          n->pin));
   816   00FE66  502D               	movf	gpio_pin_write_logic@pin^0,w,c
   817   00FE68  6ED9               	movwf	fsr2l,c
   818   00FE6A  6ADA               	clrf	fsr2h,c
   819   00FE6C  30DF               	rrcf	223,w,c
   820   00FE6E  32E8               	rrcf	wreg,f,c
   821   00FE70  32E8               	rrcf	wreg,f,c
   822   00FE72  0B07               	andlw	7
   823   00FE74  6E2F               	movwf	??_gpio_pin_write_logic^0,c
   824   00FE76  0E01               	movlw	1
   825   00FE78  6E30               	movwf	(??_gpio_pin_write_logic+1)^0,c
   826   00FE7A  2A2F               	incf	??_gpio_pin_write_logic^0,f,c
   827   00FE7C  D002               	goto	u304
   828   00FE7E                     u305:
   829   00FE7E  90D8               	bcf	status,0,c
   830   00FE80  3630               	rlcf	(??_gpio_pin_write_logic+1)^0,f,c
   831   00FE82                     u304:
   832   00FE82  2E2F               	decfsz	??_gpio_pin_write_logic^0,f,c
   833   00FE84  D7FC               	goto	u305
   834   00FE86  5030               	movf	(??_gpio_pin_write_logic+1)^0,w,c
   835   00FE88  0AFF               	xorlw	255
   836   00FE8A  6E31               	movwf	(??_gpio_pin_write_logic+2)^0,c
   837   00FE8C  502D               	movf	gpio_pin_write_logic@pin^0,w,c
   838   00FE8E  6ED9               	movwf	fsr2l,c
   839   00FE90  6ADA               	clrf	fsr2h,c
   840   00FE92  50DF               	movf	223,w,c
   841   00FE94  0B07               	andlw	7
   842   00FE96  0D02               	mullw	2
   843   00FE98  50F3               	movf	243,w,c
   844   00FE9A  0F0B               	addlw	low _Lat_Register
   845   00FE9C  6ED9               	movwf	fsr2l,c
   846   00FE9E  6ADA               	clrf	fsr2h,c
   847   00FEA0  CFDE F032          	movff	postinc2,??_gpio_pin_write_logic+3
   848   00FEA4  CFDD F033          	movff	postdec2,??_gpio_pin_write_logic+4
   849   00FEA8  C032  FFD9         	movff	??_gpio_pin_write_logic+3,fsr2l
   850   00FEAC  C033  FFDA         	movff	??_gpio_pin_write_logic+4,fsr2h
   851   00FEB0  5031               	movf	(??_gpio_pin_write_logic+2)^0,w,c
   852   00FEB2  16DF               	andwf	indf2,f,c
   853   00FEB4                     l1039:
   854                           
   855                           ;MCAL_Layer/GPIO/HAL_GPIO.c: 81:             ret = (Std_ReturnType)0X01;
   856   00FEB4  0E01               	movlw	1
   857   00FEB6  D026               	goto	L4
   858   00FEB8                     l1041:
   859                           
   860                           ;MCAL_Layer/GPIO/HAL_GPIO.c: 84:             (*Lat_Register[pin->port] |= ((uint8)1<<pin
      +                          ->pin));
   861   00FEB8  502D               	movf	gpio_pin_write_logic@pin^0,w,c
   862   00FEBA  6ED9               	movwf	fsr2l,c
   863   00FEBC  6ADA               	clrf	fsr2h,c
   864   00FEBE  30DF               	rrcf	223,w,c
   865   00FEC0  32E8               	rrcf	wreg,f,c
   866   00FEC2  32E8               	rrcf	wreg,f,c
   867   00FEC4  0B07               	andlw	7
   868   00FEC6  6E2F               	movwf	??_gpio_pin_write_logic^0,c
   869   00FEC8  0E01               	movlw	1
   870   00FECA  6E30               	movwf	(??_gpio_pin_write_logic+1)^0,c
   871   00FECC  2A2F               	incf	??_gpio_pin_write_logic^0,f,c
   872   00FECE  D002               	goto	u314
   873   00FED0                     u315:
   874   00FED0  90D8               	bcf	status,0,c
   875   00FED2  3630               	rlcf	(??_gpio_pin_write_logic+1)^0,f,c
   876   00FED4                     u314:
   877   00FED4  2E2F               	decfsz	??_gpio_pin_write_logic^0,f,c
   878   00FED6  D7FC               	goto	u315
   879   00FED8  502D               	movf	gpio_pin_write_logic@pin^0,w,c
   880   00FEDA  6ED9               	movwf	fsr2l,c
   881   00FEDC  6ADA               	clrf	fsr2h,c
   882   00FEDE  50DF               	movf	223,w,c
   883   00FEE0  0B07               	andlw	7
   884   00FEE2  0D02               	mullw	2
   885   00FEE4  50F3               	movf	243,w,c
   886   00FEE6  0F0B               	addlw	low _Lat_Register
   887   00FEE8  6ED9               	movwf	fsr2l,c
   888   00FEEA  6ADA               	clrf	fsr2h,c
   889   00FEEC  CFDE F031          	movff	postinc2,??_gpio_pin_write_logic+2
   890   00FEF0  CFDD F032          	movff	postdec2,??_gpio_pin_write_logic+3
   891   00FEF4  C031  FFD9         	movff	??_gpio_pin_write_logic+2,fsr2l
   892   00FEF8  C032  FFDA         	movff	??_gpio_pin_write_logic+3,fsr2h
   893   00FEFC  5030               	movf	(??_gpio_pin_write_logic+1)^0,w,c
   894   00FEFE  12DF               	iorwf	indf2,f,c
   895   00FF00  D7D9               	goto	l1039
   896   00FF02                     l1045:
   897   00FF02  0E00               	movlw	0
   898   00FF04                     L4:
   899   00FF04  6E34               	movwf	gpio_pin_write_logic@ret^0,c
   900                           
   901                           ;MCAL_Layer/GPIO/HAL_GPIO.c: 88:     }
   902   00FF06  D00F               	goto	l1049
   903   00FF08                     l1047:
   904   00FF08  502E               	movf	gpio_pin_write_logic@logic^0,w,c
   905   00FF0A  6E2F               	movwf	??_gpio_pin_write_logic^0,c
   906   00FF0C  6A30               	clrf	(??_gpio_pin_write_logic+1)^0,c
   907                           
   908                           ; Switch on 2 bytes has been partitioned into a top level switch of size 1, and 1 sub-sw
      +                          itches
   909                           ; Switch size 1, requested type "simple"
   910                           ; Number of cases is 1, Range of values is 0 to 0
   911                           ; switch strategies available:
   912                           ; Name         Instructions Cycles
   913                           ; simple_byte            4     3 (average)
   914                           ;	Chosen strategy is simple_byte
   915   00FF0E  5030               	movf	(??_gpio_pin_write_logic+1)^0,w,c
   916   00FF10  0A00               	xorlw	0	; case 0
   917   00FF12  A4D8               	btfss	status,2,c
   918   00FF14  D7F6               	goto	l1045
   919                           
   920                           ; Switch size 1, requested type "simple"
   921                           ; Number of cases is 2, Range of values is 0 to 1
   922                           ; switch strategies available:
   923                           ; Name         Instructions Cycles
   924                           ; simple_byte            7     4 (average)
   925                           ;	Chosen strategy is simple_byte
   926   00FF16  502F               	movf	??_gpio_pin_write_logic^0,w,c
   927   00FF18  0A00               	xorlw	0	; case 0
   928   00FF1A  B4D8               	btfsc	status,2,c
   929   00FF1C  D7A4               	goto	l1037
   930   00FF1E  0A01               	xorlw	1	; case 1
   931   00FF20  B4D8               	btfsc	status,2,c
   932   00FF22  D7CA               	goto	l1041
   933   00FF24  D7EE               	goto	l1045
   934   00FF26                     l1049:
   935                           
   936                           ;MCAL_Layer/GPIO/HAL_GPIO.c: 89:     return ret;
   937   00FF26  5034               	movf	gpio_pin_write_logic@ret^0,w,c
   938   00FF28  0012               	return		;funcret
   939   00FF2A                     __end_of_gpio_pin_write_logic:
   940                           	callstack 0
   941                           
   942 ;; *************** function _button_initialize *****************
   943 ;; Defined at:
   944 ;;		line 11 in file "ECU_Layer/Push_Button/ECU_Push_Button.c"
   945 ;; Parameters:    Size  Location     Type
   946 ;;  Button          1    7[COMRAM] PTR const struct .
   947 ;;		 -> btn1(3), btn0(3), 
   948 ;; Auto vars:     Size  Location     Type
   949 ;;  ret             1    8[COMRAM] unsigned char 
   950 ;; Return value:  Size  Location     Type
   951 ;;                  1    wreg      unsigned char 
   952 ;; Registers used:
   953 ;;		wreg, fsr2l, fsr2h, status,2, status,0, prodl, prodh, cstack
   954 ;; Tracked objects:
   955 ;;		On entry : 0/0
   956 ;;		On exit  : 0/0
   957 ;;		Unchanged: 0/0
   958 ;; Data sizes:     COMRAM   BANK0   BANK1   BANK2   BANK3   BANK4   BANK5   BANK6   BANK7   BANK8   BANK9  BANK10  BANK1
      +1  BANK12  BANK13  BANK14  BANK15
   959 ;;      Params:         1       0       0       0       0       0       0       0       0       0       0       0       
      +0       0       0       0       0
   960 ;;      Locals:         1       0       0       0       0       0       0       0       0       0       0       0       
      +0       0       0       0       0
   961 ;;      Temps:          0       0       0       0       0       0       0       0       0       0       0       0       
      +0       0       0       0       0
   962 ;;      Totals:         2       0       0       0       0       0       0       0       0       0       0       0       
      +0       0       0       0       0
   963 ;;Total ram usage:        2 bytes
   964 ;; Hardware stack levels used: 1
   965 ;; Hardware stack levels required when called: 1
   966 ;; This function calls:
   967 ;;		_gpio_pin_directoin_initialize
   968 ;; This function is called by:
   969 ;;		_main
   970 ;;		_application_initialization
   971 ;; This function uses a non-reentrant model
   972 ;;
   973                           
   974                           	psect	text6
   975   00FC62                     __ptext6:
   976                           	callstack 0
   977   00FC62                     _button_initialize:
   978                           	callstack 29
   979                           
   980                           ;ECU_Layer/Push_Button/ECU_Push_Button.c: 15:     if(((void*)0) == Button){
   981                           
   982                           ;incstack = 0
   983   00FC62  5034               	movf	button_initialize@Button^0,w,c
   984   00FC64  A4D8               	btfss	status,2,c
   985   00FC66  D002               	goto	l1085
   986                           
   987                           ;ECU_Layer/Push_Button/ECU_Push_Button.c: 16:         ret = (Std_ReturnType)0X00;
   988   00FC68  0E00               	movlw	0
   989   00FC6A  D004               	goto	L5
   990   00FC6C                     l1085:
   991                           
   992                           ;ECU_Layer/Push_Button/ECU_Push_Button.c: 19:         ret = gpio_pin_directoin_initializ
      +                          e(&(Button->button_pin));
   993   00FC6C  C034  F02D         	movff	button_initialize@Button,gpio_pin_directoin_initialize@pin
   994   00FC70  EC95  F07F         	call	_gpio_pin_directoin_initialize	;wreg free
   995   00FC74                     L5:
   996   00FC74  6E35               	movwf	button_initialize@ret^0,c
   997                           
   998                           ;ECU_Layer/Push_Button/ECU_Push_Button.c: 21:     return ret;
   999   00FC76  5035               	movf	button_initialize@ret^0,w,c
  1000   00FC78  0012               	return		;funcret
  1001   00FC7A                     __end_of_button_initialize:
  1002                           	callstack 0
  1003                           
  1004 ;; *************** function _gpio_pin_directoin_initialize *****************
  1005 ;; Defined at:
  1006 ;;		line 32 in file "MCAL_Layer/GPIO/HAL_GPIO.c"
  1007 ;; Parameters:    Size  Location     Type
  1008 ;;  pin             1    0[COMRAM] PTR const struct .
  1009 ;;		 -> pin_RC1(1), pin_RC0(1), btn1(3), btn0(3), 
  1010 ;; Auto vars:     Size  Location     Type
  1011 ;;  ret             1    6[COMRAM] unsigned char 
  1012 ;; Return value:  Size  Location     Type
  1013 ;;                  1    wreg      unsigned char 
  1014 ;; Registers used:
  1015 ;;		wreg, fsr2l, fsr2h, status,2, status,0, prodl, prodh
  1016 ;; Tracked objects:
  1017 ;;		On entry : 0/0
  1018 ;;		On exit  : 0/0
  1019 ;;		Unchanged: 0/0
  1020 ;; Data sizes:     COMRAM   BANK0   BANK1   BANK2   BANK3   BANK4   BANK5   BANK6   BANK7   BANK8   BANK9  BANK10  BANK1
      +1  BANK12  BANK13  BANK14  BANK15
  1021 ;;      Params:         1       0       0       0       0       0       0       0       0       0       0       0       
      +0       0       0       0       0
  1022 ;;      Locals:         1       0       0       0       0       0       0       0       0       0       0       0       
      +0       0       0       0       0
  1023 ;;      Temps:          5       0       0       0       0       0       0       0       0       0       0       0       
      +0       0       0       0       0
  1024 ;;      Totals:         7       0       0       0       0       0       0       0       0       0       0       0       
      +0       0       0       0       0
  1025 ;;Total ram usage:        7 bytes
  1026 ;; Hardware stack levels used: 1
  1027 ;; This function calls:
  1028 ;;		Nothing
  1029 ;; This function is called by:
  1030 ;;		_gpio_pin_initialize
  1031 ;;		_button_initialize
  1032 ;; This function uses a non-reentrant model
  1033 ;;
  1034                           
  1035                           	psect	text7
  1036   00FF2A                     __ptext7:
  1037                           	callstack 0
  1038   00FF2A                     _gpio_pin_directoin_initialize:
  1039                           	callstack 29
  1040                           
  1041                           ;MCAL_Layer/GPIO/HAL_GPIO.c: 35:     if(((void*)0) == pin)
  1042                           
  1043                           ;incstack = 0
  1044   00FF2A  502D               	movf	gpio_pin_directoin_initialize@pin^0,w,c
  1045   00FF2C  D051               	goto	l1023
  1046   00FF2E                     l1013:
  1047                           
  1048                           ;MCAL_Layer/GPIO/HAL_GPIO.c: 43:             (*Tris_Register[pin->port] &= ~((uint8)1<<p
      +                          in->pin));
  1049   00FF2E  502D               	movf	gpio_pin_directoin_initialize@pin^0,w,c
  1050   00FF30  6ED9               	movwf	fsr2l,c
  1051   00FF32  6ADA               	clrf	fsr2h,c
  1052   00FF34  30DF               	rrcf	223,w,c
  1053   00FF36  32E8               	rrcf	wreg,f,c
  1054   00FF38  32E8               	rrcf	wreg,f,c
  1055   00FF3A  0B07               	andlw	7
  1056   00FF3C  6E2E               	movwf	??_gpio_pin_directoin_initialize^0,c
  1057   00FF3E  0E01               	movlw	1
  1058   00FF40  6E2F               	movwf	(??_gpio_pin_directoin_initialize+1)^0,c
  1059   00FF42  2A2E               	incf	??_gpio_pin_directoin_initialize^0,f,c
  1060   00FF44  D002               	goto	u254
  1061   00FF46                     u255:
  1062   00FF46  90D8               	bcf	status,0,c
  1063   00FF48  362F               	rlcf	(??_gpio_pin_directoin_initialize+1)^0,f,c
  1064   00FF4A                     u254:
  1065   00FF4A  2E2E               	decfsz	??_gpio_pin_directoin_initialize^0,f,c
  1066   00FF4C  D7FC               	goto	u255
  1067   00FF4E  502F               	movf	(??_gpio_pin_directoin_initialize+1)^0,w,c
  1068   00FF50  0AFF               	xorlw	255
  1069   00FF52  6E30               	movwf	(??_gpio_pin_directoin_initialize+2)^0,c
  1070   00FF54  502D               	movf	gpio_pin_directoin_initialize@pin^0,w,c
  1071   00FF56  6ED9               	movwf	fsr2l,c
  1072   00FF58  6ADA               	clrf	fsr2h,c
  1073   00FF5A  50DF               	movf	223,w,c
  1074   00FF5C  0B07               	andlw	7
  1075   00FF5E  0D02               	mullw	2
  1076   00FF60  50F3               	movf	243,w,c
  1077   00FF62  0F15               	addlw	low _Tris_Register
  1078   00FF64  6ED9               	movwf	fsr2l,c
  1079   00FF66  6ADA               	clrf	fsr2h,c
  1080   00FF68  CFDE F031          	movff	postinc2,??_gpio_pin_directoin_initialize+3
  1081   00FF6C  CFDD F032          	movff	postdec2,??_gpio_pin_directoin_initialize+4
  1082   00FF70  C031  FFD9         	movff	??_gpio_pin_directoin_initialize+3,fsr2l
  1083   00FF74  C032  FFDA         	movff	??_gpio_pin_directoin_initialize+4,fsr2h
  1084   00FF78  5030               	movf	(??_gpio_pin_directoin_initialize+2)^0,w,c
  1085   00FF7A  16DF               	andwf	indf2,f,c
  1086   00FF7C                     l1015:
  1087                           
  1088                           ;MCAL_Layer/GPIO/HAL_GPIO.c: 44:             ret = (Std_ReturnType)0X01;
  1089   00FF7C  0E01               	movlw	1
  1090   00FF7E  D026               	goto	L6
  1091   00FF80                     l1017:
  1092                           
  1093                           ;MCAL_Layer/GPIO/HAL_GPIO.c: 48:             (*Tris_Register[pin->port] |= ((uint8)1<<pi
      +                          n->pin));
  1094   00FF80  502D               	movf	gpio_pin_directoin_initialize@pin^0,w,c
  1095   00FF82  6ED9               	movwf	fsr2l,c
  1096   00FF84  6ADA               	clrf	fsr2h,c
  1097   00FF86  30DF               	rrcf	223,w,c
  1098   00FF88  32E8               	rrcf	wreg,f,c
  1099   00FF8A  32E8               	rrcf	wreg,f,c
  1100   00FF8C  0B07               	andlw	7
  1101   00FF8E  6E2E               	movwf	??_gpio_pin_directoin_initialize^0,c
  1102   00FF90  0E01               	movlw	1
  1103   00FF92  6E2F               	movwf	(??_gpio_pin_directoin_initialize+1)^0,c
  1104   00FF94  2A2E               	incf	??_gpio_pin_directoin_initialize^0,f,c
  1105   00FF96  D002               	goto	u264
  1106   00FF98                     u265:
  1107   00FF98  90D8               	bcf	status,0,c
  1108   00FF9A  362F               	rlcf	(??_gpio_pin_directoin_initialize+1)^0,f,c
  1109   00FF9C                     u264:
  1110   00FF9C  2E2E               	decfsz	??_gpio_pin_directoin_initialize^0,f,c
  1111   00FF9E  D7FC               	goto	u265
  1112   00FFA0  502D               	movf	gpio_pin_directoin_initialize@pin^0,w,c
  1113   00FFA2  6ED9               	movwf	fsr2l,c
  1114   00FFA4  6ADA               	clrf	fsr2h,c
  1115   00FFA6  50DF               	movf	223,w,c
  1116   00FFA8  0B07               	andlw	7
  1117   00FFAA  0D02               	mullw	2
  1118   00FFAC  50F3               	movf	243,w,c
  1119   00FFAE  0F15               	addlw	low _Tris_Register
  1120   00FFB0  6ED9               	movwf	fsr2l,c
  1121   00FFB2  6ADA               	clrf	fsr2h,c
  1122   00FFB4  CFDE F030          	movff	postinc2,??_gpio_pin_directoin_initialize+2
  1123   00FFB8  CFDD F031          	movff	postdec2,??_gpio_pin_directoin_initialize+3
  1124   00FFBC  C030  FFD9         	movff	??_gpio_pin_directoin_initialize+2,fsr2l
  1125   00FFC0  C031  FFDA         	movff	??_gpio_pin_directoin_initialize+3,fsr2h
  1126   00FFC4  502F               	movf	(??_gpio_pin_directoin_initialize+1)^0,w,c
  1127   00FFC6  12DF               	iorwf	indf2,f,c
  1128   00FFC8  D7D9               	goto	l1015
  1129   00FFCA                     l1021:
  1130   00FFCA  0E00               	movlw	0
  1131   00FFCC                     L6:
  1132   00FFCC  6E33               	movwf	gpio_pin_directoin_initialize@ret^0,c
  1133                           
  1134                           ;MCAL_Layer/GPIO/HAL_GPIO.c: 53:     }
  1135   00FFCE  D016               	goto	l1025
  1136   00FFD0                     l1023:
  1137   00FFD0  502D               	movf	gpio_pin_directoin_initialize@pin^0,w,c
  1138   00FFD2  6ED9               	movwf	fsr2l,c
  1139   00FFD4  6ADA               	clrf	fsr2h,c
  1140   00FFD6  AEDF               	btfss	indf2,7,c
  1141   00FFD8  D002               	goto	u270
  1142   00FFDA  0E01               	movlw	1
  1143   00FFDC  D001               	goto	u280
  1144   00FFDE                     u270:
  1145   00FFDE  0E00               	movlw	0
  1146   00FFE0                     u280:
  1147   00FFE0  6E2E               	movwf	??_gpio_pin_directoin_initialize^0,c
  1148   00FFE2  6A2F               	clrf	(??_gpio_pin_directoin_initialize+1)^0,c
  1149                           
  1150                           ; Switch on 2 bytes has been partitioned into a top level switch of size 1, and 1 sub-sw
      +                          itches
  1151                           ; Switch size 1, requested type "simple"
  1152                           ; Number of cases is 1, Range of values is 0 to 0
  1153                           ; switch strategies available:
  1154                           ; Name         Instructions Cycles
  1155                           ; simple_byte            4     3 (average)
  1156                           ;	Chosen strategy is simple_byte
  1157   00FFE4  502F               	movf	(??_gpio_pin_directoin_initialize+1)^0,w,c
  1158   00FFE6  0A00               	xorlw	0	; case 0
  1159   00FFE8  A4D8               	btfss	status,2,c
  1160   00FFEA  D7EF               	goto	l1021
  1161                           
  1162                           ; Switch size 1, requested type "simple"
  1163                           ; Number of cases is 2, Range of values is 0 to 1
  1164                           ; switch strategies available:
  1165                           ; Name         Instructions Cycles
  1166                           ; simple_byte            7     4 (average)
  1167                           ;	Chosen strategy is simple_byte
  1168   00FFEC  502E               	movf	??_gpio_pin_directoin_initialize^0,w,c
  1169   00FFEE  0A00               	xorlw	0	; case 0
  1170   00FFF0  B4D8               	btfsc	status,2,c
  1171   00FFF2  D79D               	goto	l1013
  1172   00FFF4  0A01               	xorlw	1	; case 1
  1173   00FFF6  B4D8               	btfsc	status,2,c
  1174   00FFF8  D7C3               	goto	l1017
  1175   00FFFA  D7E7               	goto	l1021
  1176   00FFFC                     l1025:
  1177                           
  1178                           ;MCAL_Layer/GPIO/HAL_GPIO.c: 54:     return ret;
  1179   00FFFC  5033               	movf	gpio_pin_directoin_initialize@ret^0,w,c
  1180   00FFFE  0012               	return		;funcret
  1181   010000                     __end_of_gpio_pin_directoin_initialize:
  1182                           	callstack 0
  1183   000000                     
  1184                           	psect	rparam
  1185   000000                     
  1186                           	psect	idloc
  1187                           
  1188                           ;Config register IDLOC0 @ 0x200000
  1189                           ;	unspecified, using default values
  1190   200000                     	org	2097152
  1191   200000  FF                 	db	255
  1192                           
  1193                           ;Config register IDLOC1 @ 0x200001
  1194                           ;	unspecified, using default values
  1195   200001                     	org	2097153
  1196   200001  FF                 	db	255
  1197                           
  1198                           ;Config register IDLOC2 @ 0x200002
  1199                           ;	unspecified, using default values
  1200   200002                     	org	2097154
  1201   200002  FF                 	db	255
  1202                           
  1203                           ;Config register IDLOC3 @ 0x200003
  1204                           ;	unspecified, using default values
  1205   200003                     	org	2097155
  1206   200003  FF                 	db	255
  1207                           
  1208                           ;Config register IDLOC4 @ 0x200004
  1209                           ;	unspecified, using default values
  1210   200004                     	org	2097156
  1211   200004  FF                 	db	255
  1212                           
  1213                           ;Config register IDLOC5 @ 0x200005
  1214                           ;	unspecified, using default values
  1215   200005                     	org	2097157
  1216   200005  FF                 	db	255
  1217                           
  1218                           ;Config register IDLOC6 @ 0x200006
  1219                           ;	unspecified, using default values
  1220   200006                     	org	2097158
  1221   200006  FF                 	db	255
  1222                           
  1223                           ;Config register IDLOC7 @ 0x200007
  1224                           ;	unspecified, using default values
  1225   200007                     	org	2097159
  1226   200007  FF                 	db	255
  1227                           
  1228                           	psect	config
  1229                           
  1230                           ; Padding undefined space
  1231   300000                     	org	3145728
  1232   300000  FF                 	db	255
  1233                           
  1234                           ;Config register CONFIG1H @ 0x300001
  1235                           ;	unspecified, using default values
  1236                           ;	Oscillator Selection bits
  1237                           ;	OSC = 0x7, unprogrammed default
  1238                           ;	Fail-Safe Clock Monitor Enable bit
  1239                           ;	FCMEN = 0x0, unprogrammed default
  1240                           ;	Internal/External Oscillator Switchover bit
  1241                           ;	IESO = 0x0, unprogrammed default
  1242   300001                     	org	3145729
  1243   300001  07                 	db	7
  1244                           
  1245                           ;Config register CONFIG2L @ 0x300002
  1246                           ;	unspecified, using default values
  1247                           ;	Power-up Timer Enable bit
  1248                           ;	PWRT = 0x1, unprogrammed default
  1249                           ;	Brown-out Reset Enable bits
  1250                           ;	BOREN = 0x3, unprogrammed default
  1251                           ;	Brown Out Reset Voltage bits
  1252                           ;	BORV = 0x3, unprogrammed default
  1253   300002                     	org	3145730
  1254   300002  1F                 	db	31
  1255                           
  1256                           ;Config register CONFIG2H @ 0x300003
  1257                           ;	unspecified, using default values
  1258                           ;	Watchdog Timer Enable bit
  1259                           ;	WDT = 0x1, unprogrammed default
  1260                           ;	Watchdog Timer Postscale Select bits
  1261                           ;	WDTPS = 0xF, unprogrammed default
  1262   300003                     	org	3145731
  1263   300003  1F                 	db	31
  1264                           
  1265                           ; Padding undefined space
  1266   300004                     	org	3145732
  1267   300004  FF                 	db	255
  1268                           
  1269                           ;Config register CONFIG3H @ 0x300005
  1270                           ;	unspecified, using default values
  1271                           ;	CCP2 MUX bit
  1272                           ;	CCP2MX = 0x1, unprogrammed default
  1273                           ;	PORTB A/D Enable bit
  1274                           ;	PBADEN = 0x1, unprogrammed default
  1275                           ;	Low-Power Timer1 Oscillator Enable bit
  1276                           ;	LPT1OSC = 0x0, unprogrammed default
  1277                           ;	MCLR Pin Enable bit
  1278                           ;	MCLRE = 0x1, unprogrammed default
  1279   300005                     	org	3145733
  1280   300005  83                 	db	131
  1281                           
  1282                           ;Config register CONFIG4L @ 0x300006
  1283                           ;	unspecified, using default values
  1284                           ;	Stack Full/Underflow Reset Enable bit
  1285                           ;	STVREN = 0x1, unprogrammed default
  1286                           ;	Single-Supply ICSP Enable bit
  1287                           ;	LVP = 0x1, unprogrammed default
  1288                           ;	Extended Instruction Set Enable bit
  1289                           ;	XINST = 0x0, unprogrammed default
  1290                           ;	Background Debugger Enable bit
  1291                           ;	DEBUG = 0x1, unprogrammed default
  1292   300006                     	org	3145734
  1293   300006  85                 	db	133
  1294                           
  1295                           ; Padding undefined space
  1296   300007                     	org	3145735
  1297   300007  FF                 	db	255
  1298                           
  1299                           ;Config register CONFIG5L @ 0x300008
  1300                           ;	unspecified, using default values
  1301                           ;	Code Protection bit
  1302                           ;	CP0 = 0x1, unprogrammed default
  1303                           ;	Code Protection bit
  1304                           ;	CP1 = 0x1, unprogrammed default
  1305                           ;	Code Protection bit
  1306                           ;	CP2 = 0x1, unprogrammed default
  1307                           ;	Code Protection bit
  1308                           ;	CP3 = 0x1, unprogrammed default
  1309   300008                     	org	3145736
  1310   300008  0F                 	db	15
  1311                           
  1312                           ;Config register CONFIG5H @ 0x300009
  1313                           ;	unspecified, using default values
  1314                           ;	Boot Block Code Protection bit
  1315                           ;	CPB = 0x1, unprogrammed default
  1316                           ;	Data EEPROM Code Protection bit
  1317                           ;	CPD = 0x1, unprogrammed default
  1318   300009                     	org	3145737
  1319   300009  C0                 	db	192
  1320                           
  1321                           ;Config register CONFIG6L @ 0x30000A
  1322                           ;	unspecified, using default values
  1323                           ;	Write Protection bit
  1324                           ;	WRT0 = 0x1, unprogrammed default
  1325                           ;	Write Protection bit
  1326                           ;	WRT1 = 0x1, unprogrammed default
  1327                           ;	Write Protection bit
  1328                           ;	WRT2 = 0x1, unprogrammed default
  1329                           ;	Write Protection bit
  1330                           ;	WRT3 = 0x1, unprogrammed default
  1331   30000A                     	org	3145738
  1332   30000A  0F                 	db	15
  1333                           
  1334                           ;Config register CONFIG6H @ 0x30000B
  1335                           ;	unspecified, using default values
  1336                           ;	Configuration Register Write Protection bit
  1337                           ;	WRTC = 0x1, unprogrammed default
  1338                           ;	Boot Block Write Protection bit
  1339                           ;	WRTB = 0x1, unprogrammed default
  1340                           ;	Data EEPROM Write Protection bit
  1341                           ;	WRTD = 0x1, unprogrammed default
  1342   30000B                     	org	3145739
  1343   30000B  E0                 	db	224
  1344                           
  1345                           ;Config register CONFIG7L @ 0x30000C
  1346                           ;	unspecified, using default values
  1347                           ;	Table Read Protection bit
  1348                           ;	EBTR0 = 0x1, unprogrammed default
  1349                           ;	Table Read Protection bit
  1350                           ;	EBTR1 = 0x1, unprogrammed default
  1351                           ;	Table Read Protection bit
  1352                           ;	EBTR2 = 0x1, unprogrammed default
  1353                           ;	Table Read Protection bit
  1354                           ;	EBTR3 = 0x1, unprogrammed default
  1355   30000C                     	org	3145740
  1356   30000C  0F                 	db	15
  1357                           
  1358                           ;Config register CONFIG7H @ 0x30000D
  1359                           ;	unspecified, using default values
  1360                           ;	Boot Block Table Read Protection bit
  1361                           ;	EBTRB = 0x1, unprogrammed default
  1362   30000D                     	org	3145741
  1363   30000D  40                 	db	64
  1364                           tosu	equ	0xFFF
  1365                           tosh	equ	0xFFE
  1366                           tosl	equ	0xFFD
  1367                           stkptr	equ	0xFFC
  1368                           pclatu	equ	0xFFB
  1369                           pclath	equ	0xFFA
  1370                           pcl	equ	0xFF9
  1371                           tblptru	equ	0xFF8
  1372                           tblptrh	equ	0xFF7
  1373                           tblptrl	equ	0xFF6
  1374                           tablat	equ	0xFF5
  1375                           prodh	equ	0xFF4
  1376                           prodl	equ	0xFF3
  1377                           indf0	equ	0xFEF
  1378                           postinc0	equ	0xFEE
  1379                           postdec0	equ	0xFED
  1380                           preinc0	equ	0xFEC
  1381                           plusw0	equ	0xFEB
  1382                           fsr0h	equ	0xFEA
  1383                           fsr0l	equ	0xFE9
  1384                           wreg	equ	0xFE8
  1385                           indf1	equ	0xFE7
  1386                           postinc1	equ	0xFE6
  1387                           postdec1	equ	0xFE5
  1388                           preinc1	equ	0xFE4
  1389                           plusw1	equ	0xFE3
  1390                           fsr1h	equ	0xFE2
  1391                           fsr1l	equ	0xFE1
  1392                           bsr	equ	0xFE0
  1393                           indf2	equ	0xFDF
  1394                           postinc2	equ	0xFDE
  1395                           postdec2	equ	0xFDD
  1396                           preinc2	equ	0xFDC
  1397                           plusw2	equ	0xFDB
  1398                           fsr2h	equ	0xFDA
  1399                           fsr2l	equ	0xFD9
  1400                           status	equ	0xFD8

Data Sizes:
    Strings     0
    Constant    0
    Data        44
    BSS         5
    Persistent  0
    Stack       0

Auto Spaces:
    Space          Size  Autos    Used
    COMRAM          127     11      60
    BANK0           128      0       0
    BANK1           256      0       0
    BANK2           256      0       0
    BANK3           256      0       0
    BANK4           256      0       0
    BANK5           256      0       0
    BANK6           256      0       0
    BANK7           256      0       0
    BANK8           256      0       0
    BANK9           256      0       0
    BANK10          256      0       0
    BANK11          256      0       0
    BANK12          256      0       0
    BANK13          256      0       0
    BANK14          256      0       0
    BANK15          128      0       0

Pointer List with Targets:

    button_read_state@btn_state	PTR enum E2865 size(1) Largest target is 1
		 -> btn0_status(COMRAM[1]), 

    button_read_state@Button	PTR const struct . size(1) Largest target is 3
		 -> btn0(COMRAM[3]), 

    button_initialize@Button	PTR const struct . size(1) Largest target is 3
		 -> btn1(COMRAM[3]), btn0(COMRAM[3]), 

    gpio_pin_read_logic@logic	PTR enum E2805 size(1) Largest target is 1
		 -> button_read_state@Pin_Logic_Status(COMRAM[1]), 

    gpio_pin_read_logic@pin	PTR const struct . size(1) Largest target is 3
		 -> btn0(COMRAM[3]), 

    gpio_pin_write_logic@pin	PTR const struct . size(1) Largest target is 1
		 -> pin_RC1(COMRAM[1]), pin_RC0(COMRAM[1]), 

    gpio_pin_directoin_initialize@pin	PTR const struct . size(1) Largest target is 3
		 -> pin_RC1(COMRAM[1]), pin_RC0(COMRAM[1]), btn1(COMRAM[3]), btn0(COMRAM[3]), 

    gpio_pin_initialize@pin	PTR const struct . size(1) Largest target is 1
		 -> pin_RC1(COMRAM[1]), pin_RC0(COMRAM[1]), 

    Port_Register	PTR volatile unsigned char [5] size(2) Largest target is 1
		 -> PORTE(BITBIGSFRll[1]), PORTD(BITBIGSFRll[1]), PORTC(BITBIGSFRll[1]), PORTB(BITBIGSFRll[1]), 
		 -> PORTA(BITBIGSFRll[1]), 

    Lat_Register	PTR volatile unsigned char [5] size(2) Largest target is 1
		 -> LATE(BITBIGSFRlh[1]), LATD(BITBIGSFRlh[1]), LATC(BITBIGSFRlh[1]), LATB(BITBIGSFRlh[1]), 
		 -> LATA(BITBIGSFRll[1]), 

    Tris_Register	PTR volatile unsigned char [5] size(2) Largest target is 1
		 -> TRISE(BITBIGSFRh[1]), TRISD(BITBIGSFRh[1]), TRISC(BITBIGSFRh[1]), TRISB(BITBIGSFRh[1]), 
		 -> TRISA(BITBIGSFRll[1]), 


Critical Paths under _main in COMRAM

    _main->_button_read_state
    _button_read_state->_gpio_pin_read_logic
    _application_initialization->_gpio_pin_initialize
    _gpio_pin_initialize->_gpio_pin_write_logic
    _button_initialize->_gpio_pin_directoin_initialize

Critical Paths under _main in BANK0

    None.

Critical Paths under _main in BANK1

    None.

Critical Paths under _main in BANK2

    None.

Critical Paths under _main in BANK3

    None.

Critical Paths under _main in BANK4

    None.

Critical Paths under _main in BANK5

    None.

Critical Paths under _main in BANK6

    None.

Critical Paths under _main in BANK7

    None.

Critical Paths under _main in BANK8

    None.

Critical Paths under _main in BANK9

    None.

Critical Paths under _main in BANK10

    None.

Critical Paths under _main in BANK11

    None.

Critical Paths under _main in BANK12

    None.

Critical Paths under _main in BANK13

    None.

Critical Paths under _main in BANK14

    None.

Critical Paths under _main in BANK15

    None.

Call Graph Tables:

 ---------------------------------------------------------------------------------
 (Depth) Function   	        Calls       Base Space   Used Autos Params    Refs
 ---------------------------------------------------------------------------------
 (0) _main                                                 1     1      0    2828
         _application_initialization
                  _button_initialize
                  _button_read_state
 ---------------------------------------------------------------------------------
 (1) _button_read_state                                    5     3      2     715
                                              6 COMRAM     5     3      2
                _gpio_pin_read_logic
 ---------------------------------------------------------------------------------
 (2) _gpio_pin_read_logic                                  7     5      2     271
                                              0 COMRAM     6     4      2
 ---------------------------------------------------------------------------------
 (1) _application_initialization                           1     1      0    1502
                  _button_initialize
                _gpio_pin_initialize
 ---------------------------------------------------------------------------------
 (2) _gpio_pin_initialize                                  2     1      1     889
                                              8 COMRAM     2     1      1
      _gpio_pin_directoin_initialize
               _gpio_pin_write_logic
 ---------------------------------------------------------------------------------
 (3) _gpio_pin_write_logic                                 8     6      2     311
                                              0 COMRAM     8     6      2
 ---------------------------------------------------------------------------------
 (1) _button_initialize                                    2     1      1     608
                                              7 COMRAM     2     1      1
      _gpio_pin_directoin_initialize
 ---------------------------------------------------------------------------------
 (2) _gpio_pin_directoin_initialize                        7     6      1     311
                                              0 COMRAM     7     6      1
 ---------------------------------------------------------------------------------
 Estimated maximum stack depth 3
 ---------------------------------------------------------------------------------

 Call Graph Graphs:

 _main (ROOT)
   _application_initialization
     _button_initialize
       _gpio_pin_directoin_initialize
     _gpio_pin_initialize
       _gpio_pin_directoin_initialize
       _gpio_pin_write_logic
   _button_initialize
   _button_read_state
     _gpio_pin_read_logic

 Address spaces:
Name               Size   Autos  Total    Cost      Usage
BIGRAM             F7F      0       0      40        0.0%
EEDATA             400      0       0       0        0.0%
BITBANK14          100      0       0      32        0.0%
BANK14             100      0       0      33        0.0%
BITBANK13          100      0       0      30        0.0%
BANK13             100      0       0      31        0.0%
BITBANK12          100      0       0      28        0.0%
BANK12             100      0       0      29        0.0%
BITBANK11          100      0       0      26        0.0%
BANK11             100      0       0      27        0.0%
BITBANK10          100      0       0      24        0.0%
BANK10             100      0       0      25        0.0%
BITBANK9           100      0       0      22        0.0%
BANK9              100      0       0      23        0.0%
BITBANK8           100      0       0      20        0.0%
BANK8              100      0       0      21        0.0%
BITBANK7           100      0       0      18        0.0%
BANK7              100      0       0      19        0.0%
BITBANK6           100      0       0      16        0.0%
BANK6              100      0       0      17        0.0%
BITBANK5           100      0       0      14        0.0%
BANK5              100      0       0      15        0.0%
BITBANK4           100      0       0      12        0.0%
BANK4              100      0       0      13        0.0%
BITBANK3           100      0       0      10        0.0%
BANK3              100      0       0      11        0.0%
BITBANK2           100      0       0       8        0.0%
BANK2              100      0       0       9        0.0%
BITBANK1           100      0       0       6        0.0%
BANK1              100      0       0       7        0.0%
BITBANK15           80      0       0      34        0.0%
BANK15              80      0       0      35        0.0%
BITBANK0            80      0       0       4        0.0%
BANK0               80      0       0       5        0.0%
BITCOMRAM           7F      0       0       0        0.0%
COMRAM              7F      B      3C       1       47.2%
BITBIGSFRh          69      0       0      36        0.0%
BITBIGSFRlh          4      0       0      37        0.0%
BITBIGSFRll          4      0       0      38        0.0%
BIGSFR               0      0       0     200        0.0%
BITSFR               0      0       0     200        0.0%
SFR                  0      0       0     200        0.0%
STACK                0      0       0       2        0.0%
NULL                 0      0       0       0        0.0%
ABS                  0      0      3C      39        0.0%
DATA                 0      0      3C       3        0.0%
CODE                 0      0       0       0        0.0%


Microchip Technology PIC18 Macro Assembler V2.41 build 20230208172133 
Symbol Table                                                                                   Wed Jan 31 02:50:23 2024

                                  u304 FE82                                    u400 FE2C  
                                  u305 FE7E                                    u314 FED4  
                                  u315 FED0                                    u270 FFDE  
                                  u254 FF4A                                    u255 FF46  
                                  u280 FFE0                                    u264 FF9C  
                                  u265 FF98                                    u354 FD82  
                                  u450 FDE2                                    u355 FD7E  
                                  u380 FE06                                    wreg 0FE8  
                                 l1021 FFCA                                   l1013 FF2E  
                                 l1015 FF7C                                   l1023 FFD0  
                                 l1017 FF80                                   l1025 FFFC  
                                 l1041 FEB8                                   l1115 FE36  
                                 l1107 FE0A                                   l1045 FF02  
                                 l1037 FE66                                   l1061 FCD2  
                                 l1125 FE5A                                   l1117 FE42  
                                 l1039 FEB4                                   l1047 FF08  
                                 l1135 FD9A                                   l1049 FF26  
                                 l1145 FDC4                                   l1147 FDD4  
                                 l1085 FC6C                                   _LATA 0F89  
                                 _LATB 0F8A                                   _LATC 0F8B  
                                 _LATD 0F8C                                   _LATE 0F8D  
                                 _btn0 0027                                   _btn1 0024  
                                 _main FD8E                                   fsr1h 0FE2  
                                 fsr2h 0FDA                                   indf1 0FE7  
                                 indf2 0FDF                                   fsr1l 0FE1  
                                 fsr2l 0FD9                                   prodl 0FF3  
                                 start 0000                           ___param_bank 0000  
                 _gpio_pin_write_logic FE62                                  ?_main 002D  
                                _PORTA 0F80                                  _PORTB 0F81  
                                _PORTC 0F82                                  _PORTD 0F83  
                                _PORTE 0F84                                  _TRISA 0F92  
                                _TRISB 0F93                                  _TRISC 0F94  
                                _TRISD 0F95                                  _TRISE 0F96  
                    _last_valid_status 001F                                  _valid 0038  
                                tablat 0FF5                                  status 0FD8  
                      __initialization FCFC                           __end_of_main FDF6  
                ?_gpio_pin_write_logic 002D               gpio_pin_read_logic@logic 002E  
                               ??_main 0038                          __activetblptr 0002  
          ?_application_initialization 002D                      _button_initialize FC62  
                    _button_read_state FDF6                     ?_button_initialize 0034  
                   ?_button_read_state 0033                button_initialize@Button 0034  
                  ??_button_initialize 0035                    ??_button_read_state 0035  
                               isa$std 0001                           __pdataCOMRAM 0001  
            __end_of_button_initialize FC7A              __end_of_button_read_state FE62  
                               tblptrh 0FF7                                 tblptrl 0FF6  
                               tblptru 0FF8       gpio_pin_directoin_initialize@pin 002D  
     gpio_pin_directoin_initialize@ret 0033      button_read_state@Pin_Logic_Status 0037  
                           __accesstop 0080                __end_of__initialization FD26  
                        ___rparam_used 0001                 ??_gpio_pin_write_logic 002F  
                       __pcstackCOMRAM 002D                   button_initialize@ret 0035  
                 button_read_state@ret 0036                       _Program_Selected 003A  
                              __Hparam 0000                                __Lparam 0000  
                  _gpio_pin_initialize FCC8                    _gpio_pin_read_logic FD30  
                              __pcinit FCFC                                __ramtop 1000  
                              __ptext0 FD8E                                __ptext1 FDF6  
                              __ptext2 FD30                                __ptext3 FC7A  
                              __ptext4 FCC8                                __ptext5 FE62  
                              __ptext6 FC62                                __ptext7 FF2A  
                         _Lat_Register 000B                                _pin_RC0 002C  
                              _pin_RC1 002B                   ?_gpio_pin_initialize 0035  
                 ?_gpio_pin_read_logic 002D                   end_of_initialization FD26  
                        __Lmediumconst 0000                                postdec1 0FE5  
                              postdec2 0FDD                                postinc0 0FEE  
                              postinc1 0FE6                                postinc2 0FDE  
           button_read_state@btn_state 0034                  ??_gpio_pin_initialize 0036  
                ??_gpio_pin_read_logic 002F         ?_gpio_pin_directoin_initialize 002D  
                        __pidataCOMRAM FC9C                    start_initialization FCFC  
                          __pbssCOMRAM 0038                            _btn0_status 002A  
                          _btn1_status 0023              gpio_pin_write_logic@logic 002E  
         ??_application_initialization 0037                button_read_state@Button 0033  
                         _logic_status 003C                          _Port_Register 0001  
               gpio_pin_initialize@pin 0035                 gpio_pin_initialize@ret 0036  
              gpio_pin_write_logic@pin 002D                gpio_pin_write_logic@ret 0034  
                            copy_data0 FD10                 gpio_pin_read_logic@pin 002D  
                             __Hrparam 0000                               __Lrparam 0000  
          __end_of_gpio_pin_initialize FCFC            __end_of_gpio_pin_read_logic FD8E  
      ??_gpio_pin_directoin_initialize 002E                               _btn_flag 003B  
                         _valid_status 0021                               isa$xinst 0000  
   __end_of_application_initialization FC9C             _application_initialization FC7A  
         __end_of_gpio_pin_write_logic FF2A                          _Tris_Register 0015  
__end_of_gpio_pin_directoin_initialize 0000          _gpio_pin_directoin_initialize FF2A  
