

Microchip MPLAB XC8 Assembler V2.41 build 20230208172133 
                                                                                               Wed Jan 31 03:36:56 2024

Microchip MPLAB XC8 C Compiler v2.41 (Free license) build 20230208172133 Og1 
     1                           	processor	18F4620
     2                           	fnconf	rparam,??,?,0
     3                           	pagewidth 120
     4                           	opt	flic
     5                           	psect	idataCOMRAM,global,class=CODE,delta=1,noexec
     6                           	psect	cinit,global,reloc=2,class=CODE,delta=1
     7                           	psect	bssCOMRAM,global,class=COMRAM,space=1,delta=1,lowdata,noexec
     8                           	psect	dataCOMRAM,global,class=COMRAM,space=1,delta=1,lowdata,noexec
     9                           	psect	cstackCOMRAM,global,class=COMRAM,space=1,delta=1,lowdata,noexec
    10                           	psect	text0,global,reloc=2,class=CODE,delta=1
    11                           	psect	text1,global,reloc=2,class=CODE,delta=1
    12                           	psect	text2,global,reloc=2,class=CODE,delta=1
    13                           	psect	text3,global,reloc=2,class=CODE,delta=1
    14                           	psect	text4,global,reloc=2,class=CODE,delta=1
    15                           	psect	text5,global,reloc=2,class=CODE,delta=1
    16                           	psect	text6,global,reloc=2,class=CODE,delta=1
    17                           	psect	intsave_regs,global,class=BIGRAM,space=1,delta=1,noexec
    18                           	psect	rparam,global,class=COMRAM,space=1,delta=1,noexec
    19                           	psect	idloc,global,abs,ovrld,class=IDLOC,space=5,delta=1,noexec
    20                           	psect	config,global,abs,ovrld,class=CONFIG,space=4,delta=1,noexec
    21   000000                     
    22                           ; Version 2.40
    23                           ; Generated 17/11/2021 GMT
    24                           ; 
    25                           ; Copyright © 2021, Microchip Technology Inc. and its subsidiaries ("Microchip")
    26                           ; All rights reserved.
    27                           ; 
    28                           ; This software is developed by Microchip Technology Inc. and its subsidiaries ("Microch
      +                          ip").
    29                           ; 
    30                           ; Redistribution and use in source and binary forms, with or without modification, are
    31                           ; permitted provided that the following conditions are met:
    32                           ; 
    33                           ;     1. Redistributions of source code must retain the above copyright notice, this lis
      +                          t of
    34                           ;        conditions and the following disclaimer.
    35                           ; 
    36                           ;     2. Redistributions in binary form must reproduce the above copyright notice, this 
      +                          list
    37                           ;        of conditions and the following disclaimer in the documentation and/or other
    38                           ;        materials provided with the distribution. Publication is not required when
    39                           ;        this file is used in an embedded application.
    40                           ; 
    41                           ;     3. Microchip's name may not be used to endorse or promote products derived from th
      +                          is
    42                           ;        software without specific prior written permission.
    43                           ; 
    44                           ; THIS SOFTWARE IS PROVIDED BY MICROCHIP "AS IS" AND ANY EXPRESS OR IMPLIED WARRANTIES,
    45                           ; INCLUDING, BUT NOT LIMITED TO, THE IMPLIED WARRANTIES OF MERCHANTABILITY AND FITNESS F
      +                          OR
    46                           ; PURPOSE ARE DISCLAIMED.  IN NO EVENT SHALL MICROCHIP BE LIABLE FOR ANY DIRECT, INDIREC
      +                          T,
    47                           ; INCIDENTAL, SPECIAL, EXEMPLARY, OR CONSEQUENTIAL DAMAGES (INCLUDING BUT NOT LIMITED TO
    48                           ; PROCUREMENT OF SUBSTITUTE GOODS OR SERVICES; LOSS OF USE, DATA OR PROFITS; OR BUSINESS
    49                           ; INTERRUPTION) HOWSOEVER CAUSED AND ON ANY THEORY OF LIABILITY, WHETHER IN CONTRACT, ST
      +                          RICT
    50                           ; LIABILITY, OR TORT (INCLUDING NEGLIGENCE OR OTHERWISE) ARISING IN ANY WAY OUT OF THE U
      +                          SE OF
    51                           ; THIS SOFTWARE, EVEN IF ADVISED OF THE POSSIBILITY OF SUCH DAMAGE.
    52                           ; 
    53                           ; 
    54                           ; Code-generator required, PIC18F4620 Definitions
    55                           ; 
    56                           ; SFR Addresses
    57   000000                     
    58                           	psect	idataCOMRAM
    59   00FB4F                     __pidataCOMRAM:
    60                           	callstack 0
    61                           
    62                           ;initializer for _Port_Register
    63   00FB4F  80                 	db	128
    64   00FB50  0F                 	db	15
    65   00FB51  81                 	db	129
    66   00FB52  0F                 	db	15
    67   00FB53  82                 	db	130
    68   00FB54  0F                 	db	15
    69   00FB55  83                 	db	131
    70   00FB56  0F                 	db	15
    71   00FB57  84                 	db	132
    72   00FB58  0F                 	db	15
    73                           
    74                           ;initializer for _Lat_Register
    75   00FB59  89                 	db	137
    76   00FB5A  0F                 	db	15
    77   00FB5B  8A                 	db	138
    78   00FB5C  0F                 	db	15
    79   00FB5D  8B                 	db	139
    80   00FB5E  0F                 	db	15
    81   00FB5F  8C                 	db	140
    82   00FB60  0F                 	db	15
    83   00FB61  8D                 	db	141
    84   00FB62  0F                 	db	15
    85                           
    86                           ;initializer for _Tris_Register
    87   00FB63  92                 	db	146
    88   00FB64  0F                 	db	15
    89   00FB65  93                 	db	147
    90   00FB66  0F                 	db	15
    91   00FB67  94                 	db	148
    92   00FB68  0F                 	db	15
    93   00FB69  95                 	db	149
    94   00FB6A  0F                 	db	15
    95   00FB6B  96                 	db	150
    96   00FB6C  0F                 	db	15
    97                           
    98                           ;initializer for _relay1
    99   00FB6D  02                 	db	2
   100   000000                     _PORTE	set	3972
   101   000000                     _PORTD	set	3971
   102   000000                     _PORTC	set	3970
   103   000000                     _PORTB	set	3969
   104   000000                     _PORTA	set	3968
   105   000000                     _LATA	set	3977
   106   000000                     _TRISA	set	3986
   107   000000                     _TRISE	set	3990
   108   000000                     _TRISD	set	3989
   109   000000                     _TRISC	set	3988
   110   000000                     _TRISB	set	3987
   111   000000                     _LATE	set	3981
   112   000000                     _LATD	set	3980
   113   000000                     _LATC	set	3979
   114   000000                     _LATB	set	3978
   115                           
   116                           ; #config settings
   117                           
   118                           	psect	cinit
   119   00FB6E                     __pcinit:
   120                           	callstack 0
   121   00FB6E                     start_initialization:
   122                           	callstack 0
   123   00FB6E                     __initialization:
   124                           	callstack 0
   125                           
   126                           ; Initialize objects allocated to COMRAM (31 bytes)
   127                           ; load TBLPTR registers with __pidataCOMRAM
   128   00FB6E  0E4F               	movlw	low __pidataCOMRAM
   129   00FB70  6EF6               	movwf	tblptrl,c
   130   00FB72  0EFB               	movlw	high __pidataCOMRAM
   131   00FB74  6EF7               	movwf	tblptrh,c
   132   00FB76  0E00               	movlw	low (__pidataCOMRAM shr (0+16))
   133   00FB78  6EF8               	movwf	tblptru,c
   134   00FB7A  EE00  F001         	lfsr	0,__pdataCOMRAM
   135   00FB7E  EE10 F01F          	lfsr	1,31
   136   00FB82                     copy_data0:
   137   00FB82  0009               	tblrd		*+
   138   00FB84  CFF5 FFEE          	movff	tablat,postinc0
   139   00FB88  50E5               	movf	postdec1,w,c
   140   00FB8A  50E1               	movf	fsr1l,w,c
   141   00FB8C  E1FA               	bnz	copy_data0
   142                           
   143                           ; Clear objects allocated to COMRAM (3 bytes)
   144   00FB8E  6A36               	clrf	(__pbssCOMRAM+2)& (0+255),c
   145   00FB90  6A35               	clrf	(__pbssCOMRAM+1)& (0+255),c
   146   00FB92  6A34               	clrf	__pbssCOMRAM& (0+255),c
   147   00FB94                     end_of_initialization:
   148                           	callstack 0
   149   00FB94                     __end_of__initialization:
   150                           	callstack 0
   151   00FB94  0E00               	movlw	low (__Lmediumconst shr (0+16))
   152   00FB96  6EF8               	movwf	tblptru,c
   153   00FB98  0100               	movlb	0
   154   00FB9A  EFF6  F07D         	goto	_main	;jump to C main() function
   155                           
   156                           	psect	bssCOMRAM
   157   000034                     __pbssCOMRAM:
   158                           	callstack 0
   159   000034                     relay_turn_off@F2893:
   160                           	callstack 0
   161   000034                     	ds	1
   162   000035                     relay_turn_on@F2888:
   163                           	callstack 0
   164   000035                     	ds	1
   165   000036                     relay_initialize@F2883:
   166                           	callstack 0
   167   000036                     	ds	1
   168                           
   169                           	psect	dataCOMRAM
   170   000001                     __pdataCOMRAM:
   171                           	callstack 0
   172   000001                     _Port_Register:
   173                           	callstack 0
   174   000001                     	ds	10
   175   00000B                     _Lat_Register:
   176                           	callstack 0
   177   00000B                     	ds	10
   178   000015                     _Tris_Register:
   179                           	callstack 0
   180   000015                     	ds	10
   181   00001F                     _relay1:
   182                           	callstack 0
   183   00001F                     	ds	1
   184                           
   185                           	psect	cstackCOMRAM
   186   000020                     __pcstackCOMRAM:
   187                           	callstack 0
   188   000020                     gpio_pin_directoin_initialize@pin:
   189                           	callstack 0
   190   000020                     gpio_pin_write_logic@pin:
   191                           	callstack 0
   192                           
   193                           ; 2 bytes @ 0x0
   194   000020                     	ds	2
   195   000022                     ??_gpio_pin_directoin_initialize:
   196   000022                     gpio_pin_write_logic@logic:
   197                           	callstack 0
   198                           
   199                           ; 1 bytes @ 0x2
   200   000022                     	ds	1
   201   000023                     ??_gpio_pin_write_logic:
   202                           
   203                           ; 1 bytes @ 0x3
   204   000023                     	ds	5
   205   000028                     gpio_pin_directoin_initialize@ret:
   206                           	callstack 0
   207                           
   208                           ; 1 bytes @ 0x8
   209   000028                     	ds	1
   210   000029                     gpio_pin_write_logic@ret:
   211                           	callstack 0
   212                           
   213                           ; 1 bytes @ 0x9
   214   000029                     	ds	1
   215   00002A                     gpio_pin_initialize@pin:
   216                           	callstack 0
   217   00002A                     relay_turn_on@relay:
   218                           	callstack 0
   219   00002A                     relay_turn_off@relay:
   220                           	callstack 0
   221                           
   222                           ; 2 bytes @ 0xA
   223   00002A                     	ds	2
   224   00002C                     ??_relay_turn_on:
   225   00002C                     ??_relay_turn_off:
   226   00002C                     gpio_pin_initialize@ret:
   227                           	callstack 0
   228                           
   229                           ; 1 bytes @ 0xC
   230   00002C                     	ds	1
   231   00002D                     relay_turn_on@ret:
   232                           	callstack 0
   233   00002D                     relay_turn_off@ret:
   234                           	callstack 0
   235   00002D                     relay_initialize@relay:
   236                           	callstack 0
   237                           
   238                           ; 2 bytes @ 0xD
   239   00002D                     	ds	1
   240   00002E                     relay_turn_on@relay_pin:
   241                           	callstack 0
   242   00002E                     relay_turn_off@relay_pin:
   243                           	callstack 0
   244                           
   245                           ; 1 bytes @ 0xE
   246   00002E                     	ds	1
   247   00002F                     ??_relay_initialize:
   248                           
   249                           ; 1 bytes @ 0xF
   250   00002F                     	ds	1
   251   000030                     relay_initialize@ret:
   252                           	callstack 0
   253                           
   254                           ; 1 bytes @ 0x10
   255   000030                     	ds	1
   256   000031                     relay_initialize@relay_pin:
   257                           	callstack 0
   258                           
   259                           ; 1 bytes @ 0x11
   260   000031                     	ds	1
   261   000032                     ??_main:
   262                           
   263                           ; 1 bytes @ 0x12
   264   000032                     	ds	2
   265                           
   266 ;;
   267 ;;Main: autosize = 0, tempsize = 2, incstack = 0, save=0
   268 ;;
   269 ;; *************** function _main *****************
   270 ;; Defined at:
   271 ;;		line 16 in file "Application.c"
   272 ;; Parameters:    Size  Location     Type
   273 ;;		None
   274 ;; Auto vars:     Size  Location     Type
   275 ;;  ret             1    0        unsigned char 
   276 ;; Return value:  Size  Location     Type
   277 ;;                  2  121[None  ] int 
   278 ;; Registers used:
   279 ;;		wreg, fsr2l, fsr2h, status,2, status,0, prodl, prodh, cstack
   280 ;; Tracked objects:
   281 ;;		On entry : 0/0
   282 ;;		On exit  : 0/0
   283 ;;		Unchanged: 0/0
   284 ;; Data sizes:     COMRAM   BANK0   BANK1   BANK2   BANK3   BANK4   BANK5   BANK6   BANK7   BANK8   BANK9  BANK10  BANK1
      +1  BANK12  BANK13  BANK14  BANK15
   285 ;;      Params:         0       0       0       0       0       0       0       0       0       0       0       0       
      +0       0       0       0       0
   286 ;;      Locals:         0       0       0       0       0       0       0       0       0       0       0       0       
      +0       0       0       0       0
   287 ;;      Temps:          2       0       0       0       0       0       0       0       0       0       0       0       
      +0       0       0       0       0
   288 ;;      Totals:         2       0       0       0       0       0       0       0       0       0       0       0       
      +0       0       0       0       0
   289 ;;Total ram usage:        2 bytes
   290 ;; Hardware stack levels required when called: 3
   291 ;; This function calls:
   292 ;;		_relay_initialize
   293 ;;		_relay_turn_off
   294 ;;		_relay_turn_on
   295 ;; This function is called by:
   296 ;;		Startup code after reset
   297 ;; This function uses a non-reentrant model
   298 ;;
   299                           
   300                           	psect	text0
   301   00FBEC                     __ptext0:
   302                           	callstack 0
   303   00FBEC                     _main:
   304                           	callstack 28
   305   00FBEC  0E1F               	movlw	low _relay1
   306   00FBEE  6E2D               	movwf	relay_initialize@relay^0,c
   307   00FBF0  0E00               	movlw	high _relay1
   308   00FBF2  6E2E               	movwf	(relay_initialize@relay+1)^0,c
   309   00FBF4  EC22  F07E         	call	_relay_initialize	;wreg free
   310   00FBF8                     l1202:
   311   00FBF8  0E1F               	movlw	low _relay1
   312   00FBFA  6E2A               	movwf	relay_turn_on@relay^0,c
   313   00FBFC  0E00               	movlw	high _relay1
   314   00FBFE  6E2B               	movwf	(relay_turn_on@relay+1)^0,c
   315   00FC00  ECA4  F07E         	call	_relay_turn_on	;wreg free
   316   00FC04                     
   317                           ;Application.c: 23:         _delay((unsigned long)((5000)*(8000000/4000.0)));
   318   00FC04  0E33               	movlw	51
   319   00FC06  6E33               	movwf	(??_main+1)^0,c
   320   00FC08  0EBB               	movlw	187
   321   00FC0A  6E32               	movwf	??_main^0,c
   322   00FC0C  0EE0               	movlw	224
   323   00FC0E                     u447:
   324   00FC0E  2EE8               	decfsz	wreg,f,c
   325   00FC10  D7FE               	bra	u447
   326   00FC12  2E32               	decfsz	??_main^0,f,c
   327   00FC14  D7FC               	bra	u447
   328   00FC16  2E33               	decfsz	(??_main+1)^0,f,c
   329   00FC18  D7FA               	bra	u447
   330   00FC1A  0E1F               	movlw	low _relay1
   331   00FC1C  6E2A               	movwf	relay_turn_off@relay^0,c
   332   00FC1E  0E00               	movlw	high _relay1
   333   00FC20  6E2B               	movwf	(relay_turn_off@relay+1)^0,c
   334   00FC22  EC62  F07E         	call	_relay_turn_off	;wreg free
   335   00FC26                     
   336                           ;Application.c: 25:         _delay((unsigned long)((5000)*(8000000/4000.0)));
   337   00FC26  0E33               	movlw	51
   338   00FC28  6E33               	movwf	(??_main+1)^0,c
   339   00FC2A  0EBB               	movlw	187
   340   00FC2C  6E32               	movwf	??_main^0,c
   341   00FC2E  0EE0               	movlw	224
   342   00FC30                     u457:
   343   00FC30  2EE8               	decfsz	wreg,f,c
   344   00FC32  D7FE               	bra	u457
   345   00FC34  2E32               	decfsz	??_main^0,f,c
   346   00FC36  D7FC               	bra	u457
   347   00FC38  2E33               	decfsz	(??_main+1)^0,f,c
   348   00FC3A  D7FA               	bra	u457
   349   00FC3C  EFFC  F07D         	goto	l1202
   350   00FC40  EF00  F000         	goto	start
   351   00FC44                     __end_of_main:
   352                           	callstack 0
   353                           
   354 ;; *************** function _relay_turn_on *****************
   355 ;; Defined at:
   356 ;;		line 29 in file "ECU_Layer/Relay/Relay_Driver.c"
   357 ;; Parameters:    Size  Location     Type
   358 ;;  relay           2   10[COMRAM] PTR struct .
   359 ;;		 -> relay1(1), 
   360 ;; Auto vars:     Size  Location     Type
   361 ;;  relay_pin       1   14[COMRAM] struct .
   362 ;;  ret             1   13[COMRAM] unsigned char 
   363 ;; Return value:  Size  Location     Type
   364 ;;                  1    wreg      unsigned char 
   365 ;; Registers used:
   366 ;;		wreg, fsr2l, fsr2h, status,2, status,0, prodl, prodh, cstack
   367 ;; Tracked objects:
   368 ;;		On entry : 0/0
   369 ;;		On exit  : 0/0
   370 ;;		Unchanged: 0/0
   371 ;; Data sizes:     COMRAM   BANK0   BANK1   BANK2   BANK3   BANK4   BANK5   BANK6   BANK7   BANK8   BANK9  BANK10  BANK1
      +1  BANK12  BANK13  BANK14  BANK15
   372 ;;      Params:         2       0       0       0       0       0       0       0       0       0       0       0       
      +0       0       0       0       0
   373 ;;      Locals:         2       0       0       0       0       0       0       0       0       0       0       0       
      +0       0       0       0       0
   374 ;;      Temps:          1       0       0       0       0       0       0       0       0       0       0       0       
      +0       0       0       0       0
   375 ;;      Totals:         5       0       0       0       0       0       0       0       0       0       0       0       
      +0       0       0       0       0
   376 ;;Total ram usage:        5 bytes
   377 ;; Hardware stack levels used: 1
   378 ;; Hardware stack levels required when called: 1
   379 ;; This function calls:
   380 ;;		_gpio_pin_write_logic
   381 ;; This function is called by:
   382 ;;		_main
   383 ;; This function uses a non-reentrant model
   384 ;;
   385                           
   386                           	psect	text1
   387   00FD48                     __ptext1:
   388                           	callstack 0
   389   00FD48                     _relay_turn_on:
   390                           	callstack 29
   391   00FD48                     
   392                           ;ECU_Layer/Relay/Relay_Driver.c: 31:     if (((void*)0) == relay) {
   393   00FD48  502A               	movf	relay_turn_on@relay^0,w,c
   394   00FD4A  102B               	iorwf	(relay_turn_on@relay+1)^0,w,c
   395   00FD4C  A4D8               	btfss	status,2,c
   396   00FD4E  EFAB  F07E         	goto	u401
   397   00FD52  EFAD  F07E         	goto	u400
   398   00FD56                     u401:
   399   00FD56  EFB1  F07E         	goto	l139
   400   00FD5A                     u400:
   401   00FD5A                     
   402                           ;ECU_Layer/Relay/Relay_Driver.c: 32:         ret = (Std_ReturnType)0X00;
   403   00FD5A  0E00               	movlw	0
   404   00FD5C  6E2D               	movwf	relay_turn_on@ret^0,c
   405                           
   406                           ;ECU_Layer/Relay/Relay_Driver.c: 33:     } else {
   407   00FD5E  EFE4  F07E         	goto	l1174
   408   00FD62                     l139:
   409                           
   410                           ;ECU_Layer/Relay/Relay_Driver.c: 34:         Pin_Config_t relay_pin = {
   411   00FD62  C035  F02E         	movff	relay_turn_on@F2888,relay_turn_on@relay_pin
   412   00FD66  C02A  FFD9         	movff	relay_turn_on@relay,fsr2l
   413   00FD6A  C02B  FFDA         	movff	relay_turn_on@relay+1,fsr2h
   414   00FD6E  50DF               	movf	223,w,c
   415   00FD70  0B07               	andlw	7
   416   00FD72  6E2C               	movwf	??_relay_turn_on^0,c
   417   00FD74  502E               	movf	relay_turn_on@relay_pin^0,w,c
   418   00FD76  182C               	xorwf	??_relay_turn_on^0,w,c
   419   00FD78  0BF8               	andlw	-8
   420   00FD7A  182C               	xorwf	??_relay_turn_on^0,w,c
   421   00FD7C  6E2E               	movwf	relay_turn_on@relay_pin^0,c
   422   00FD7E  C02A  FFD9         	movff	relay_turn_on@relay,fsr2l
   423   00FD82  C02B  FFDA         	movff	relay_turn_on@relay+1,fsr2h
   424   00FD86  30DF               	rrcf	223,w,c
   425   00FD88  32E8               	rrcf	wreg,f,c
   426   00FD8A  32E8               	rrcf	wreg,f,c
   427   00FD8C  0B07               	andlw	7
   428   00FD8E  6E2C               	movwf	??_relay_turn_on^0,c
   429   00FD90  462C               	rlncf	??_relay_turn_on^0,f,c
   430   00FD92  462C               	rlncf	??_relay_turn_on^0,f,c
   431   00FD94  462C               	rlncf	??_relay_turn_on^0,f,c
   432   00FD96  502E               	movf	relay_turn_on@relay_pin^0,w,c
   433   00FD98  182C               	xorwf	??_relay_turn_on^0,w,c
   434   00FD9A  0BC7               	andlw	-57
   435   00FD9C  182C               	xorwf	??_relay_turn_on^0,w,c
   436   00FD9E  6E2E               	movwf	relay_turn_on@relay_pin^0,c
   437   00FDA0  C02A  FFD9         	movff	relay_turn_on@relay,fsr2l
   438   00FDA4  C02B  FFDA         	movff	relay_turn_on@relay+1,fsr2h
   439   00FDA8  ACDF               	btfss	indf2,6,c
   440   00FDAA  D002               	bra	u415
   441   00FDAC  8C2E               	bsf	relay_turn_on@relay_pin^0,6,c
   442   00FDAE  D001               	bra	u417
   443   00FDB0                     u415:
   444   00FDB0  9C2E               	bcf	relay_turn_on@relay_pin^0,6,c
   445   00FDB2                     u417:
   446   00FDB2  9E2E               	bcf	relay_turn_on@relay_pin^0,7,c
   447   00FDB4  0E2E               	movlw	low relay_turn_on@relay_pin
   448   00FDB6  6E20               	movwf	gpio_pin_write_logic@pin^0,c
   449   00FDB8  0E00               	movlw	high relay_turn_on@relay_pin
   450   00FDBA  6E21               	movwf	(gpio_pin_write_logic@pin+1)^0,c
   451   00FDBC  0E01               	movlw	1
   452   00FDBE  6E22               	movwf	gpio_pin_write_logic@logic^0,c
   453   00FDC0  ECE6  F07E         	call	_gpio_pin_write_logic	;wreg free
   454   00FDC4                     
   455                           ;ECU_Layer/Relay/Relay_Driver.c: 42:         ret = (Std_ReturnType)0X01;
   456   00FDC4  0E01               	movlw	1
   457   00FDC6  6E2D               	movwf	relay_turn_on@ret^0,c
   458   00FDC8                     l1174:
   459                           
   460                           ;ECU_Layer/Relay/Relay_Driver.c: 44:     return ret;
   461   00FDC8  502D               	movf	relay_turn_on@ret^0,w,c
   462   00FDCA  0012               	return		;funcret
   463   00FDCC                     __end_of_relay_turn_on:
   464                           	callstack 0
   465                           
   466 ;; *************** function _relay_turn_off *****************
   467 ;; Defined at:
   468 ;;		line 47 in file "ECU_Layer/Relay/Relay_Driver.c"
   469 ;; Parameters:    Size  Location     Type
   470 ;;  relay           2   10[COMRAM] PTR struct .
   471 ;;		 -> relay1(1), 
   472 ;; Auto vars:     Size  Location     Type
   473 ;;  relay_pin       1   14[COMRAM] struct .
   474 ;;  ret             1   13[COMRAM] unsigned char 
   475 ;; Return value:  Size  Location     Type
   476 ;;                  1    wreg      unsigned char 
   477 ;; Registers used:
   478 ;;		wreg, fsr2l, fsr2h, status,2, status,0, prodl, prodh, cstack
   479 ;; Tracked objects:
   480 ;;		On entry : 0/0
   481 ;;		On exit  : 0/0
   482 ;;		Unchanged: 0/0
   483 ;; Data sizes:     COMRAM   BANK0   BANK1   BANK2   BANK3   BANK4   BANK5   BANK6   BANK7   BANK8   BANK9  BANK10  BANK1
      +1  BANK12  BANK13  BANK14  BANK15
   484 ;;      Params:         2       0       0       0       0       0       0       0       0       0       0       0       
      +0       0       0       0       0
   485 ;;      Locals:         2       0       0       0       0       0       0       0       0       0       0       0       
      +0       0       0       0       0
   486 ;;      Temps:          1       0       0       0       0       0       0       0       0       0       0       0       
      +0       0       0       0       0
   487 ;;      Totals:         5       0       0       0       0       0       0       0       0       0       0       0       
      +0       0       0       0       0
   488 ;;Total ram usage:        5 bytes
   489 ;; Hardware stack levels used: 1
   490 ;; Hardware stack levels required when called: 1
   491 ;; This function calls:
   492 ;;		_gpio_pin_write_logic
   493 ;; This function is called by:
   494 ;;		_main
   495 ;; This function uses a non-reentrant model
   496 ;;
   497                           
   498                           	psect	text2
   499   00FCC4                     __ptext2:
   500                           	callstack 0
   501   00FCC4                     _relay_turn_off:
   502                           	callstack 29
   503   00FCC4                     
   504                           ;ECU_Layer/Relay/Relay_Driver.c: 49:     if (((void*)0) == relay) {
   505   00FCC4  502A               	movf	relay_turn_off@relay^0,w,c
   506   00FCC6  102B               	iorwf	(relay_turn_off@relay+1)^0,w,c
   507   00FCC8  A4D8               	btfss	status,2,c
   508   00FCCA  EF69  F07E         	goto	u421
   509   00FCCE  EF6B  F07E         	goto	u420
   510   00FCD2                     u421:
   511   00FCD2  EF6F  F07E         	goto	l146
   512   00FCD6                     u420:
   513   00FCD6                     
   514                           ;ECU_Layer/Relay/Relay_Driver.c: 50:         ret = (Std_ReturnType)0X00;
   515   00FCD6  0E00               	movlw	0
   516   00FCD8  6E2D               	movwf	relay_turn_off@ret^0,c
   517                           
   518                           ;ECU_Layer/Relay/Relay_Driver.c: 51:     } else {
   519   00FCDA  EFA2  F07E         	goto	l1194
   520   00FCDE                     l146:
   521                           
   522                           ;ECU_Layer/Relay/Relay_Driver.c: 52:         Pin_Config_t relay_pin = {
   523   00FCDE  C034  F02E         	movff	relay_turn_off@F2893,relay_turn_off@relay_pin
   524   00FCE2  C02A  FFD9         	movff	relay_turn_off@relay,fsr2l
   525   00FCE6  C02B  FFDA         	movff	relay_turn_off@relay+1,fsr2h
   526   00FCEA  50DF               	movf	223,w,c
   527   00FCEC  0B07               	andlw	7
   528   00FCEE  6E2C               	movwf	??_relay_turn_off^0,c
   529   00FCF0  502E               	movf	relay_turn_off@relay_pin^0,w,c
   530   00FCF2  182C               	xorwf	??_relay_turn_off^0,w,c
   531   00FCF4  0BF8               	andlw	-8
   532   00FCF6  182C               	xorwf	??_relay_turn_off^0,w,c
   533   00FCF8  6E2E               	movwf	relay_turn_off@relay_pin^0,c
   534   00FCFA  C02A  FFD9         	movff	relay_turn_off@relay,fsr2l
   535   00FCFE  C02B  FFDA         	movff	relay_turn_off@relay+1,fsr2h
   536   00FD02  30DF               	rrcf	223,w,c
   537   00FD04  32E8               	rrcf	wreg,f,c
   538   00FD06  32E8               	rrcf	wreg,f,c
   539   00FD08  0B07               	andlw	7
   540   00FD0A  6E2C               	movwf	??_relay_turn_off^0,c
   541   00FD0C  462C               	rlncf	??_relay_turn_off^0,f,c
   542   00FD0E  462C               	rlncf	??_relay_turn_off^0,f,c
   543   00FD10  462C               	rlncf	??_relay_turn_off^0,f,c
   544   00FD12  502E               	movf	relay_turn_off@relay_pin^0,w,c
   545   00FD14  182C               	xorwf	??_relay_turn_off^0,w,c
   546   00FD16  0BC7               	andlw	-57
   547   00FD18  182C               	xorwf	??_relay_turn_off^0,w,c
   548   00FD1A  6E2E               	movwf	relay_turn_off@relay_pin^0,c
   549   00FD1C  C02A  FFD9         	movff	relay_turn_off@relay,fsr2l
   550   00FD20  C02B  FFDA         	movff	relay_turn_off@relay+1,fsr2h
   551   00FD24  ACDF               	btfss	indf2,6,c
   552   00FD26  D002               	bra	u435
   553   00FD28  8C2E               	bsf	relay_turn_off@relay_pin^0,6,c
   554   00FD2A  D001               	bra	u437
   555   00FD2C                     u435:
   556   00FD2C  9C2E               	bcf	relay_turn_off@relay_pin^0,6,c
   557   00FD2E                     u437:
   558   00FD2E  9E2E               	bcf	relay_turn_off@relay_pin^0,7,c
   559   00FD30  0E2E               	movlw	low relay_turn_off@relay_pin
   560   00FD32  6E20               	movwf	gpio_pin_write_logic@pin^0,c
   561   00FD34  0E00               	movlw	high relay_turn_off@relay_pin
   562   00FD36  6E21               	movwf	(gpio_pin_write_logic@pin+1)^0,c
   563   00FD38  0E00               	movlw	0
   564   00FD3A  6E22               	movwf	gpio_pin_write_logic@logic^0,c
   565   00FD3C  ECE6  F07E         	call	_gpio_pin_write_logic	;wreg free
   566   00FD40                     
   567                           ;ECU_Layer/Relay/Relay_Driver.c: 60:         ret = (Std_ReturnType)0X01;
   568   00FD40  0E01               	movlw	1
   569   00FD42  6E2D               	movwf	relay_turn_off@ret^0,c
   570   00FD44                     l1194:
   571                           
   572                           ;ECU_Layer/Relay/Relay_Driver.c: 62:     return ret;
   573   00FD44  502D               	movf	relay_turn_off@ret^0,w,c
   574   00FD46  0012               	return		;funcret
   575   00FD48                     __end_of_relay_turn_off:
   576                           	callstack 0
   577                           
   578 ;; *************** function _relay_initialize *****************
   579 ;; Defined at:
   580 ;;		line 10 in file "ECU_Layer/Relay/Relay_Driver.c"
   581 ;; Parameters:    Size  Location     Type
   582 ;;  relay           2   13[COMRAM] PTR struct .
   583 ;;		 -> relay1(1), 
   584 ;; Auto vars:     Size  Location     Type
   585 ;;  relay_pin       1   17[COMRAM] struct .
   586 ;;  ret             1   16[COMRAM] unsigned char 
   587 ;; Return value:  Size  Location     Type
   588 ;;                  1    wreg      unsigned char 
   589 ;; Registers used:
   590 ;;		wreg, fsr2l, fsr2h, status,2, status,0, prodl, prodh, cstack
   591 ;; Tracked objects:
   592 ;;		On entry : 0/0
   593 ;;		On exit  : 0/0
   594 ;;		Unchanged: 0/0
   595 ;; Data sizes:     COMRAM   BANK0   BANK1   BANK2   BANK3   BANK4   BANK5   BANK6   BANK7   BANK8   BANK9  BANK10  BANK1
      +1  BANK12  BANK13  BANK14  BANK15
   596 ;;      Params:         2       0       0       0       0       0       0       0       0       0       0       0       
      +0       0       0       0       0
   597 ;;      Locals:         2       0       0       0       0       0       0       0       0       0       0       0       
      +0       0       0       0       0
   598 ;;      Temps:          1       0       0       0       0       0       0       0       0       0       0       0       
      +0       0       0       0       0
   599 ;;      Totals:         5       0       0       0       0       0       0       0       0       0       0       0       
      +0       0       0       0       0
   600 ;;Total ram usage:        5 bytes
   601 ;; Hardware stack levels used: 1
   602 ;; Hardware stack levels required when called: 2
   603 ;; This function calls:
   604 ;;		_gpio_pin_initialize
   605 ;; This function is called by:
   606 ;;		_main
   607 ;; This function uses a non-reentrant model
   608 ;;
   609                           
   610                           	psect	text3
   611   00FC44                     __ptext3:
   612                           	callstack 0
   613   00FC44                     _relay_initialize:
   614                           	callstack 28
   615   00FC44                     
   616                           ;ECU_Layer/Relay/Relay_Driver.c: 14:     if (((void*)0) == relay) {
   617   00FC44  502D               	movf	relay_initialize@relay^0,w,c
   618   00FC46  102E               	iorwf	(relay_initialize@relay+1)^0,w,c
   619   00FC48  A4D8               	btfss	status,2,c
   620   00FC4A  EF29  F07E         	goto	u381
   621   00FC4E  EF2B  F07E         	goto	u380
   622   00FC52                     u381:
   623   00FC52  EF2F  F07E         	goto	l132
   624   00FC56                     u380:
   625   00FC56                     
   626                           ;ECU_Layer/Relay/Relay_Driver.c: 15:         ret = (Std_ReturnType)0X00;
   627   00FC56  0E00               	movlw	0
   628   00FC58  6E30               	movwf	relay_initialize@ret^0,c
   629                           
   630                           ;ECU_Layer/Relay/Relay_Driver.c: 16:     } else {
   631   00FC5A  EF60  F07E         	goto	l1154
   632   00FC5E                     l132:
   633                           
   634                           ;ECU_Layer/Relay/Relay_Driver.c: 17:         Pin_Config_t relay_pin = {
   635   00FC5E  C036  F031         	movff	relay_initialize@F2883,relay_initialize@relay_pin
   636   00FC62  C02D  FFD9         	movff	relay_initialize@relay,fsr2l
   637   00FC66  C02E  FFDA         	movff	relay_initialize@relay+1,fsr2h
   638   00FC6A  50DF               	movf	223,w,c
   639   00FC6C  0B07               	andlw	7
   640   00FC6E  6E2F               	movwf	??_relay_initialize^0,c
   641   00FC70  5031               	movf	relay_initialize@relay_pin^0,w,c
   642   00FC72  182F               	xorwf	??_relay_initialize^0,w,c
   643   00FC74  0BF8               	andlw	-8
   644   00FC76  182F               	xorwf	??_relay_initialize^0,w,c
   645   00FC78  6E31               	movwf	relay_initialize@relay_pin^0,c
   646   00FC7A  C02D  FFD9         	movff	relay_initialize@relay,fsr2l
   647   00FC7E  C02E  FFDA         	movff	relay_initialize@relay+1,fsr2h
   648   00FC82  30DF               	rrcf	223,w,c
   649   00FC84  32E8               	rrcf	wreg,f,c
   650   00FC86  32E8               	rrcf	wreg,f,c
   651   00FC88  0B07               	andlw	7
   652   00FC8A  6E2F               	movwf	??_relay_initialize^0,c
   653   00FC8C  462F               	rlncf	??_relay_initialize^0,f,c
   654   00FC8E  462F               	rlncf	??_relay_initialize^0,f,c
   655   00FC90  462F               	rlncf	??_relay_initialize^0,f,c
   656   00FC92  5031               	movf	relay_initialize@relay_pin^0,w,c
   657   00FC94  182F               	xorwf	??_relay_initialize^0,w,c
   658   00FC96  0BC7               	andlw	-57
   659   00FC98  182F               	xorwf	??_relay_initialize^0,w,c
   660   00FC9A  6E31               	movwf	relay_initialize@relay_pin^0,c
   661   00FC9C  C02D  FFD9         	movff	relay_initialize@relay,fsr2l
   662   00FCA0  C02E  FFDA         	movff	relay_initialize@relay+1,fsr2h
   663   00FCA4  ACDF               	btfss	indf2,6,c
   664   00FCA6  D002               	bra	u395
   665   00FCA8  8C31               	bsf	relay_initialize@relay_pin^0,6,c
   666   00FCAA  D001               	bra	u397
   667   00FCAC                     u395:
   668   00FCAC  9C31               	bcf	relay_initialize@relay_pin^0,6,c
   669   00FCAE                     u397:
   670   00FCAE  9E31               	bcf	relay_initialize@relay_pin^0,7,c
   671   00FCB0  0E31               	movlw	low relay_initialize@relay_pin
   672   00FCB2  6E2A               	movwf	gpio_pin_initialize@pin^0,c
   673   00FCB4  0E00               	movlw	high relay_initialize@relay_pin
   674   00FCB6  6E2B               	movwf	(gpio_pin_initialize@pin+1)^0,c
   675   00FCB8  ECCF  F07D         	call	_gpio_pin_initialize	;wreg free
   676   00FCBC                     
   677                           ;ECU_Layer/Relay/Relay_Driver.c: 24:         ret = (Std_ReturnType)0X01;
   678   00FCBC  0E01               	movlw	1
   679   00FCBE  6E30               	movwf	relay_initialize@ret^0,c
   680   00FCC0                     l1154:
   681                           
   682                           ;ECU_Layer/Relay/Relay_Driver.c: 26:     return ret;
   683   00FCC0  5030               	movf	relay_initialize@ret^0,w,c
   684   00FCC2  0012               	return		;funcret
   685   00FCC4                     __end_of_relay_initialize:
   686                           	callstack 0
   687                           
   688 ;; *************** function _gpio_pin_initialize *****************
   689 ;; Defined at:
   690 ;;		line 16 in file "MCAL_Layer/GPIO/HAL_GPIO.c"
   691 ;; Parameters:    Size  Location     Type
   692 ;;  pin             2   10[COMRAM] PTR const struct .
   693 ;;		 -> relay_initialize@relay_pin(1), 
   694 ;; Auto vars:     Size  Location     Type
   695 ;;  ret             1   12[COMRAM] unsigned char 
   696 ;; Return value:  Size  Location     Type
   697 ;;                  1    wreg      unsigned char 
   698 ;; Registers used:
   699 ;;		wreg, fsr2l, fsr2h, status,2, status,0, prodl, prodh, cstack
   700 ;; Tracked objects:
   701 ;;		On entry : 0/0
   702 ;;		On exit  : 0/0
   703 ;;		Unchanged: 0/0
   704 ;; Data sizes:     COMRAM   BANK0   BANK1   BANK2   BANK3   BANK4   BANK5   BANK6   BANK7   BANK8   BANK9  BANK10  BANK1
      +1  BANK12  BANK13  BANK14  BANK15
   705 ;;      Params:         2       0       0       0       0       0       0       0       0       0       0       0       
      +0       0       0       0       0
   706 ;;      Locals:         1       0       0       0       0       0       0       0       0       0       0       0       
      +0       0       0       0       0
   707 ;;      Temps:          0       0       0       0       0       0       0       0       0       0       0       0       
      +0       0       0       0       0
   708 ;;      Totals:         3       0       0       0       0       0       0       0       0       0       0       0       
      +0       0       0       0       0
   709 ;;Total ram usage:        3 bytes
   710 ;; Hardware stack levels used: 1
   711 ;; Hardware stack levels required when called: 1
   712 ;; This function calls:
   713 ;;		_gpio_pin_directoin_initialize
   714 ;;		_gpio_pin_write_logic
   715 ;; This function is called by:
   716 ;;		_relay_initialize
   717 ;; This function uses a non-reentrant model
   718 ;;
   719                           
   720                           	psect	text4
   721   00FB9E                     __ptext4:
   722                           	callstack 0
   723   00FB9E                     _gpio_pin_initialize:
   724                           	callstack 28
   725   00FB9E                     
   726                           ;MCAL_Layer/GPIO/HAL_GPIO.c: 20:     if(((void*)0) == pin)
   727   00FB9E  502A               	movf	gpio_pin_initialize@pin^0,w,c
   728   00FBA0  102B               	iorwf	(gpio_pin_initialize@pin+1)^0,w,c
   729   00FBA2  A4D8               	btfss	status,2,c
   730   00FBA4  EFD6  F07D         	goto	u371
   731   00FBA8  EFD8  F07D         	goto	u370
   732   00FBAC                     u371:
   733   00FBAC  EFDC  F07D         	goto	l1130
   734   00FBB0                     u370:
   735   00FBB0                     
   736                           ;MCAL_Layer/GPIO/HAL_GPIO.c: 21:     {;MCAL_Layer/GPIO/HAL_GPIO.c: 22:         ret = (St
      +                          d_ReturnType)0X00;
   737   00FBB0  0E00               	movlw	0
   738   00FBB2  6E2C               	movwf	gpio_pin_initialize@ret^0,c
   739                           
   740                           ;MCAL_Layer/GPIO/HAL_GPIO.c: 23:     }
   741   00FBB4  EFF4  F07D         	goto	l1134
   742   00FBB8                     l1130:
   743                           
   744                           ;MCAL_Layer/GPIO/HAL_GPIO.c: 25:     {;MCAL_Layer/GPIO/HAL_GPIO.c: 26:         ret = gpi
      +                          o_pin_directoin_initialize(pin);
   745   00FBB8  C02A  F020         	movff	gpio_pin_initialize@pin,gpio_pin_directoin_initialize@pin
   746   00FBBC  C02B  F021         	movff	gpio_pin_initialize@pin+1,gpio_pin_directoin_initialize@pin+1
   747   00FBC0  EC6D  F07F         	call	_gpio_pin_directoin_initialize	;wreg free
   748   00FBC4  6E2C               	movwf	gpio_pin_initialize@ret^0,c
   749                           
   750                           ;MCAL_Layer/GPIO/HAL_GPIO.c: 27:         ret = gpio_pin_write_logic(pin,pin->logic);
   751   00FBC6  C02A  F020         	movff	gpio_pin_initialize@pin,gpio_pin_write_logic@pin
   752   00FBCA  C02B  F021         	movff	gpio_pin_initialize@pin+1,gpio_pin_write_logic@pin+1
   753   00FBCE  C02A  FFD9         	movff	gpio_pin_initialize@pin,fsr2l
   754   00FBD2  C02B  FFDA         	movff	gpio_pin_initialize@pin+1,fsr2h
   755   00FBD6  0E00               	movlw	0
   756   00FBD8  BCDF               	btfsc	indf2,6,c
   757   00FBDA  0E01               	movlw	1
   758   00FBDC  6E22               	movwf	gpio_pin_write_logic@logic^0,c
   759   00FBDE  ECE6  F07E         	call	_gpio_pin_write_logic	;wreg free
   760   00FBE2  6E2C               	movwf	gpio_pin_initialize@ret^0,c
   761   00FBE4                     
   762                           ;MCAL_Layer/GPIO/HAL_GPIO.c: 28:         ret = (Std_ReturnType)0X01;
   763   00FBE4  0E01               	movlw	1
   764   00FBE6  6E2C               	movwf	gpio_pin_initialize@ret^0,c
   765   00FBE8                     l1134:
   766                           
   767                           ;MCAL_Layer/GPIO/HAL_GPIO.c: 30:     return ret;
   768   00FBE8  502C               	movf	gpio_pin_initialize@ret^0,w,c
   769   00FBEA  0012               	return		;funcret
   770   00FBEC                     __end_of_gpio_pin_initialize:
   771                           	callstack 0
   772                           
   773 ;; *************** function _gpio_pin_write_logic *****************
   774 ;; Defined at:
   775 ;;		line 70 in file "MCAL_Layer/GPIO/HAL_GPIO.c"
   776 ;; Parameters:    Size  Location     Type
   777 ;;  pin             2    0[COMRAM] PTR const struct .
   778 ;;		 -> relay_turn_off@relay_pin(1), relay_turn_on@relay_pin(1), relay_initialize@relay_pin(1), 
   779 ;;  logic           1    2[COMRAM] enum E2805
   780 ;; Auto vars:     Size  Location     Type
   781 ;;  ret             1    9[COMRAM] unsigned char 
   782 ;; Return value:  Size  Location     Type
   783 ;;                  1    wreg      unsigned char 
   784 ;; Registers used:
   785 ;;		wreg, fsr2l, fsr2h, status,2, status,0, prodl, prodh
   786 ;; Tracked objects:
   787 ;;		On entry : 0/0
   788 ;;		On exit  : 0/0
   789 ;;		Unchanged: 0/0
   790 ;; Data sizes:     COMRAM   BANK0   BANK1   BANK2   BANK3   BANK4   BANK5   BANK6   BANK7   BANK8   BANK9  BANK10  BANK1
      +1  BANK12  BANK13  BANK14  BANK15
   791 ;;      Params:         3       0       0       0       0       0       0       0       0       0       0       0       
      +0       0       0       0       0
   792 ;;      Locals:         1       0       0       0       0       0       0       0       0       0       0       0       
      +0       0       0       0       0
   793 ;;      Temps:          6       0       0       0       0       0       0       0       0       0       0       0       
      +0       0       0       0       0
   794 ;;      Totals:        10       0       0       0       0       0       0       0       0       0       0       0       
      +0       0       0       0       0
   795 ;;Total ram usage:       10 bytes
   796 ;; Hardware stack levels used: 1
   797 ;; This function calls:
   798 ;;		Nothing
   799 ;; This function is called by:
   800 ;;		_gpio_pin_initialize
   801 ;;		_relay_turn_on
   802 ;;		_relay_turn_off
   803 ;; This function uses a non-reentrant model
   804 ;;
   805                           
   806                           	psect	text5
   807   00FDCC                     __ptext5:
   808                           	callstack 0
   809   00FDCC                     _gpio_pin_write_logic:
   810                           	callstack 29
   811   00FDCC                     
   812                           ;MCAL_Layer/GPIO/HAL_GPIO.c: 73:     if(((void*)0) == pin)
   813   00FDCC  5020               	movf	gpio_pin_write_logic@pin^0,w,c
   814   00FDCE  1021               	iorwf	(gpio_pin_write_logic@pin+1)^0,w,c
   815   00FDD0  A4D8               	btfss	status,2,c
   816   00FDD2  EFED  F07E         	goto	u341
   817   00FDD6  EFEF  F07E         	goto	u340
   818   00FDDA                     u341:
   819   00FDDA  EF56  F07F         	goto	l1114
   820   00FDDE                     u340:
   821   00FDDE  EF56  F07F         	goto	l1114
   822   00FDE2                     l1104:
   823                           
   824                           ;MCAL_Layer/GPIO/HAL_GPIO.c: 80:             (*Lat_Register[pin->port] &= ~((uint8)1<<pi
      +                          n->pin));
   825   00FDE2  C020  FFD9         	movff	gpio_pin_write_logic@pin,fsr2l
   826   00FDE6  C021  FFDA         	movff	gpio_pin_write_logic@pin+1,fsr2h
   827   00FDEA  30DF               	rrcf	223,w,c
   828   00FDEC  32E8               	rrcf	wreg,f,c
   829   00FDEE  32E8               	rrcf	wreg,f,c
   830   00FDF0  0B07               	andlw	7
   831   00FDF2  6E23               	movwf	??_gpio_pin_write_logic^0,c
   832   00FDF4  0E01               	movlw	1
   833   00FDF6  6E24               	movwf	(??_gpio_pin_write_logic+1)^0,c
   834   00FDF8  2A23               	incf	??_gpio_pin_write_logic^0,f,c
   835   00FDFA  EF01  F07F         	goto	u354
   836   00FDFE                     u355:
   837   00FDFE  90D8               	bcf	status,0,c
   838   00FE00  3624               	rlcf	(??_gpio_pin_write_logic+1)^0,f,c
   839   00FE02                     u354:
   840   00FE02  2E23               	decfsz	??_gpio_pin_write_logic^0,f,c
   841   00FE04  EFFF  F07E         	goto	u355
   842   00FE08  5024               	movf	(??_gpio_pin_write_logic+1)^0,w,c
   843   00FE0A  0AFF               	xorlw	255
   844   00FE0C  6E25               	movwf	(??_gpio_pin_write_logic+2)^0,c
   845   00FE0E  C020  FFD9         	movff	gpio_pin_write_logic@pin,fsr2l
   846   00FE12  C021  FFDA         	movff	gpio_pin_write_logic@pin+1,fsr2h
   847   00FE16  50DF               	movf	223,w,c
   848   00FE18  0B07               	andlw	7
   849   00FE1A  6E26               	movwf	(??_gpio_pin_write_logic+3)^0,c
   850   00FE1C  5026               	movf	(??_gpio_pin_write_logic+3)^0,w,c
   851   00FE1E  0D02               	mullw	2
   852   00FE20  0E0B               	movlw	low _Lat_Register
   853   00FE22  24F3               	addwf	243,w,c
   854   00FE24  6ED9               	movwf	fsr2l,c
   855   00FE26  0E00               	movlw	high _Lat_Register
   856   00FE28  20F4               	addwfc	prodh,w,c
   857   00FE2A  6EDA               	movwf	fsr2h,c
   858   00FE2C  CFDE F027          	movff	postinc2,??_gpio_pin_write_logic+4
   859   00FE30  CFDD F028          	movff	postdec2,??_gpio_pin_write_logic+5
   860   00FE34  C027  FFD9         	movff	??_gpio_pin_write_logic+4,fsr2l
   861   00FE38  C028  FFDA         	movff	??_gpio_pin_write_logic+5,fsr2h
   862   00FE3C  5025               	movf	(??_gpio_pin_write_logic+2)^0,w,c
   863   00FE3E  16DF               	andwf	indf2,f,c
   864   00FE40                     l1106:
   865                           
   866                           ;MCAL_Layer/GPIO/HAL_GPIO.c: 81:             ret = (Std_ReturnType)0X01;
   867   00FE40  0E01               	movlw	1
   868   00FE42  6E29               	movwf	gpio_pin_write_logic@ret^0,c
   869                           
   870                           ;MCAL_Layer/GPIO/HAL_GPIO.c: 82:             break;
   871   00FE44  EF6B  F07F         	goto	l1116
   872   00FE48                     l1108:
   873                           
   874                           ;MCAL_Layer/GPIO/HAL_GPIO.c: 84:             (*Lat_Register[pin->port] |= ((uint8)1<<pin
      +                          ->pin));
   875   00FE48  C020  FFD9         	movff	gpio_pin_write_logic@pin,fsr2l
   876   00FE4C  C021  FFDA         	movff	gpio_pin_write_logic@pin+1,fsr2h
   877   00FE50  30DF               	rrcf	223,w,c
   878   00FE52  32E8               	rrcf	wreg,f,c
   879   00FE54  32E8               	rrcf	wreg,f,c
   880   00FE56  0B07               	andlw	7
   881   00FE58  6E23               	movwf	??_gpio_pin_write_logic^0,c
   882   00FE5A  0E01               	movlw	1
   883   00FE5C  6E24               	movwf	(??_gpio_pin_write_logic+1)^0,c
   884   00FE5E  2A23               	incf	??_gpio_pin_write_logic^0,f,c
   885   00FE60  EF34  F07F         	goto	u364
   886   00FE64                     u365:
   887   00FE64  90D8               	bcf	status,0,c
   888   00FE66  3624               	rlcf	(??_gpio_pin_write_logic+1)^0,f,c
   889   00FE68                     u364:
   890   00FE68  2E23               	decfsz	??_gpio_pin_write_logic^0,f,c
   891   00FE6A  EF32  F07F         	goto	u365
   892   00FE6E  C020  FFD9         	movff	gpio_pin_write_logic@pin,fsr2l
   893   00FE72  C021  FFDA         	movff	gpio_pin_write_logic@pin+1,fsr2h
   894   00FE76  50DF               	movf	223,w,c
   895   00FE78  0B07               	andlw	7
   896   00FE7A  6E25               	movwf	(??_gpio_pin_write_logic+2)^0,c
   897   00FE7C  5025               	movf	(??_gpio_pin_write_logic+2)^0,w,c
   898   00FE7E  0D02               	mullw	2
   899   00FE80  0E0B               	movlw	low _Lat_Register
   900   00FE82  24F3               	addwf	243,w,c
   901   00FE84  6ED9               	movwf	fsr2l,c
   902   00FE86  0E00               	movlw	high _Lat_Register
   903   00FE88  20F4               	addwfc	prodh,w,c
   904   00FE8A  6EDA               	movwf	fsr2h,c
   905   00FE8C  CFDE F026          	movff	postinc2,??_gpio_pin_write_logic+3
   906   00FE90  CFDD F027          	movff	postdec2,??_gpio_pin_write_logic+4
   907   00FE94  C026  FFD9         	movff	??_gpio_pin_write_logic+3,fsr2l
   908   00FE98  C027  FFDA         	movff	??_gpio_pin_write_logic+4,fsr2h
   909   00FE9C  5024               	movf	(??_gpio_pin_write_logic+1)^0,w,c
   910   00FE9E  12DF               	iorwf	indf2,f,c
   911   00FEA0  EF20  F07F         	goto	l1106
   912   00FEA4                     l1112:
   913   00FEA4  0E00               	movlw	0
   914   00FEA6  6E29               	movwf	gpio_pin_write_logic@ret^0,c
   915                           
   916                           ;MCAL_Layer/GPIO/HAL_GPIO.c: 88:     }
   917   00FEA8  EF6B  F07F         	goto	l1116
   918   00FEAC                     l1114:
   919   00FEAC  5022               	movf	gpio_pin_write_logic@logic^0,w,c
   920   00FEAE  6E23               	movwf	??_gpio_pin_write_logic^0,c
   921   00FEB0  6A24               	clrf	(??_gpio_pin_write_logic+1)^0,c
   922                           
   923                           ; Switch on 2 bytes has been partitioned into a top level switch of size 1, and 1 sub-sw
      +                          itches
   924                           ; Switch size 1, requested type "simple"
   925                           ; Number of cases is 1, Range of values is 0 to 0
   926                           ; switch strategies available:
   927                           ; Name         Instructions Cycles
   928                           ; simple_byte            4     3 (average)
   929                           ;	Chosen strategy is simple_byte
   930   00FEB2  5024               	movf	(??_gpio_pin_write_logic+1)^0,w,c
   931   00FEB4  0A00               	xorlw	0	; case 0
   932   00FEB6  B4D8               	btfsc	status,2,c
   933   00FEB8  EF60  F07F         	goto	l1218
   934   00FEBC  EF52  F07F         	goto	l1112
   935   00FEC0                     l1218:
   936                           
   937                           ; Switch size 1, requested type "simple"
   938                           ; Number of cases is 2, Range of values is 0 to 1
   939                           ; switch strategies available:
   940                           ; Name         Instructions Cycles
   941                           ; simple_byte            7     4 (average)
   942                           ;	Chosen strategy is simple_byte
   943   00FEC0  5023               	movf	??_gpio_pin_write_logic^0,w,c
   944   00FEC2  0A00               	xorlw	0	; case 0
   945   00FEC4  B4D8               	btfsc	status,2,c
   946   00FEC6  EFF1  F07E         	goto	l1104
   947   00FECA  0A01               	xorlw	1	; case 1
   948   00FECC  B4D8               	btfsc	status,2,c
   949   00FECE  EF24  F07F         	goto	l1108
   950   00FED2  EF52  F07F         	goto	l1112
   951   00FED6                     l1116:
   952                           
   953                           ;MCAL_Layer/GPIO/HAL_GPIO.c: 89:     return ret;
   954   00FED6  5029               	movf	gpio_pin_write_logic@ret^0,w,c
   955   00FED8  0012               	return		;funcret
   956   00FEDA                     __end_of_gpio_pin_write_logic:
   957                           	callstack 0
   958                           
   959 ;; *************** function _gpio_pin_directoin_initialize *****************
   960 ;; Defined at:
   961 ;;		line 32 in file "MCAL_Layer/GPIO/HAL_GPIO.c"
   962 ;; Parameters:    Size  Location     Type
   963 ;;  pin             2    0[COMRAM] PTR const struct .
   964 ;;		 -> relay_initialize@relay_pin(1), 
   965 ;; Auto vars:     Size  Location     Type
   966 ;;  ret             1    8[COMRAM] unsigned char 
   967 ;; Return value:  Size  Location     Type
   968 ;;                  1    wreg      unsigned char 
   969 ;; Registers used:
   970 ;;		wreg, fsr2l, fsr2h, status,2, status,0, prodl, prodh
   971 ;; Tracked objects:
   972 ;;		On entry : 0/0
   973 ;;		On exit  : 0/0
   974 ;;		Unchanged: 0/0
   975 ;; Data sizes:     COMRAM   BANK0   BANK1   BANK2   BANK3   BANK4   BANK5   BANK6   BANK7   BANK8   BANK9  BANK10  BANK1
      +1  BANK12  BANK13  BANK14  BANK15
   976 ;;      Params:         2       0       0       0       0       0       0       0       0       0       0       0       
      +0       0       0       0       0
   977 ;;      Locals:         1       0       0       0       0       0       0       0       0       0       0       0       
      +0       0       0       0       0
   978 ;;      Temps:          6       0       0       0       0       0       0       0       0       0       0       0       
      +0       0       0       0       0
   979 ;;      Totals:         9       0       0       0       0       0       0       0       0       0       0       0       
      +0       0       0       0       0
   980 ;;Total ram usage:        9 bytes
   981 ;; Hardware stack levels used: 1
   982 ;; This function calls:
   983 ;;		Nothing
   984 ;; This function is called by:
   985 ;;		_gpio_pin_initialize
   986 ;; This function uses a non-reentrant model
   987 ;;
   988                           
   989                           	psect	text6
   990   00FEDA                     __ptext6:
   991                           	callstack 0
   992   00FEDA                     _gpio_pin_directoin_initialize:
   993                           	callstack 28
   994   00FEDA                     
   995                           ;MCAL_Layer/GPIO/HAL_GPIO.c: 35:     if(((void*)0) == pin)
   996   00FEDA  5020               	movf	gpio_pin_directoin_initialize@pin^0,w,c
   997   00FEDC  1021               	iorwf	(gpio_pin_directoin_initialize@pin+1)^0,w,c
   998   00FEDE  A4D8               	btfss	status,2,c
   999   00FEE0  EF74  F07F         	goto	u291
  1000   00FEE4  EF76  F07F         	goto	u290
  1001   00FEE8                     u291:
  1002   00FEE8  EFDD  F07F         	goto	l1088
  1003   00FEEC                     u290:
  1004   00FEEC  EFDD  F07F         	goto	l1088
  1005   00FEF0                     l1078:
  1006                           
  1007                           ;MCAL_Layer/GPIO/HAL_GPIO.c: 43:             (*Tris_Register[pin->port] &= ~((uint8)1<<p
      +                          in->pin));
  1008   00FEF0  C020  FFD9         	movff	gpio_pin_directoin_initialize@pin,fsr2l
  1009   00FEF4  C021  FFDA         	movff	gpio_pin_directoin_initialize@pin+1,fsr2h
  1010   00FEF8  30DF               	rrcf	223,w,c
  1011   00FEFA  32E8               	rrcf	wreg,f,c
  1012   00FEFC  32E8               	rrcf	wreg,f,c
  1013   00FEFE  0B07               	andlw	7
  1014   00FF00  6E22               	movwf	??_gpio_pin_directoin_initialize^0,c
  1015   00FF02  0E01               	movlw	1
  1016   00FF04  6E23               	movwf	(??_gpio_pin_directoin_initialize+1)^0,c
  1017   00FF06  2A22               	incf	??_gpio_pin_directoin_initialize^0,f,c
  1018   00FF08  EF88  F07F         	goto	u304
  1019   00FF0C                     u305:
  1020   00FF0C  90D8               	bcf	status,0,c
  1021   00FF0E  3623               	rlcf	(??_gpio_pin_directoin_initialize+1)^0,f,c
  1022   00FF10                     u304:
  1023   00FF10  2E22               	decfsz	??_gpio_pin_directoin_initialize^0,f,c
  1024   00FF12  EF86  F07F         	goto	u305
  1025   00FF16  5023               	movf	(??_gpio_pin_directoin_initialize+1)^0,w,c
  1026   00FF18  0AFF               	xorlw	255
  1027   00FF1A  6E24               	movwf	(??_gpio_pin_directoin_initialize+2)^0,c
  1028   00FF1C  C020  FFD9         	movff	gpio_pin_directoin_initialize@pin,fsr2l
  1029   00FF20  C021  FFDA         	movff	gpio_pin_directoin_initialize@pin+1,fsr2h
  1030   00FF24  50DF               	movf	223,w,c
  1031   00FF26  0B07               	andlw	7
  1032   00FF28  6E25               	movwf	(??_gpio_pin_directoin_initialize+3)^0,c
  1033   00FF2A  5025               	movf	(??_gpio_pin_directoin_initialize+3)^0,w,c
  1034   00FF2C  0D02               	mullw	2
  1035   00FF2E  0E15               	movlw	low _Tris_Register
  1036   00FF30  24F3               	addwf	243,w,c
  1037   00FF32  6ED9               	movwf	fsr2l,c
  1038   00FF34  0E00               	movlw	high _Tris_Register
  1039   00FF36  20F4               	addwfc	prodh,w,c
  1040   00FF38  6EDA               	movwf	fsr2h,c
  1041   00FF3A  CFDE F026          	movff	postinc2,??_gpio_pin_directoin_initialize+4
  1042   00FF3E  CFDD F027          	movff	postdec2,??_gpio_pin_directoin_initialize+5
  1043   00FF42  C026  FFD9         	movff	??_gpio_pin_directoin_initialize+4,fsr2l
  1044   00FF46  C027  FFDA         	movff	??_gpio_pin_directoin_initialize+5,fsr2h
  1045   00FF4A  5024               	movf	(??_gpio_pin_directoin_initialize+2)^0,w,c
  1046   00FF4C  16DF               	andwf	indf2,f,c
  1047   00FF4E                     l1080:
  1048                           
  1049                           ;MCAL_Layer/GPIO/HAL_GPIO.c: 44:             ret = (Std_ReturnType)0X01;
  1050   00FF4E  0E01               	movlw	1
  1051   00FF50  6E28               	movwf	gpio_pin_directoin_initialize@ret^0,c
  1052                           
  1053                           ;MCAL_Layer/GPIO/HAL_GPIO.c: 45:             break;
  1054   00FF52  EFFE  F07F         	goto	l1090
  1055   00FF56                     l1082:
  1056                           
  1057                           ;MCAL_Layer/GPIO/HAL_GPIO.c: 48:             (*Tris_Register[pin->port] |= ((uint8)1<<pi
      +                          n->pin));
  1058   00FF56  C020  FFD9         	movff	gpio_pin_directoin_initialize@pin,fsr2l
  1059   00FF5A  C021  FFDA         	movff	gpio_pin_directoin_initialize@pin+1,fsr2h
  1060   00FF5E  30DF               	rrcf	223,w,c
  1061   00FF60  32E8               	rrcf	wreg,f,c
  1062   00FF62  32E8               	rrcf	wreg,f,c
  1063   00FF64  0B07               	andlw	7
  1064   00FF66  6E22               	movwf	??_gpio_pin_directoin_initialize^0,c
  1065   00FF68  0E01               	movlw	1
  1066   00FF6A  6E23               	movwf	(??_gpio_pin_directoin_initialize+1)^0,c
  1067   00FF6C  2A22               	incf	??_gpio_pin_directoin_initialize^0,f,c
  1068   00FF6E  EFBB  F07F         	goto	u314
  1069   00FF72                     u315:
  1070   00FF72  90D8               	bcf	status,0,c
  1071   00FF74  3623               	rlcf	(??_gpio_pin_directoin_initialize+1)^0,f,c
  1072   00FF76                     u314:
  1073   00FF76  2E22               	decfsz	??_gpio_pin_directoin_initialize^0,f,c
  1074   00FF78  EFB9  F07F         	goto	u315
  1075   00FF7C  C020  FFD9         	movff	gpio_pin_directoin_initialize@pin,fsr2l
  1076   00FF80  C021  FFDA         	movff	gpio_pin_directoin_initialize@pin+1,fsr2h
  1077   00FF84  50DF               	movf	223,w,c
  1078   00FF86  0B07               	andlw	7
  1079   00FF88  6E24               	movwf	(??_gpio_pin_directoin_initialize+2)^0,c
  1080   00FF8A  5024               	movf	(??_gpio_pin_directoin_initialize+2)^0,w,c
  1081   00FF8C  0D02               	mullw	2
  1082   00FF8E  0E15               	movlw	low _Tris_Register
  1083   00FF90  24F3               	addwf	243,w,c
  1084   00FF92  6ED9               	movwf	fsr2l,c
  1085   00FF94  0E00               	movlw	high _Tris_Register
  1086   00FF96  20F4               	addwfc	prodh,w,c
  1087   00FF98  6EDA               	movwf	fsr2h,c
  1088   00FF9A  CFDE F025          	movff	postinc2,??_gpio_pin_directoin_initialize+3
  1089   00FF9E  CFDD F026          	movff	postdec2,??_gpio_pin_directoin_initialize+4
  1090   00FFA2  C025  FFD9         	movff	??_gpio_pin_directoin_initialize+3,fsr2l
  1091   00FFA6  C026  FFDA         	movff	??_gpio_pin_directoin_initialize+4,fsr2h
  1092   00FFAA  5023               	movf	(??_gpio_pin_directoin_initialize+1)^0,w,c
  1093   00FFAC  12DF               	iorwf	indf2,f,c
  1094   00FFAE  EFA7  F07F         	goto	l1080
  1095   00FFB2                     l1086:
  1096   00FFB2  0E00               	movlw	0
  1097   00FFB4  6E28               	movwf	gpio_pin_directoin_initialize@ret^0,c
  1098                           
  1099                           ;MCAL_Layer/GPIO/HAL_GPIO.c: 53:     }
  1100   00FFB6  EFFE  F07F         	goto	l1090
  1101   00FFBA                     l1088:
  1102   00FFBA  C020  FFD9         	movff	gpio_pin_directoin_initialize@pin,fsr2l
  1103   00FFBE  C021  FFDA         	movff	gpio_pin_directoin_initialize@pin+1,fsr2h
  1104   00FFC2  BEDF               	btfsc	indf2,7,c
  1105   00FFC4  EFE6  F07F         	goto	u321
  1106   00FFC8  EFE9  F07F         	goto	u320
  1107   00FFCC                     u321:
  1108   00FFCC  0E01               	movlw	1
  1109   00FFCE  EFEA  F07F         	goto	u330
  1110   00FFD2                     u320:
  1111   00FFD2  0E00               	movlw	0
  1112   00FFD4                     u330:
  1113   00FFD4  6E22               	movwf	??_gpio_pin_directoin_initialize^0,c
  1114   00FFD6  6A23               	clrf	(??_gpio_pin_directoin_initialize+1)^0,c
  1115                           
  1116                           ; Switch on 2 bytes has been partitioned into a top level switch of size 1, and 1 sub-sw
      +                          itches
  1117                           ; Switch size 1, requested type "simple"
  1118                           ; Number of cases is 1, Range of values is 0 to 0
  1119                           ; switch strategies available:
  1120                           ; Name         Instructions Cycles
  1121                           ; simple_byte            4     3 (average)
  1122                           ;	Chosen strategy is simple_byte
  1123   00FFD8  5023               	movf	(??_gpio_pin_directoin_initialize+1)^0,w,c
  1124   00FFDA  0A00               	xorlw	0	; case 0
  1125   00FFDC  B4D8               	btfsc	status,2,c
  1126   00FFDE  EFF3  F07F         	goto	l1220
  1127   00FFE2  EFD9  F07F         	goto	l1086
  1128   00FFE6                     l1220:
  1129                           
  1130                           ; Switch size 1, requested type "simple"
  1131                           ; Number of cases is 2, Range of values is 0 to 1
  1132                           ; switch strategies available:
  1133                           ; Name         Instructions Cycles
  1134                           ; simple_byte            7     4 (average)
  1135                           ;	Chosen strategy is simple_byte
  1136   00FFE6  5022               	movf	??_gpio_pin_directoin_initialize^0,w,c
  1137   00FFE8  0A00               	xorlw	0	; case 0
  1138   00FFEA  B4D8               	btfsc	status,2,c
  1139   00FFEC  EF78  F07F         	goto	l1078
  1140   00FFF0  0A01               	xorlw	1	; case 1
  1141   00FFF2  B4D8               	btfsc	status,2,c
  1142   00FFF4  EFAB  F07F         	goto	l1082
  1143   00FFF8  EFD9  F07F         	goto	l1086
  1144   00FFFC                     l1090:
  1145                           
  1146                           ;MCAL_Layer/GPIO/HAL_GPIO.c: 54:     return ret;
  1147   00FFFC  5028               	movf	gpio_pin_directoin_initialize@ret^0,w,c
  1148   00FFFE  0012               	return		;funcret
  1149   010000                     __end_of_gpio_pin_directoin_initialize:
  1150                           	callstack 0
  1151   000000                     
  1152                           	psect	rparam
  1153   000000                     
  1154                           	psect	idloc
  1155                           
  1156                           ;Config register IDLOC0 @ 0x200000
  1157                           ;	unspecified, using default values
  1158   200000                     	org	2097152
  1159   200000  FF                 	db	255
  1160                           
  1161                           ;Config register IDLOC1 @ 0x200001
  1162                           ;	unspecified, using default values
  1163   200001                     	org	2097153
  1164   200001  FF                 	db	255
  1165                           
  1166                           ;Config register IDLOC2 @ 0x200002
  1167                           ;	unspecified, using default values
  1168   200002                     	org	2097154
  1169   200002  FF                 	db	255
  1170                           
  1171                           ;Config register IDLOC3 @ 0x200003
  1172                           ;	unspecified, using default values
  1173   200003                     	org	2097155
  1174   200003  FF                 	db	255
  1175                           
  1176                           ;Config register IDLOC4 @ 0x200004
  1177                           ;	unspecified, using default values
  1178   200004                     	org	2097156
  1179   200004  FF                 	db	255
  1180                           
  1181                           ;Config register IDLOC5 @ 0x200005
  1182                           ;	unspecified, using default values
  1183   200005                     	org	2097157
  1184   200005  FF                 	db	255
  1185                           
  1186                           ;Config register IDLOC6 @ 0x200006
  1187                           ;	unspecified, using default values
  1188   200006                     	org	2097158
  1189   200006  FF                 	db	255
  1190                           
  1191                           ;Config register IDLOC7 @ 0x200007
  1192                           ;	unspecified, using default values
  1193   200007                     	org	2097159
  1194   200007  FF                 	db	255
  1195                           
  1196                           	psect	config
  1197                           
  1198                           ; Padding undefined space
  1199   300000                     	org	3145728
  1200   300000  FF                 	db	255
  1201                           
  1202                           ;Config register CONFIG1H @ 0x300001
  1203                           ;	unspecified, using default values
  1204                           ;	Oscillator Selection bits
  1205                           ;	OSC = 0x7, unprogrammed default
  1206                           ;	Fail-Safe Clock Monitor Enable bit
  1207                           ;	FCMEN = 0x0, unprogrammed default
  1208                           ;	Internal/External Oscillator Switchover bit
  1209                           ;	IESO = 0x0, unprogrammed default
  1210   300001                     	org	3145729
  1211   300001  07                 	db	7
  1212                           
  1213                           ;Config register CONFIG2L @ 0x300002
  1214                           ;	unspecified, using default values
  1215                           ;	Power-up Timer Enable bit
  1216                           ;	PWRT = 0x1, unprogrammed default
  1217                           ;	Brown-out Reset Enable bits
  1218                           ;	BOREN = 0x3, unprogrammed default
  1219                           ;	Brown Out Reset Voltage bits
  1220                           ;	BORV = 0x3, unprogrammed default
  1221   300002                     	org	3145730
  1222   300002  1F                 	db	31
  1223                           
  1224                           ;Config register CONFIG2H @ 0x300003
  1225                           ;	unspecified, using default values
  1226                           ;	Watchdog Timer Enable bit
  1227                           ;	WDT = 0x1, unprogrammed default
  1228                           ;	Watchdog Timer Postscale Select bits
  1229                           ;	WDTPS = 0xF, unprogrammed default
  1230   300003                     	org	3145731
  1231   300003  1F                 	db	31
  1232                           
  1233                           ; Padding undefined space
  1234   300004                     	org	3145732
  1235   300004  FF                 	db	255
  1236                           
  1237                           ;Config register CONFIG3H @ 0x300005
  1238                           ;	unspecified, using default values
  1239                           ;	CCP2 MUX bit
  1240                           ;	CCP2MX = 0x1, unprogrammed default
  1241                           ;	PORTB A/D Enable bit
  1242                           ;	PBADEN = 0x1, unprogrammed default
  1243                           ;	Low-Power Timer1 Oscillator Enable bit
  1244                           ;	LPT1OSC = 0x0, unprogrammed default
  1245                           ;	MCLR Pin Enable bit
  1246                           ;	MCLRE = 0x1, unprogrammed default
  1247   300005                     	org	3145733
  1248   300005  83                 	db	131
  1249                           
  1250                           ;Config register CONFIG4L @ 0x300006
  1251                           ;	unspecified, using default values
  1252                           ;	Stack Full/Underflow Reset Enable bit
  1253                           ;	STVREN = 0x1, unprogrammed default
  1254                           ;	Single-Supply ICSP Enable bit
  1255                           ;	LVP = 0x1, unprogrammed default
  1256                           ;	Extended Instruction Set Enable bit
  1257                           ;	XINST = 0x0, unprogrammed default
  1258                           ;	Background Debugger Enable bit
  1259                           ;	DEBUG = 0x1, unprogrammed default
  1260   300006                     	org	3145734
  1261   300006  85                 	db	133
  1262                           
  1263                           ; Padding undefined space
  1264   300007                     	org	3145735
  1265   300007  FF                 	db	255
  1266                           
  1267                           ;Config register CONFIG5L @ 0x300008
  1268                           ;	unspecified, using default values
  1269                           ;	Code Protection bit
  1270                           ;	CP0 = 0x1, unprogrammed default
  1271                           ;	Code Protection bit
  1272                           ;	CP1 = 0x1, unprogrammed default
  1273                           ;	Code Protection bit
  1274                           ;	CP2 = 0x1, unprogrammed default
  1275                           ;	Code Protection bit
  1276                           ;	CP3 = 0x1, unprogrammed default
  1277   300008                     	org	3145736
  1278   300008  0F                 	db	15
  1279                           
  1280                           ;Config register CONFIG5H @ 0x300009
  1281                           ;	unspecified, using default values
  1282                           ;	Boot Block Code Protection bit
  1283                           ;	CPB = 0x1, unprogrammed default
  1284                           ;	Data EEPROM Code Protection bit
  1285                           ;	CPD = 0x1, unprogrammed default
  1286   300009                     	org	3145737
  1287   300009  C0                 	db	192
  1288                           
  1289                           ;Config register CONFIG6L @ 0x30000A
  1290                           ;	unspecified, using default values
  1291                           ;	Write Protection bit
  1292                           ;	WRT0 = 0x1, unprogrammed default
  1293                           ;	Write Protection bit
  1294                           ;	WRT1 = 0x1, unprogrammed default
  1295                           ;	Write Protection bit
  1296                           ;	WRT2 = 0x1, unprogrammed default
  1297                           ;	Write Protection bit
  1298                           ;	WRT3 = 0x1, unprogrammed default
  1299   30000A                     	org	3145738
  1300   30000A  0F                 	db	15
  1301                           
  1302                           ;Config register CONFIG6H @ 0x30000B
  1303                           ;	unspecified, using default values
  1304                           ;	Configuration Register Write Protection bit
  1305                           ;	WRTC = 0x1, unprogrammed default
  1306                           ;	Boot Block Write Protection bit
  1307                           ;	WRTB = 0x1, unprogrammed default
  1308                           ;	Data EEPROM Write Protection bit
  1309                           ;	WRTD = 0x1, unprogrammed default
  1310   30000B                     	org	3145739
  1311   30000B  E0                 	db	224
  1312                           
  1313                           ;Config register CONFIG7L @ 0x30000C
  1314                           ;	unspecified, using default values
  1315                           ;	Table Read Protection bit
  1316                           ;	EBTR0 = 0x1, unprogrammed default
  1317                           ;	Table Read Protection bit
  1318                           ;	EBTR1 = 0x1, unprogrammed default
  1319                           ;	Table Read Protection bit
  1320                           ;	EBTR2 = 0x1, unprogrammed default
  1321                           ;	Table Read Protection bit
  1322                           ;	EBTR3 = 0x1, unprogrammed default
  1323   30000C                     	org	3145740
  1324   30000C  0F                 	db	15
  1325                           
  1326                           ;Config register CONFIG7H @ 0x30000D
  1327                           ;	unspecified, using default values
  1328                           ;	Boot Block Table Read Protection bit
  1329                           ;	EBTRB = 0x1, unprogrammed default
  1330   30000D                     	org	3145741
  1331   30000D  40                 	db	64
  1332                           tosu	equ	0xFFF
  1333                           tosh	equ	0xFFE
  1334                           tosl	equ	0xFFD
  1335                           stkptr	equ	0xFFC
  1336                           pclatu	equ	0xFFB
  1337                           pclath	equ	0xFFA
  1338                           pcl	equ	0xFF9
  1339                           tblptru	equ	0xFF8
  1340                           tblptrh	equ	0xFF7
  1341                           tblptrl	equ	0xFF6
  1342                           tablat	equ	0xFF5
  1343                           prodh	equ	0xFF4
  1344                           prodl	equ	0xFF3
  1345                           indf0	equ	0xFEF
  1346                           postinc0	equ	0xFEE
  1347                           postdec0	equ	0xFED
  1348                           preinc0	equ	0xFEC
  1349                           plusw0	equ	0xFEB
  1350                           fsr0h	equ	0xFEA
  1351                           fsr0l	equ	0xFE9
  1352                           wreg	equ	0xFE8
  1353                           indf1	equ	0xFE7
  1354                           postinc1	equ	0xFE6
  1355                           postdec1	equ	0xFE5
  1356                           preinc1	equ	0xFE4
  1357                           plusw1	equ	0xFE3
  1358                           fsr1h	equ	0xFE2
  1359                           fsr1l	equ	0xFE1
  1360                           bsr	equ	0xFE0
  1361                           indf2	equ	0xFDF
  1362                           postinc2	equ	0xFDE
  1363                           postdec2	equ	0xFDD
  1364                           preinc2	equ	0xFDC
  1365                           plusw2	equ	0xFDB
  1366                           fsr2h	equ	0xFDA
  1367                           fsr2l	equ	0xFD9
  1368                           status	equ	0xFD8

Data Sizes:
    Strings     0
    Constant    0
    Data        31
    BSS         3
    Persistent  0
    Stack       0

Auto Spaces:
    Space          Size  Autos    Used
    COMRAM          127     20      54
    BANK0           128      0       0
    BANK1           256      0       0
    BANK2           256      0       0
    BANK3           256      0       0
    BANK4           256      0       0
    BANK5           256      0       0
    BANK6           256      0       0
    BANK7           256      0       0
    BANK8           256      0       0
    BANK9           256      0       0
    BANK10          256      0       0
    BANK11          256      0       0
    BANK12          256      0       0
    BANK13          256      0       0
    BANK14          256      0       0
    BANK15          128      0       0

Pointer List with Targets:

    relay_turn_off@relay	PTR struct . size(2) Largest target is 1
		 -> relay1(COMRAM[1]), 

    relay_turn_on@relay	PTR struct . size(2) Largest target is 1
		 -> relay1(COMRAM[1]), 

    relay_initialize@relay	PTR struct . size(2) Largest target is 1
		 -> relay1(COMRAM[1]), 

    gpio_pin_write_logic@pin	PTR const struct . size(2) Largest target is 1
		 -> relay_turn_off@relay_pin(COMRAM[1]), relay_turn_on@relay_pin(COMRAM[1]), relay_initialize@relay_pin(COMRAM[1]), 

    gpio_pin_directoin_initialize@pin	PTR const struct . size(2) Largest target is 1
		 -> relay_initialize@relay_pin(COMRAM[1]), 

    gpio_pin_initialize@pin	PTR const struct . size(2) Largest target is 1
		 -> relay_initialize@relay_pin(COMRAM[1]), 

    Port_Register	PTR volatile unsigned char [5] size(2) Largest target is 1
		 -> PORTE(BITBIGSFRll[1]), PORTD(BITBIGSFRll[1]), PORTC(BITBIGSFRll[1]), PORTB(BITBIGSFRll[1]), 
		 -> PORTA(BITBIGSFRll[1]), 

    Lat_Register	PTR volatile unsigned char [5] size(2) Largest target is 1
		 -> LATE(BITBIGSFRlh[1]), LATD(BITBIGSFRlh[1]), LATC(BITBIGSFRlh[1]), LATB(BITBIGSFRlh[1]), 
		 -> LATA(BITBIGSFRll[1]), 

    Tris_Register	PTR volatile unsigned char [5] size(2) Largest target is 1
		 -> TRISE(BITBIGSFRh[1]), TRISD(BITBIGSFRh[1]), TRISC(BITBIGSFRh[1]), TRISB(BITBIGSFRh[1]), 
		 -> TRISA(BITBIGSFRll[1]), 


Critical Paths under _main in COMRAM

    _main->_relay_initialize
    _relay_turn_on->_gpio_pin_write_logic
    _relay_turn_off->_gpio_pin_write_logic
    _relay_initialize->_gpio_pin_initialize
    _gpio_pin_initialize->_gpio_pin_write_logic

Critical Paths under _main in BANK0

    None.

Critical Paths under _main in BANK1

    None.

Critical Paths under _main in BANK2

    None.

Critical Paths under _main in BANK3

    None.

Critical Paths under _main in BANK4

    None.

Critical Paths under _main in BANK5

    None.

Critical Paths under _main in BANK6

    None.

Critical Paths under _main in BANK7

    None.

Critical Paths under _main in BANK8

    None.

Critical Paths under _main in BANK9

    None.

Critical Paths under _main in BANK10

    None.

Critical Paths under _main in BANK11

    None.

Critical Paths under _main in BANK12

    None.

Critical Paths under _main in BANK13

    None.

Critical Paths under _main in BANK14

    None.

Critical Paths under _main in BANK15

    None.

Call Graph Tables:

 ---------------------------------------------------------------------------------
 (Depth) Function   	        Calls       Base Space   Used Autos Params    Refs
 ---------------------------------------------------------------------------------
 (0) _main                                                 3     3      0    2944
                                             18 COMRAM     2     2      0
                   _relay_initialize
                     _relay_turn_off
                      _relay_turn_on
 ---------------------------------------------------------------------------------
 (1) _relay_turn_on                                        5     3      2     836
                                             10 COMRAM     5     3      2
               _gpio_pin_write_logic
 ---------------------------------------------------------------------------------
 (1) _relay_turn_off                                       5     3      2     836
                                             10 COMRAM     5     3      2
               _gpio_pin_write_logic
 ---------------------------------------------------------------------------------
 (1) _relay_initialize                                     5     3      2    1268
                                             13 COMRAM     5     3      2
                _gpio_pin_initialize
 ---------------------------------------------------------------------------------
 (2) _gpio_pin_initialize                                  3     1      2    1041
                                             10 COMRAM     3     1      2
      _gpio_pin_directoin_initialize
               _gpio_pin_write_logic
 ---------------------------------------------------------------------------------
 (2) _gpio_pin_write_logic                                10     7      3     615
                                              0 COMRAM    10     7      3
 ---------------------------------------------------------------------------------
 (3) _gpio_pin_directoin_initialize                        9     7      2     235
                                              0 COMRAM     9     7      2
 ---------------------------------------------------------------------------------
 Estimated maximum stack depth 3
 ---------------------------------------------------------------------------------

 Call Graph Graphs:

 _main (ROOT)
   _relay_initialize
     _gpio_pin_initialize
       _gpio_pin_directoin_initialize
       _gpio_pin_write_logic
   _relay_turn_off
     _gpio_pin_write_logic
   _relay_turn_on
     _gpio_pin_write_logic

 Address spaces:
Name               Size   Autos  Total    Cost      Usage
BIGRAM             F7F      0       0      40        0.0%
EEDATA             400      0       0       0        0.0%
BITBANK14          100      0       0      32        0.0%
BANK14             100      0       0      33        0.0%
BITBANK13          100      0       0      30        0.0%
BANK13             100      0       0      31        0.0%
BITBANK12          100      0       0      28        0.0%
BANK12             100      0       0      29        0.0%
BITBANK11          100      0       0      26        0.0%
BANK11             100      0       0      27        0.0%
BITBANK10          100      0       0      24        0.0%
BANK10             100      0       0      25        0.0%
BITBANK9           100      0       0      22        0.0%
BANK9              100      0       0      23        0.0%
BITBANK8           100      0       0      20        0.0%
BANK8              100      0       0      21        0.0%
BITBANK7           100      0       0      18        0.0%
BANK7              100      0       0      19        0.0%
BITBANK6           100      0       0      16        0.0%
BANK6              100      0       0      17        0.0%
BITBANK5           100      0       0      14        0.0%
BANK5              100      0       0      15        0.0%
BITBANK4           100      0       0      12        0.0%
BANK4              100      0       0      13        0.0%
BITBANK3           100      0       0      10        0.0%
BANK3              100      0       0      11        0.0%
BITBANK2           100      0       0       8        0.0%
BANK2              100      0       0       9        0.0%
BITBANK1           100      0       0       6        0.0%
BANK1              100      0       0       7        0.0%
BITBANK15           80      0       0      34        0.0%
BANK15              80      0       0      35        0.0%
BITBANK0            80      0       0       4        0.0%
BANK0               80      0       0       5        0.0%
BITCOMRAM           7F      0       0       0        0.0%
COMRAM              7F     14      36       1       42.5%
BITBIGSFRh          69      0       0      36        0.0%
BITBIGSFRlh          4      0       0      37        0.0%
BITBIGSFRll          4      0       0      38        0.0%
BIGSFR               0      0       0     200        0.0%
BITSFR               0      0       0     200        0.0%
SFR                  0      0       0     200        0.0%
STACK                0      0       0       2        0.0%
NULL                 0      0       0       0        0.0%
ABS                  0      0      36      39        0.0%
DATA                 0      0      36       3        0.0%
CODE                 0      0       0       0        0.0%


Microchip Technology PIC18 Macro Assembler V2.41 build 20230208172133 
Symbol Table                                                                                   Wed Jan 31 03:36:56 2024

                                   l45 FBEA                                     l54 FFFE  
                                   l70 FED8                    relay_initialize@ret 0030  
                                  l132 FC5E                                    l150 FD46  
                                  l143 FDCA                                    l136 FCC2  
                                  l146 FCDE                                    l139 FD62  
                                  u320 FFD2                                    u304 FF10  
                                  u400 FD5A                                    u321 FFCC  
                                  u305 FF0C                                    u401 FD56  
                                  u330 FFD4                                    u314 FF76  
                                  u315 FF72                                    u340 FDDE  
                                  u420 FCD6                                    u341 FDDA  
                                  u421 FCD2                                    u415 FDB0  
                                  u417 FDB2                                    u290 FEEC  
                                  u354 FE02                                    u370 FBB0  
                                  u291 FEE8                                    u355 FDFE  
                                  u371 FBAC                                    u435 FD2C  
                                  u364 FE68                                    u380 FC56  
                                  u365 FE64                                    u381 FC52  
                                  u437 FD2E                                    u447 FC0E  
                                  u457 FC30                                    u395 FCAC  
                                  u397 FCAE                                    prod 0FF3  
                                  wreg 0FE8                  relay_initialize@F2883 0036  
                                 l1100 FDCC                                   l1102 FDDE  
                                 l1112 FEA4                                   l1104 FDE2  
                                 l1200 FBEC                                   l1106 FE40  
                                 l1114 FEAC                                   l1130 FBB8  
                                 l1202 FBF8                                   l1220 FFE6  
                                 l1108 FE48                                   l1116 FED6  
                                 l1132 FBE4                                   l1124 FB9E  
                                 l1140 FC44                                   l1204 FC04  
                                 l1134 FBE8                                   l1126 FB9E  
                                 l1150 FCB0                                   l1142 FC56  
                                 l1206 FC1A                                   l1080 FF4E  
                                 l1072 FEDA                                   l1128 FBB0  
                                 l1152 FCBC                                   l1144 FC62  
                                 l1160 FD48                                   l1208 FC26  
                                 l1082 FF56                                   l1090 FFFC  
                                 l1074 FEDA                                   l1218 FEC0  
                                 l1146 FC9C                                   l1154 FCC0  
                                 l1138 FC44                                   l1170 FDB4  
                                 l1162 FD5A                                   l1076 FEEC  
                                 l1148 FCAE                                   l1180 FCC4  
                                 l1172 FDC4                                   l1164 FD66  
                                 l1086 FFB2                                   l1078 FEF0  
                                 l1190 FD30                                   l1182 FCD6  
                                 l1166 FDA0                                   l1174 FDC8  
                                 l1158 FD48                                   l1088 FFBA  
                                 l1192 FD40                                   l1184 FCE2  
                                 l1168 FDB2                                   l1098 FDCC  
                                 l1186 FD1C                                   l1194 FD44  
                                 l1178 FCC4                                   l1188 FD2E  
                                 l1198 FBEC                                   _LATA 0F89  
                                 _LATB 0F8A                                   _LATC 0F8B  
                                 _LATD 0F8C                                   _LATE 0F8D  
                                 _main FBEC                                   fsr2h 0FDA  
                                 indf2 0FDF                                   fsr1l 0FE1  
                relay_initialize@relay 002D                                   fsr2l 0FD9  
                                 prodl 0FF3                                   start 0000  
                         ___param_bank 0000                   _gpio_pin_write_logic FDCC  
                                ?_main 0020                    relay_turn_off@F2893 0034  
                                _PORTA 0F80                                  _PORTB 0F81  
                                _PORTC 0F82                                  _PORTD 0F83  
                                _PORTE 0F84                                  _TRISA 0F92  
                                _TRISB 0F93                                  _TRISC 0F94  
                                _TRISD 0F95                                  _TRISE 0F96  
                                tablat 0FF5                    relay_turn_off@relay 002A  
                                status 0FD8                        __initialization FB6E  
                __end_of_relay_turn_on FDCC                           __end_of_main FC44  
                ?_gpio_pin_write_logic 0020                                 ??_main 0032  
                        __activetblptr 0002                                 _relay1 001F  
                       _relay_turn_off FCC4                                 isa$std 0001  
                         __pdataCOMRAM 0001                                 tblptrh 0FF7  
                               tblptrl 0FF6                                 tblptru 0FF8  
                    ?_relay_initialize 002D       gpio_pin_directoin_initialize@pin 0020  
     gpio_pin_directoin_initialize@ret 0028                     ??_relay_initialize 002F  
                           __accesstop 0080                __end_of__initialization FB94  
                        ___rparam_used 0001                 ??_gpio_pin_write_logic 0023  
                       __pcstackCOMRAM 0020                 __end_of_relay_turn_off FD48  
                      ?_relay_turn_off 002A                                __Hparam 0000  
                              __Lparam 0000                    _gpio_pin_initialize FB9E  
                              __pcinit FB6E                                __ramtop 1000  
                              __ptext0 FBEC                                __ptext1 FD48  
                              __ptext2 FCC4                                __ptext3 FC44  
                              __ptext4 FB9E                                __ptext5 FDCC  
                              __ptext6 FEDA                           _Lat_Register 000B  
                 ?_gpio_pin_initialize 002A                   end_of_initialization FB94  
                        __Lmediumconst 0000              relay_initialize@relay_pin 0031  
                              postdec1 0FE5                                postdec2 0FDD  
                              postinc0 0FEE                                postinc2 0FDE  
                ??_gpio_pin_initialize 002C                     relay_turn_on@F2888 0035  
       ?_gpio_pin_directoin_initialize 0020                          __pidataCOMRAM FB4F  
                   relay_turn_on@relay 002A                    start_initialization FB6E  
                     ??_relay_turn_off 002C                          _relay_turn_on FD48  
                          __pbssCOMRAM 0034                         ?_relay_turn_on 002A  
            gpio_pin_write_logic@logic 0022                       _relay_initialize FC44  
                        _Port_Register 0001                 gpio_pin_initialize@pin 002A  
               gpio_pin_initialize@ret 002C                gpio_pin_write_logic@pin 0020  
              gpio_pin_write_logic@ret 0029                              copy_data0 FB82  
                    relay_turn_off@ret 002D                               __Hrparam 0000  
                      ??_relay_turn_on 002C                               __Lrparam 0000  
          __end_of_gpio_pin_initialize FBEC        ??_gpio_pin_directoin_initialize 0022  
              relay_turn_off@relay_pin 002E                               isa$xinst 0000  
                     relay_turn_on@ret 002D           __end_of_gpio_pin_write_logic FEDA  
               relay_turn_on@relay_pin 002E                          _Tris_Register 0015  
             __end_of_relay_initialize FCC4  __end_of_gpio_pin_directoin_initialize 0000  
        _gpio_pin_directoin_initialize FEDA  
